#
# A fatal error has been detected by the Java Runtime Environment:
#
#  EXCEPTION_ACCESS_VIOLATION (0xc0000005) at pc=0x00007ffb02f09edb, pid=21128, tid=8576
#
# JRE version: Java(TM) SE Runtime Environment (16.0+36) (build 16+36-2231)
# Java VM: Java HotSpot(TM) 64-Bit Server VM (16+36-2231, mixed mode, sharing, tiered, compressed oops, g1 gc, windows-amd64)
# Problematic frame:
# C  [atio6axx.dll+0x1719edb]
#
# No core dump will be written. Minidumps are not enabled by default on client versions of Windows
#
# If you would like to submit a bug report, please visit:
#   https://bugreport.java.com/bugreport/crash.jsp
# The crash happened outside the Java Virtual Machine in native code.
# See problematic frame for where to report the bug.
#

---------------  S U M M A R Y ------------

Command Line: -Dfile.encoding=UTF-8 -Djava.library.path=C:\JOGLwin\lib64 Maze.MazeGameMainMethod

Host: AMD Ryzen 5 5600H with Radeon Graphics         , 12 cores, 5G,  Windows 10 , 64 bit Build 19041 (10.0.19041.2364)
Time: Mon Dec 26 16:23:24 2022 Egypt Standard Time elapsed time: 36.213181 seconds (0d 0h 0m 36s)

---------------  T H R E A D  ---------------

Current thread (0x0000024557a2e400):  JavaThread "AWT-EventQueue-0" [_thread_in_native, id=8576, stack(0x0000008a23700000,0x0000008a23800000)]

Stack: [0x0000008a23700000,0x0000008a23800000],  sp=0x0000008a237fcc80,  free space=1011k
Native frames: (J=compiled Java code, j=interpreted, Vv=VM code, C=native code)
C  [atio6axx.dll+0x1719edb]

Java frames: (J=compiled Java code, j=interpreted, Vv=VM code)
j  com.sun.opengl.impl.windows.WGL.SwapBuffers(J)Z+0
j  com.sun.opengl.impl.windows.WindowsOnscreenGLDrawable.swapBuffers()V+38
j  com.sun.opengl.impl.GLDrawableHelper.invokeGL(Ljavax/media/opengl/GLDrawable;Ljavax/media/opengl/GLContext;Ljava/lang/Runnable;Ljava/lang/Runnable;)V+435
j  javax.media.opengl.GLCanvas.maybeDoSingleThreadedWorkaround(Ljava/lang/Runnable;Ljava/lang/Runnable;)V+36
j  javax.media.opengl.GLCanvas.display()V+9
j  javax.media.opengl.GLCanvas.paint(Ljava/awt/Graphics;)V+125
j  javax.media.opengl.GLCanvas.update(Ljava/awt/Graphics;)V+2
j  sun.awt.RepaintArea.updateComponent(Ljava/awt/Component;Ljava/awt/Graphics;)V+6 java.desktop@16
j  sun.awt.RepaintArea.paint(Ljava/lang/Object;Z)V+263 java.desktop@16
J 1060 c1 sun.awt.windows.WComponentPeer.handleEvent(Ljava/awt/AWTEvent;)V java.desktop@16 (173 bytes) @ 0x000002453ce3c564 [0x000002453ce3b580+0x0000000000000fe4]
J 998 c1 java.awt.Component.dispatchEventImpl(Ljava/awt/AWTEvent;)V java.desktop@16 (777 bytes) @ 0x000002453ce0610c [0x000002453ce01060+0x00000000000050ac]
J 1048 c1 java.awt.EventQueue.dispatchEventImpl(Ljava/awt/AWTEvent;Ljava/lang/Object;)V java.desktop@16 (136 bytes) @ 0x000002453ce32d74 [0x000002453ce32880+0x00000000000004f4]
J 1047 c1 java.awt.EventQueue$4.run()Ljava/lang/Void; java.desktop@16 (60 bytes) @ 0x000002453ce3212c [0x000002453ce32000+0x000000000000012c]
J 964 c1 java.awt.EventQueue$4.run()Ljava/lang/Object; java.desktop@16 (5 bytes) @ 0x000002453cdf1844 [0x000002453cdf17c0+0x0000000000000084]
J 920 c1 java.security.ProtectionDomain$JavaSecurityAccessImpl.doIntersectionPrivilege(Ljava/security/PrivilegedAction;Ljava/security/AccessControlContext;Ljava/security/AccessControlContext;)Ljava/lang/Object; java.base@16 (22 bytes) @ 0x000002453cdde8d4 [0x000002453cdde640+0x0000000000000294]
J 962 c1 java.awt.EventQueue.dispatchEvent(Ljava/awt/AWTEvent;)V java.desktop@16 (80 bytes) @ 0x000002453cdf034c [0x000002453cdef860+0x0000000000000aec]
J 973 c1 java.awt.EventDispatchThread.pumpOneEventForFilters(I)V java.desktop@16 (113 bytes) @ 0x000002453cdf803c [0x000002453cdf79a0+0x000000000000069c]
j  java.awt.EventDispatchThread.pumpEventsForFilter(ILjava/awt/Conditional;Ljava/awt/EventFilter;)V+35 java.desktop@16
j  java.awt.EventDispatchThread.pumpEventsForHierarchy(ILjava/awt/Conditional;Ljava/awt/Component;)V+11 java.desktop@16
j  java.awt.EventDispatchThread.pumpEvents(ILjava/awt/Conditional;)V+4 java.desktop@16
j  java.awt.EventDispatchThread.pumpEvents(Ljava/awt/Conditional;)V+3 java.desktop@16
j  java.awt.EventDispatchThread.run()V+9 java.desktop@16
v  ~StubRoutines::call_stub

siginfo: EXCEPTION_ACCESS_VIOLATION (0xc0000005), reading address 0x0000000000000040


Register to memory mapping:

RIP=0x00007ffb02f09edb atio6axx.dll
RAX=0x00000245f56d8618 points into unknown readable memory: 0x00007ffb02ee3c80 | 80 3c ee 02 fb 7f 00 00
RBX=0x0 is NULL
RCX=0x0 is NULL
RDX=0x0 is NULL
RSP=0x0000008a237fcc80 is pointing into the stack for thread: 0x0000024557a2e400
RBP=0x00000245f56d8170 points into unknown readable memory: 0x00007ffb03f86710 | 10 67 f8 03 fb 7f 00 00
RSI=0x0000024606666300 points into unknown readable memory: 0x00007ffb03f86628 | 28 66 f8 03 fb 7f 00 00
RDI=0x0 is NULL
R8 =0x0 is NULL
R9 =0x0 is NULL
R10=0x00007ffb03f89bd0 atio6axx.dll
R11=0x0 is NULL
R12=0x0000000000000003 is an unknown value
R13=0x00000245fda93e00 points into unknown readable memory: 0x00007ffb03f89bd0 | d0 9b f8 03 fb 7f 00 00
R14=0x0 is NULL
R15=0x0 is NULL


Registers:
RAX=0x00000245f56d8618, RBX=0x0000000000000000, RCX=0x0000000000000000, RDX=0x0000000000000000
RSP=0x0000008a237fcc80, RBP=0x00000245f56d8170, RSI=0x0000024606666300, RDI=0x0000000000000000
R8 =0x0000000000000000, R9 =0x0000000000000000, R10=0x00007ffb03f89bd0, R11=0x0000000000000000
R12=0x0000000000000003, R13=0x00000245fda93e00, R14=0x0000000000000000, R15=0x0000000000000000
RIP=0x00007ffb02f09edb, EFLAGS=0x0000000000010246

Top of Stack: (sp=0x0000008a237fcc80)
0x0000008a237fcc80:   000000000000000c 000002455a102f40
0x0000008a237fcc90:   0000024500000000 0000024532d61200
0x0000008a237fcca0:   00000245fda93e00 00007ffb02f89b6e
0x0000008a237fccb0:   00000245fda93e00 0000024532e50000
0x0000008a237fccc0:   0000000000000130 0000024532d60cc0
0x0000008a237fccd0:   0000000000000000 0000000000000000
0x0000008a237fcce0:   0000000000000000 0000000000000130
0x0000008a237fccf0:   0000000000000128 0000000000000008
0x0000008a237fcd00:   0000024532e50000 0000008a237fcdc9
0x0000008a237fcd10:   0000000000000013 00007ffba37fb3c7
0x0000008a237fcd20:   0000024532d60000 0000000000000000
0x0000008a237fcd30:   0000000000000000 0000024606666300
0x0000008a237fcd40:   0000000000000000 00007ffb02f38f5e
0x0000008a237fcd50:   00000245fda93e00 0000008a237fcf00
0x0000008a237fcd60:   0000000000000000 00000245fc28ce60
0x0000008a237fcd70:   0000000000001001 00007ffb02f3919b 

Instructions: (pc=0x00007ffb02f09edb)
0x00007ffb02f09ddb:   87 60 05 00 00 44 89 a8 cc 11 00 00 48 8b 87 60
0x00007ffb02f09deb:   05 00 00 44 89 a8 d0 11 00 00 48 8b 87 60 05 00
0x00007ffb02f09dfb:   00 44 89 a8 64 12 00 00 48 8b 87 60 05 00 00 c7
0x00007ffb02f09e0b:   80 d4 11 00 00 fe ff ff ff 48 8b 87 60 05 00 00
0x00007ffb02f09e1b:   c7 80 d8 11 00 00 ff ff ff ff 48 8b 87 60 05 00
0x00007ffb02f09e2b:   00 c7 80 dc 11 00 00 ff ff ff ff 48 8b 87 60 05
0x00007ffb02f09e3b:   00 00 4c 89 a8 e0 11 00 00 48 8b 87 60 05 00 00
0x00007ffb02f09e4b:   44 89 a8 e8 11 00 00 48 8b 87 60 05 00 00 44 89
0x00007ffb02f09e5b:   a8 ec 11 00 00 48 8b 8f 60 05 00 00 0f 11 81 f0
0x00007ffb02f09e6b:   11 00 00 0f 11 81 00 12 00 00 0f 11 81 10 12 00
0x00007ffb02f09e7b:   00 66 0f 7e 81 20 12 00 00 48 8b 87 60 05 00 00
0x00007ffb02f09e8b:   0f 11 80 24 12 00 00 0f 11 80 34 12 00 00 48 8b
0x00007ffb02f09e9b:   87 60 05 00 00 0f 11 80 44 12 00 00 0f 11 80 54
0x00007ffb02f09eab:   12 00 00 44 89 ab 68 01 00 00 48 8b 47 40 c6 80
0x00007ffb02f09ebb:   52 01 00 00 00 48 83 c4 40 41 5d 5f 5b c3 cc cc
0x00007ffb02f09ecb:   cc cc cc cc cc 40 53 48 83 ec 20 48 8b d9 33 d2
0x00007ffb02f09edb:   48 8b 49 40 48 8b 01 ff 50 18 48 8b 43 40 33 c9
0x00007ffb02f09eeb:   c7 80 54 01 00 00 01 00 00 00 48 8b 83 48 04 00
0x00007ffb02f09efb:   00 48 89 8b 30 04 00 00 48 89 8b 38 04 00 00 48
0x00007ffb02f09f0b:   89 8b 48 04 00 00 48 89 8b 40 04 00 00 48 83 c4
0x00007ffb02f09f1b:   20 5b c3 cc cc 40 53 55 56 57 48 83 ec 28 41 8b
0x00007ffb02f09f2b:   80 a0 00 00 00 33 ed 48 8b 74 24 70 49 8b f8 4c
0x00007ffb02f09f3b:   89 64 24 50 48 8b da 4c 89 6c 24 58 4c 8b e9 4c
0x00007ffb02f09f4b:   89 74 24 60 4d 8b f1 44 8b e5 85 c0 0f 84 d7 01
0x00007ffb02f09f5b:   00 00 4c 89 7c 24 20 0f 1f 40 00 66 66 0f 1f 84
0x00007ffb02f09f6b:   00 00 00 00 00 45 8b fc 42 8b 4c bf 70 4a 8b ac
0x00007ffb02f09f7b:   fe 80 00 00 00 85 c9 0f 84 f0 00 00 00 83 e9 01
0x00007ffb02f09f8b:   74 7f 83 f9 02 0f 85 68 01 00 00 45 8b 85 90 10
0x00007ffb02f09f9b:   00 00 45 85 c0 74 2b 8b 83 d0 00 00 00 33 d2 2b
0x00007ffb02f09fab:   83 c0 00 00 00 83 c0 10 41 f7 f0 85 d2 74 13 48
0x00007ffb02f09fbb:   8b 03 44 2b c2 8d 51 01 41 c1 e8 02 48 8b cb ff
0x00007ffb02f09fcb:   50 20 48 8b 93 d0 00 00 00 48 8d 42 10 48 89 83 


Stack slot to memory mapping:
stack at sp + 0 slots: 0x000000000000000c is an unknown value
stack at sp + 1 slots: 0x000002455a102f40 points into unknown readable memory: 0x8000228000000000 | 00 00 00 00 80 22 00 80
stack at sp + 2 slots: 0x0000024500000000 points into unknown readable memory: 0x0000000000000000 | 00 00 00 00 00 00 00 00
stack at sp + 3 slots: 0x0000024532d61200 points into unknown readable memory: 0x0000024532d60cc0 | c0 0c d6 32 45 02 00 00
stack at sp + 4 slots: 0x00000245fda93e00 points into unknown readable memory: 0x00007ffb03f89bd0 | d0 9b f8 03 fb 7f 00 00
stack at sp + 5 slots: 0x00007ffb02f89b6e atio6axx.dll
stack at sp + 6 slots: 0x00000245fda93e00 points into unknown readable memory: 0x00007ffb03f89bd0 | d0 9b f8 03 fb 7f 00 00
stack at sp + 7 slots: 0x0000024532e50000 points into unknown readable memory: 0x0000000000000000 | 00 00 00 00 00 00 00 00


---------------  P R O C E S S  ---------------

Threads class SMR info:
_java_thread_list=0x00000245ef7fb730, length=25, elements={
0x0000024551fc7450, 0x0000024551fc8020, 0x0000024551fd5500, 0x0000024551fd5e10,
0x0000024551fd6720, 0x0000024551fd7030, 0x0000024551fdb170, 0x0000024551fe5ae0,
0x0000024551fe8830, 0x0000024552c88230, 0x0000024552c96ea0, 0x0000024552e86c90,
0x0000024552e871b0, 0x0000024552ecc060, 0x0000024557a2e400, 0x0000024557b22010,
0x0000024557b69020, 0x0000024557c0a8d0, 0x000002455a117fc0, 0x000002455a119a50,
0x0000024510989690, 0x000002458433fdd0, 0x00000245c0c47ae0, 0x00000245c0c48ad0,
0x00000245ef7e7fb0
}

Java Threads: ( => current thread )
  0x0000024551fc7450 JavaThread "Reference Handler" daemon [_thread_blocked, id=11316, stack(0x0000008a21d00000,0x0000008a21e00000)]
  0x0000024551fc8020 JavaThread "Finalizer" daemon [_thread_blocked, id=8532, stack(0x0000008a21e00000,0x0000008a21f00000)]
  0x0000024551fd5500 JavaThread "Signal Dispatcher" daemon [_thread_blocked, id=4220, stack(0x0000008a21f00000,0x0000008a22000000)]
  0x0000024551fd5e10 JavaThread "Attach Listener" daemon [_thread_blocked, id=9076, stack(0x0000008a22000000,0x0000008a22100000)]
  0x0000024551fd6720 JavaThread "Service Thread" daemon [_thread_blocked, id=20172, stack(0x0000008a22100000,0x0000008a22200000)]
  0x0000024551fd7030 JavaThread "Monitor Deflation Thread" daemon [_thread_blocked, id=6692, stack(0x0000008a22200000,0x0000008a22300000)]
  0x0000024551fdb170 JavaThread "C2 CompilerThread0" daemon [_thread_blocked, id=13952, stack(0x0000008a22300000,0x0000008a22400000)]
  0x0000024551fe5ae0 JavaThread "C1 CompilerThread0" daemon [_thread_blocked, id=21216, stack(0x0000008a22400000,0x0000008a22500000)]
  0x0000024551fe8830 JavaThread "Sweeper thread" daemon [_thread_blocked, id=9680, stack(0x0000008a22500000,0x0000008a22600000)]
  0x0000024552c88230 JavaThread "Notification Thread" daemon [_thread_blocked, id=9156, stack(0x0000008a22600000,0x0000008a22700000)]
  0x0000024552c96ea0 JavaThread "Common-Cleaner" daemon [_thread_blocked, id=19668, stack(0x0000008a22800000,0x0000008a22900000)]
  0x0000024552e86c90 JavaThread "Java2D Disposer" daemon [_thread_blocked, id=28120, stack(0x0000008a22900000,0x0000008a22a00000)]
  0x0000024552e871b0 JavaThread "AWT-Shutdown" [_thread_blocked, id=19776, stack(0x0000008a22a00000,0x0000008a22b00000)]
  0x0000024552ecc060 JavaThread "AWT-Windows" daemon [_thread_in_native, id=17556, stack(0x0000008a22b00000,0x0000008a22c00000)]
=>0x0000024557a2e400 JavaThread "AWT-EventQueue-0" [_thread_in_native, id=8576, stack(0x0000008a23700000,0x0000008a23800000)]
  0x0000024557b22010 JavaThread "D3D Screen Updater" daemon [_thread_blocked, id=26672, stack(0x0000008a23900000,0x0000008a23a00000)]
  0x0000024557b69020 JavaThread "TimerQueue" daemon [_thread_blocked, id=7324, stack(0x0000008a23a00000,0x0000008a23b00000)]
  0x0000024557c0a8d0 JavaThread "Java Sound Event Dispatcher" daemon [_thread_blocked, id=18856, stack(0x0000008a23d00000,0x0000008a23e00000)]
  0x000002455a117fc0 JavaThread "Direct Clip" daemon [_thread_blocked, id=29540, stack(0x0000008a24000000,0x0000008a24100000)]
  0x000002455a119a50 JavaThread "DestroyJavaVM" [_thread_blocked, id=24884, stack(0x0000008a21600000,0x0000008a21700000)]
  0x0000024510989690 JavaThread "Direct Clip" daemon [_thread_blocked, id=8040, stack(0x0000008a29400000,0x0000008a29500000)]
  0x000002458433fdd0 JavaThread "Direct Clip" daemon [_thread_blocked, id=30228, stack(0x0000008a2ab00000,0x0000008a2ac00000)]
  0x00000245c0c47ae0 JavaThread "Direct Clip" daemon [_thread_blocked, id=24668, stack(0x0000008a2f400000,0x0000008a2f500000)]
  0x00000245c0c48ad0 JavaThread "Direct Clip" daemon [_thread_blocked, id=14164, stack(0x0000008a30f00000,0x0000008a31000000)]
  0x00000245ef7e7fb0 JavaThread "Direct Clip" daemon [_thread_blocked, id=1316, stack(0x0000008a31c00000,0x0000008a31d00000)]

Other Threads:
  0x0000024551fbf9d0 VMThread "VM Thread" [stack: 0x0000008a21c00000,0x0000008a21d00000] [id=24224]
  0x0000024552c8cb80 WatcherThread [stack: 0x0000008a22700000,0x0000008a22800000] [id=20936]
  0x0000024534fb1130 GCTaskThread "GC Thread#0" [stack: 0x0000008a21700000,0x0000008a21800000] [id=14140]
  0x0000024534fbddf0 ConcurrentGCThread "G1 Main Marker" [stack: 0x0000008a21800000,0x0000008a21900000] [id=24724]
  0x0000024534fbf8f0 ConcurrentGCThread "G1 Conc#0" [stack: 0x0000008a21900000,0x0000008a21a00000] [id=18964]
  0x000002453503da00 ConcurrentGCThread "G1 Refine#0" [stack: 0x0000008a21a00000,0x0000008a21b00000] [id=15168]
  0x0000024535041330 ConcurrentGCThread "G1 Service" [stack: 0x0000008a21b00000,0x0000008a21c00000] [id=10156]

Threads with active compile tasks:

VM state: not at safepoint (normal execution)

VM Mutex/Monitor currently owned by a thread: None

Heap address: 0x00000000a2400000, size: 1500 MB, Compressed Oops mode: 32-bit
CDS archive(s) mapped at: [0x0000000800000000-0x0000000800bb0000-0x0000000800bb0000), size 12255232, SharedBaseAddress: 0x0000000800000000, ArchiveRelocationMode: 0.
Compressed class space mapped at: 0x0000000800c00000-0x0000000840c00000, reserved size: 1073741824
Narrow klass base: 0x0000000800000000, Narrow klass shift: 3, Narrow klass range: 0x100000000

GC Precious Log:
 CPUs: 12 total, 12 available
 Memory: 5996M
 Large Page Support: Disabled
 NUMA Support: Disabled
 Compressed Oops: Enabled (32-bit)
 Heap Region Size: 1M
 Heap Min Capacity: 8M
 Heap Initial Capacity: 94M
 Heap Max Capacity: 1500M
 Pre-touch: Disabled
 Parallel Workers: 10
 Concurrent Workers: 3
 Concurrent Refinement Workers: 10
 Periodic GC: Disabled

Heap:
 garbage-first heap   total 96256K, used 23552K [0x00000000a2400000, 0x0000000100000000)
  region size 1024K, 14 young (14336K), 0 survivors (0K)
 Metaspace       used 11607K, committed 11840K, reserved 1064960K
  class space    used 1227K, committed 1344K, reserved 1048576K

Heap Regions: E=young(eden), S=young(survivor), O=old, HS=humongous(starts), HC=humongous(continues), CS=collection set, F=free, OA=open archive, CA=closed archive, TAMS=top-at-mark-start (previous, next)
|   0|0x00000000a2400000, 0x00000000a2500000, 0x00000000a2500000|100%|HS|  |TAMS 0x00000000a2400000, 0x00000000a2400000| Complete 
|   1|0x00000000a2500000, 0x00000000a2600000, 0x00000000a2600000|100%|HC|  |TAMS 0x00000000a2500000, 0x00000000a2500000| Complete 
|   2|0x00000000a2600000, 0x00000000a2700000, 0x00000000a2700000|100%|HC|  |TAMS 0x00000000a2600000, 0x00000000a2600000| Complete 
|   3|0x00000000a2700000, 0x00000000a2800000, 0x00000000a2800000|100%|HC|  |TAMS 0x00000000a2700000, 0x00000000a2700000| Complete 
|   4|0x00000000a2800000, 0x00000000a2900000, 0x00000000a2900000|100%|HC|  |TAMS 0x00000000a2800000, 0x00000000a2800000| Complete 
|   5|0x00000000a2900000, 0x00000000a2a00000, 0x00000000a2a00000|100%|HC|  |TAMS 0x00000000a2900000, 0x00000000a2900000| Complete 
|   6|0x00000000a2a00000, 0x00000000a2b00000, 0x00000000a2b00000|100%|HC|  |TAMS 0x00000000a2a00000, 0x00000000a2a00000| Complete 
|   7|0x00000000a2b00000, 0x00000000a2c00000, 0x00000000a2c00000|100%|HC|  |TAMS 0x00000000a2b00000, 0x00000000a2b00000| Complete 
|   8|0x00000000a2c00000, 0x00000000a2d00000, 0x00000000a2d00000|100%|HC|  |TAMS 0x00000000a2c00000, 0x00000000a2c00000| Complete 
|   9|0x00000000a2d00000, 0x00000000a2e00000, 0x00000000a2e00000|100%|HC|  |TAMS 0x00000000a2d00000, 0x00000000a2d00000| Complete 
|  10|0x00000000a2e00000, 0x00000000a2f00000, 0x00000000a2f00000|100%|HC|  |TAMS 0x00000000a2e00000, 0x00000000a2e00000| Complete 
|  11|0x00000000a2f00000, 0x00000000a2f00000, 0x00000000a3000000|  0%| F|  |TAMS 0x00000000a2f00000, 0x00000000a2f00000| Untracked 
|  12|0x00000000a3000000, 0x00000000a3000000, 0x00000000a3100000|  0%| F|  |TAMS 0x00000000a3000000, 0x00000000a3000000| Untracked 
|  13|0x00000000a3100000, 0x00000000a3100000, 0x00000000a3200000|  0%| F|  |TAMS 0x00000000a3100000, 0x00000000a3100000| Untracked 
|  14|0x00000000a3200000, 0x00000000a3200000, 0x00000000a3300000|  0%| F|  |TAMS 0x00000000a3200000, 0x00000000a3200000| Untracked 
|  15|0x00000000a3300000, 0x00000000a3300000, 0x00000000a3400000|  0%| F|  |TAMS 0x00000000a3300000, 0x00000000a3300000| Untracked 
|  16|0x00000000a3400000, 0x00000000a3400000, 0x00000000a3500000|  0%| F|  |TAMS 0x00000000a3400000, 0x00000000a3400000| Untracked 
|  17|0x00000000a3500000, 0x00000000a3500000, 0x00000000a3600000|  0%| F|  |TAMS 0x00000000a3500000, 0x00000000a3500000| Untracked 
|  18|0x00000000a3600000, 0x00000000a3600000, 0x00000000a3700000|  0%| F|  |TAMS 0x00000000a3600000, 0x00000000a3600000| Untracked 
|  19|0x00000000a3700000, 0x00000000a3700000, 0x00000000a3800000|  0%| F|  |TAMS 0x00000000a3700000, 0x00000000a3700000| Untracked 
|  20|0x00000000a3800000, 0x00000000a3800000, 0x00000000a3900000|  0%| F|  |TAMS 0x00000000a3800000, 0x00000000a3800000| Untracked 
|  21|0x00000000a3900000, 0x00000000a3900000, 0x00000000a3a00000|  0%| F|  |TAMS 0x00000000a3900000, 0x00000000a3900000| Untracked 
|  22|0x00000000a3a00000, 0x00000000a3a00000, 0x00000000a3b00000|  0%| F|  |TAMS 0x00000000a3a00000, 0x00000000a3a00000| Untracked 
|  23|0x00000000a3b00000, 0x00000000a3b00000, 0x00000000a3c00000|  0%| F|  |TAMS 0x00000000a3b00000, 0x00000000a3b00000| Untracked 
|  24|0x00000000a3c00000, 0x00000000a3c00000, 0x00000000a3d00000|  0%| F|  |TAMS 0x00000000a3c00000, 0x00000000a3c00000| Untracked 
|  25|0x00000000a3d00000, 0x00000000a3d00000, 0x00000000a3e00000|  0%| F|  |TAMS 0x00000000a3d00000, 0x00000000a3d00000| Untracked 
|  26|0x00000000a3e00000, 0x00000000a3e00000, 0x00000000a3f00000|  0%| F|  |TAMS 0x00000000a3e00000, 0x00000000a3e00000| Untracked 
|  27|0x00000000a3f00000, 0x00000000a3f00000, 0x00000000a4000000|  0%| F|  |TAMS 0x00000000a3f00000, 0x00000000a3f00000| Untracked 
|  28|0x00000000a4000000, 0x00000000a4000000, 0x00000000a4100000|  0%| F|  |TAMS 0x00000000a4000000, 0x00000000a4000000| Untracked 
|  29|0x00000000a4100000, 0x00000000a4100000, 0x00000000a4200000|  0%| F|  |TAMS 0x00000000a4100000, 0x00000000a4100000| Untracked 
|  30|0x00000000a4200000, 0x00000000a4200000, 0x00000000a4300000|  0%| F|  |TAMS 0x00000000a4200000, 0x00000000a4200000| Untracked 
|  31|0x00000000a4300000, 0x00000000a4300000, 0x00000000a4400000|  0%| F|  |TAMS 0x00000000a4300000, 0x00000000a4300000| Untracked 
|  32|0x00000000a4400000, 0x00000000a4400000, 0x00000000a4500000|  0%| F|  |TAMS 0x00000000a4400000, 0x00000000a4400000| Untracked 
|  33|0x00000000a4500000, 0x00000000a4500000, 0x00000000a4600000|  0%| F|  |TAMS 0x00000000a4500000, 0x00000000a4500000| Untracked 
|  34|0x00000000a4600000, 0x00000000a4600000, 0x00000000a4700000|  0%| F|  |TAMS 0x00000000a4600000, 0x00000000a4600000| Untracked 
|  35|0x00000000a4700000, 0x00000000a4700000, 0x00000000a4800000|  0%| F|  |TAMS 0x00000000a4700000, 0x00000000a4700000| Untracked 
|  36|0x00000000a4800000, 0x00000000a4800000, 0x00000000a4900000|  0%| F|  |TAMS 0x00000000a4800000, 0x00000000a4800000| Untracked 
|  37|0x00000000a4900000, 0x00000000a4900000, 0x00000000a4a00000|  0%| F|  |TAMS 0x00000000a4900000, 0x00000000a4900000| Untracked 
|  38|0x00000000a4a00000, 0x00000000a4a00000, 0x00000000a4b00000|  0%| F|  |TAMS 0x00000000a4a00000, 0x00000000a4a00000| Untracked 
|  39|0x00000000a4b00000, 0x00000000a4b00000, 0x00000000a4c00000|  0%| F|  |TAMS 0x00000000a4b00000, 0x00000000a4b00000| Untracked 
|  40|0x00000000a4c00000, 0x00000000a4c00000, 0x00000000a4d00000|  0%| F|  |TAMS 0x00000000a4c00000, 0x00000000a4c00000| Untracked 
|  41|0x00000000a4d00000, 0x00000000a4d00000, 0x00000000a4e00000|  0%| F|  |TAMS 0x00000000a4d00000, 0x00000000a4d00000| Untracked 
|  42|0x00000000a4e00000, 0x00000000a4e00000, 0x00000000a4f00000|  0%| F|  |TAMS 0x00000000a4e00000, 0x00000000a4e00000| Untracked 
|  43|0x00000000a4f00000, 0x00000000a4f00000, 0x00000000a5000000|  0%| F|  |TAMS 0x00000000a4f00000, 0x00000000a4f00000| Untracked 
|  44|0x00000000a5000000, 0x00000000a5000000, 0x00000000a5100000|  0%| F|  |TAMS 0x00000000a5000000, 0x00000000a5000000| Untracked 
|  45|0x00000000a5100000, 0x00000000a5100000, 0x00000000a5200000|  0%| F|  |TAMS 0x00000000a5100000, 0x00000000a5100000| Untracked 
|  46|0x00000000a5200000, 0x00000000a5200000, 0x00000000a5300000|  0%| F|  |TAMS 0x00000000a5200000, 0x00000000a5200000| Untracked 
|  47|0x00000000a5300000, 0x00000000a5300000, 0x00000000a5400000|  0%| F|  |TAMS 0x00000000a5300000, 0x00000000a5300000| Untracked 
|  48|0x00000000a5400000, 0x00000000a5400000, 0x00000000a5500000|  0%| F|  |TAMS 0x00000000a5400000, 0x00000000a5400000| Untracked 
|  49|0x00000000a5500000, 0x00000000a5500000, 0x00000000a5600000|  0%| F|  |TAMS 0x00000000a5500000, 0x00000000a5500000| Untracked 
|  50|0x00000000a5600000, 0x00000000a5600000, 0x00000000a5700000|  0%| F|  |TAMS 0x00000000a5600000, 0x00000000a5600000| Untracked 
|  51|0x00000000a5700000, 0x00000000a5700000, 0x00000000a5800000|  0%| F|  |TAMS 0x00000000a5700000, 0x00000000a5700000| Untracked 
|  52|0x00000000a5800000, 0x00000000a5800000, 0x00000000a5900000|  0%| F|  |TAMS 0x00000000a5800000, 0x00000000a5800000| Untracked 
|  53|0x00000000a5900000, 0x00000000a5900000, 0x00000000a5a00000|  0%| F|  |TAMS 0x00000000a5900000, 0x00000000a5900000| Untracked 
|  54|0x00000000a5a00000, 0x00000000a5a00000, 0x00000000a5b00000|  0%| F|  |TAMS 0x00000000a5a00000, 0x00000000a5a00000| Untracked 
|  55|0x00000000a5b00000, 0x00000000a5b00000, 0x00000000a5c00000|  0%| F|  |TAMS 0x00000000a5b00000, 0x00000000a5b00000| Untracked 
|  56|0x00000000a5c00000, 0x00000000a5c00000, 0x00000000a5d00000|  0%| F|  |TAMS 0x00000000a5c00000, 0x00000000a5c00000| Untracked 
|  57|0x00000000a5d00000, 0x00000000a5d00000, 0x00000000a5e00000|  0%| F|  |TAMS 0x00000000a5d00000, 0x00000000a5d00000| Untracked 
|  58|0x00000000a5e00000, 0x00000000a5e00000, 0x00000000a5f00000|  0%| F|  |TAMS 0x00000000a5e00000, 0x00000000a5e00000| Untracked 
|  59|0x00000000a5f00000, 0x00000000a5f00000, 0x00000000a6000000|  0%| F|  |TAMS 0x00000000a5f00000, 0x00000000a5f00000| Untracked 
|  60|0x00000000a6000000, 0x00000000a6000000, 0x00000000a6100000|  0%| F|  |TAMS 0x00000000a6000000, 0x00000000a6000000| Untracked 
|  61|0x00000000a6100000, 0x00000000a6100000, 0x00000000a6200000|  0%| F|  |TAMS 0x00000000a6100000, 0x00000000a6100000| Untracked 
|  62|0x00000000a6200000, 0x00000000a6200000, 0x00000000a6300000|  0%| F|  |TAMS 0x00000000a6200000, 0x00000000a6200000| Untracked 
|  63|0x00000000a6300000, 0x00000000a6300000, 0x00000000a6400000|  0%| F|  |TAMS 0x00000000a6300000, 0x00000000a6300000| Untracked 
|  64|0x00000000a6400000, 0x00000000a6400000, 0x00000000a6500000|  0%| F|  |TAMS 0x00000000a6400000, 0x00000000a6400000| Untracked 
|  65|0x00000000a6500000, 0x00000000a6500000, 0x00000000a6600000|  0%| F|  |TAMS 0x00000000a6500000, 0x00000000a6500000| Untracked 
|  66|0x00000000a6600000, 0x00000000a6600000, 0x00000000a6700000|  0%| F|  |TAMS 0x00000000a6600000, 0x00000000a6600000| Untracked 
|  67|0x00000000a6700000, 0x00000000a6700000, 0x00000000a6800000|  0%| F|  |TAMS 0x00000000a6700000, 0x00000000a6700000| Untracked 
|  68|0x00000000a6800000, 0x00000000a6800000, 0x00000000a6900000|  0%| F|  |TAMS 0x00000000a6800000, 0x00000000a6800000| Untracked 
|  69|0x00000000a6900000, 0x00000000a6900000, 0x00000000a6a00000|  0%| F|  |TAMS 0x00000000a6900000, 0x00000000a6900000| Untracked 
|  70|0x00000000a6a00000, 0x00000000a6a00000, 0x00000000a6b00000|  0%| F|  |TAMS 0x00000000a6a00000, 0x00000000a6a00000| Untracked 
|  71|0x00000000a6b00000, 0x00000000a6b00000, 0x00000000a6c00000|  0%| F|  |TAMS 0x00000000a6b00000, 0x00000000a6b00000| Untracked 
|  72|0x00000000a6c00000, 0x00000000a6c00000, 0x00000000a6d00000|  0%| F|  |TAMS 0x00000000a6c00000, 0x00000000a6c00000| Untracked 
|  73|0x00000000a6d00000, 0x00000000a6d00000, 0x00000000a6e00000|  0%| F|  |TAMS 0x00000000a6d00000, 0x00000000a6d00000| Untracked 
|  74|0x00000000a6e00000, 0x00000000a6e00000, 0x00000000a6f00000|  0%| F|  |TAMS 0x00000000a6e00000, 0x00000000a6e00000| Untracked 
|  75|0x00000000a6f00000, 0x00000000a6f00000, 0x00000000a7000000|  0%| F|  |TAMS 0x00000000a6f00000, 0x00000000a6f00000| Untracked 
|  76|0x00000000a7000000, 0x00000000a7000000, 0x00000000a7100000|  0%| F|  |TAMS 0x00000000a7000000, 0x00000000a7000000| Untracked 
|  77|0x00000000a7100000, 0x00000000a7100000, 0x00000000a7200000|  0%| F|  |TAMS 0x00000000a7100000, 0x00000000a7100000| Untracked 
|  78|0x00000000a7200000, 0x00000000a7200000, 0x00000000a7300000|  0%| F|  |TAMS 0x00000000a7200000, 0x00000000a7200000| Untracked 
|  79|0x00000000a7300000, 0x00000000a7300000, 0x00000000a7400000|  0%| F|  |TAMS 0x00000000a7300000, 0x00000000a7300000| Untracked 
|  80|0x00000000a7400000, 0x00000000a74ee080, 0x00000000a7500000| 92%| E|  |TAMS 0x00000000a7400000, 0x00000000a7400000| Complete 
|  81|0x00000000a7500000, 0x00000000a7600000, 0x00000000a7600000|100%| E|CS|TAMS 0x00000000a7500000, 0x00000000a7500000| Complete 
|  82|0x00000000a7600000, 0x00000000a7700000, 0x00000000a7700000|100%| E|CS|TAMS 0x00000000a7600000, 0x00000000a7600000| Complete 
|  83|0x00000000a7700000, 0x00000000a7800000, 0x00000000a7800000|100%| E|  |TAMS 0x00000000a7700000, 0x00000000a7700000| Complete 
|  84|0x00000000a7800000, 0x00000000a7900000, 0x00000000a7900000|100%| E|CS|TAMS 0x00000000a7800000, 0x00000000a7800000| Complete 
|  85|0x00000000a7900000, 0x00000000a7a00000, 0x00000000a7a00000|100%| E|CS|TAMS 0x00000000a7900000, 0x00000000a7900000| Complete 
|  86|0x00000000a7a00000, 0x00000000a7b00000, 0x00000000a7b00000|100%| E|CS|TAMS 0x00000000a7a00000, 0x00000000a7a00000| Complete 
|  87|0x00000000a7b00000, 0x00000000a7c00000, 0x00000000a7c00000|100%| E|CS|TAMS 0x00000000a7b00000, 0x00000000a7b00000| Complete 
|  88|0x00000000a7c00000, 0x00000000a7d00000, 0x00000000a7d00000|100%| E|CS|TAMS 0x00000000a7c00000, 0x00000000a7c00000| Complete 
|  89|0x00000000a7d00000, 0x00000000a7e00000, 0x00000000a7e00000|100%| E|CS|TAMS 0x00000000a7d00000, 0x00000000a7d00000| Complete 
|  90|0x00000000a7e00000, 0x00000000a7f00000, 0x00000000a7f00000|100%| E|CS|TAMS 0x00000000a7e00000, 0x00000000a7e00000| Complete 
|  91|0x00000000a7f00000, 0x00000000a8000000, 0x00000000a8000000|100%| E|CS|TAMS 0x00000000a7f00000, 0x00000000a7f00000| Complete 
|  92|0x00000000a8000000, 0x00000000a8100000, 0x00000000a8100000|100%| E|CS|TAMS 0x00000000a8000000, 0x00000000a8000000| Complete 
|  93|0x00000000a8100000, 0x00000000a8200000, 0x00000000a8200000|100%| E|CS|TAMS 0x00000000a8100000, 0x00000000a8100000| Complete 

Card table byte_map: [0x000002454bf30000,0x000002454c220000] _byte_map_base: 0x000002454ba1e000

Marking Bits (Prev, Next): (CMBitMap*) 0x0000024534fb1820, (CMBitMap*) 0x0000024534fb1860
 Prev Bits: [0x000002454c510000, 0x000002454dc80000)
 Next Bits: [0x000002454dc80000, 0x000002454f3f0000)

Polling page: 0x0000024532e10000

Metaspace:

Usage:
  Non-class:     10.14 MB used.
      Class:      1.20 MB used.
       Both:     11.34 MB used.

Virtual space:
  Non-class space:       16.00 MB reserved,      10.25 MB ( 64%) committed,  2 nodes.
      Class space:        1.00 GB reserved,       1.31 MB ( <1%) committed,  1 nodes.
              Both:        1.02 GB reserved,      11.56 MB (  1%) committed. 

Chunk freelists:
   Non-Class:  1008.00 KB
       Class:  2.64 MB
        Both:  3.62 MB

MaxMetaspaceSize: 17179869184.00 GB
CompressedClassSpaceSize: 1.00 GB
 - commit_granule_bytes: 65536.
 - commit_granule_words: 8192.
 - virtual_space_node_default_size: 1048576.
 - enlarge_chunks_in_place: 1.
 - new_chunks_are_fully_committed: 0.
 - uncommit_free_chunks: 1.
 - use_allocation_guard: 0.
 - handle_deallocations: 1.


Internal statistics:

num_allocs_failed_limit: 0.
num_arena_births: 126.
num_arena_deaths: 0.
num_vsnodes_births: 3.
num_vsnodes_deaths: 0.
num_space_committed: 183.
num_space_uncommitted: 0.
num_chunks_returned_to_freelist: 0.
num_chunks_taken_from_freelist: 223.
num_chunk_merges: 0.
num_chunk_splits: 150.
num_chunks_enlarged: 95.
num_purges: 0.

CodeHeap 'non-profiled nmethods': size=120000Kb used=328Kb max_used=328Kb free=119671Kb
 bounds [0x00000245441c0000, 0x0000024544430000, 0x000002454b6f0000]
CodeHeap 'profiled nmethods': size=120000Kb used=1992Kb max_used=1992Kb free=118007Kb
 bounds [0x000002453cc90000, 0x000002453cf00000, 0x00000245441c0000]
CodeHeap 'non-nmethods': size=5760Kb used=1442Kb max_used=1458Kb free=4317Kb
 bounds [0x000002453c6f0000, 0x000002453c960000, 0x000002453cc90000]
 total_blobs=1969 nmethods=1155 adapters=727
 compilation: enabled
              stopped_count=0, restarted_count=0
 full_count=0

Compilation events (20 events):
Event: 35.436 Thread 0x0000024551fe5ae0 1146       3       sun.java2d.SunGraphics2D::validateColor (102 bytes)
Event: 35.438 Thread 0x0000024551fe5ae0 nmethod 1146 0x000002453ce7d910 code [0x000002453ce7dae0, 0x000002453ce7e018]
Event: 35.438 Thread 0x0000024551fe5ae0 1147       3       sun.java2d.SurfaceData::pixelFor (13 bytes)
Event: 35.438 Thread 0x0000024551fe5ae0 nmethod 1147 0x000002453ce7e190 code [0x000002453ce7e340, 0x000002453ce7e588]
Event: 35.438 Thread 0x0000024551fe5ae0 1148       3       sun.java2d.loops.SurfaceType::pixelFor (10 bytes)
Event: 35.438 Thread 0x0000024551fe5ae0 nmethod 1148 0x000002453ce7e690 code [0x000002453ce7e840, 0x000002453ce7ea28]
Event: 35.529 Thread 0x0000024551fe5ae0 1149       3       sun.java2d.SunGraphics2D::dispose (12 bytes)
Event: 35.530 Thread 0x0000024551fe5ae0 nmethod 1149 0x000002453ce7eb10 code [0x000002453ce7ecc0, 0x000002453ce7ee68]
Event: 35.553 Thread 0x0000024551fe5ae0 1150       3       java.awt.Rectangle::translate (197 bytes)
Event: 35.554 Thread 0x0000024551fe5ae0 nmethod 1150 0x000002453ce7ef10 code [0x000002453ce7f0c0, 0x000002453ce7f518]
Event: 35.957 Thread 0x0000024551fdb170 1151       4       Maze.EasyLevel::display (1822 bytes)
Event: 35.978 Thread 0x0000024551fdb170 nmethod 1151 0x000002454420ef10 code [0x000002454420f5c0, 0x0000024544210e50]
Event: 36.076 Thread 0x0000024551fe5ae0 1152       3       java.lang.String::valueOf (14 bytes)
Event: 36.076 Thread 0x0000024551fe5ae0 nmethod 1152 0x000002453ce7f590 code [0x000002453ce7f740, 0x000002453ce7f8b8]
Event: 36.188 Thread 0x0000024551fe5ae0 1153       3       java.awt.event.KeyEvent::<init> (172 bytes)
Event: 36.189 Thread 0x0000024551fe5ae0 nmethod 1153 0x000002453ce7f990 code [0x000002453ce7fc00, 0x000002453ce80978]
Event: 36.189 Thread 0x0000024551fe5ae0 1154       3       java.awt.event.InputEvent::getModifiersEx (8 bytes)
Event: 36.189 Thread 0x0000024551fe5ae0 nmethod 1154 0x000002453ce80d10 code [0x000002453ce80ea0, 0x000002453ce80fb8]
Event: 36.189 Thread 0x0000024551fe5ae0 1155       3       java.awt.KeyboardFocusManager::isProxyActive (13 bytes)
Event: 36.191 Thread 0x0000024551fe5ae0 nmethod 1155 0x000002453ce81090 code [0x000002453ce81320, 0x000002453ce81e08]

GC Heap History (0 events):
No events

Deoptimization events (20 events):
Event: 18.863 Thread 0x0000024557a2e400 DEOPT PACKING pc=0x00000245442046c8 sp=0x0000008a237fe1a0
Event: 18.863 Thread 0x0000024557a2e400 DEOPT UNPACKING pc=0x000002453c73d72e sp=0x0000008a237fe138 mode 2
Event: 19.465 Thread 0x0000024557a2e400 DEOPT PACKING pc=0x000002453ce362cb sp=0x0000008a237fe150
Event: 19.465 Thread 0x0000024557a2e400 DEOPT UNPACKING pc=0x000002453c73dece sp=0x0000008a237fd620 mode 0
Event: 19.742 Thread 0x0000024557a2e400 DEOPT PACKING pc=0x000002453ce362cb sp=0x0000008a237fe150
Event: 19.742 Thread 0x0000024557a2e400 DEOPT UNPACKING pc=0x000002453c73dece sp=0x0000008a237fd620 mode 0
Event: 19.927 Thread 0x0000024557a2e400 DEOPT PACKING pc=0x000002453ce362cb sp=0x0000008a237fe150
Event: 19.927 Thread 0x0000024557a2e400 DEOPT UNPACKING pc=0x000002453c73dece sp=0x0000008a237fd620 mode 0
Event: 20.459 Thread 0x0000024557a2e400 DEOPT PACKING pc=0x000002453ce362cb sp=0x0000008a237fe150
Event: 20.459 Thread 0x0000024557a2e400 DEOPT UNPACKING pc=0x000002453c73dece sp=0x0000008a237fd620 mode 0
Event: 21.186 Thread 0x0000024557a2e400 DEOPT PACKING pc=0x000002453ce362cb sp=0x0000008a237fe150
Event: 21.186 Thread 0x0000024557a2e400 DEOPT UNPACKING pc=0x000002453c73dece sp=0x0000008a237fd620 mode 0
Event: 21.480 Thread 0x0000024557a2e400 DEOPT PACKING pc=0x000002453ce362cb sp=0x0000008a237fe150
Event: 21.480 Thread 0x0000024557a2e400 DEOPT UNPACKING pc=0x000002453c73dece sp=0x0000008a237fd620 mode 0
Event: 35.957 Thread 0x0000024557a2e400 DEOPT PACKING pc=0x000002453ce5d173 sp=0x0000008a237fe210
Event: 35.957 Thread 0x0000024557a2e400 DEOPT UNPACKING pc=0x000002453c73dece sp=0x0000008a237fd7d8 mode 0
Event: 36.189 Thread 0x0000024557a2e400 Uncommon trap: trap_request=0xffffff45 fr.pc=0x0000024544210748 relative=0x0000000000001188
Event: 36.189 Thread 0x0000024557a2e400 Uncommon trap: reason=unstable_if action=reinterpret pc=0x0000024544210748 method=Maze.EasyLevel.display(Ljavax/media/opengl/GLAutoDrawable;)V @ 1517 c2
Event: 36.190 Thread 0x0000024557a2e400 DEOPT PACKING pc=0x0000024544210748 sp=0x0000008a237fe330
Event: 36.190 Thread 0x0000024557a2e400 DEOPT UNPACKING pc=0x000002453c73d72e sp=0x0000008a237fe2e0 mode 2

Classes unloaded (0 events):
No events

Classes redefined (0 events):
No events

Internal exceptions (17 events):
Event: 0.053 Thread 0x0000024534f78670 Exception <a 'java/lang/NoSuchMethodError'{0x00000000a8062ed0}: 'void java.lang.invoke.DirectMethodHandle$Holder.invokeSpecial(java.lang.Object, java.lang.Object, java.lang.Object)'> (0x00000000a8062ed0) 
thrown [t:\workspace\open\src\hotspot\share\interpreter\linkResolver.cpp, line 790]
Event: 0.060 Thread 0x0000024534f78670 Exception <a 'java/lang/ClassNotFoundException'{0x00000000a8080398}: sun/awt/resources/spi/awtProvider> (0x00000000a8080398) 
thrown [t:\workspace\open\src\hotspot\share\classfile\systemDictionary.cpp, line 256]
Event: 0.076 Thread 0x0000024534f78670 Exception <a 'java/io/FileNotFoundException'{0x00000000a80d9e10}> (0x00000000a80d9e10) 
thrown [t:\workspace\open\src\hotspot\share\prims\jni.cpp, line 579]
Event: 0.081 Thread 0x0000024534f78670 Exception <a 'java/io/FileNotFoundException'{0x00000000a7f08fa8}> (0x00000000a7f08fa8) 
thrown [t:\workspace\open\src\hotspot\share\prims\jni.cpp, line 579]
Event: 0.081 Thread 0x0000024534f78670 Exception <a 'java/lang/NoSuchMethodError'{0x00000000a7f0a190}: 'java.lang.Object java.lang.invoke.DirectMethodHandle$Holder.invokeStatic(java.lang.Object)'> (0x00000000a7f0a190) 
thrown [t:\workspace\open\src\hotspot\share\interpreter\linkResolver.cpp, line 790]
Event: 0.109 Thread 0x0000024534f78670 Exception <a 'java/lang/NoSuchMethodError'{0x00000000a7f5f440}: 'java.lang.Object java.lang.invoke.DirectMethodHandle$Holder.invokeStaticInit(java.lang.Object)'> (0x00000000a7f5f440) 
thrown [t:\workspace\open\src\hotspot\share\interpreter\linkResolver.cpp, line 790]
Event: 0.169 Thread 0x0000024534f78670 Exception <a 'java/lang/NoSuchMethodError'{0x00000000a7e47968}: 'java.lang.Object java.lang.invoke.DirectMethodHandle$Holder.newInvokeSpecial(java.lang.Object, java.lang.Object, java.lang.Object, java.lang.Object, java.lang.Object)'> (0x00000000a7e47968) 
thrown [t:\workspace\open\src\hotspot\share\interpreter\linkResolver.cpp, line 790]
Event: 0.170 Thread 0x0000024534f78670 Exception <a 'java/lang/NoSuchMethodError'{0x00000000a7e53450}: 'java.lang.Object java.lang.invoke.DirectMethodHandle$Holder.invokeStatic(java.lang.Object, int, java.lang.Object, java.lang.Object, java.lang.Object, java.lang.Object)'> (0x00000000a7e53450) 
thrown [t:\workspace\open\src\hotspot\share\interpreter\linkResolver.cpp, line 790]
Event: 0.172 Thread 0x0000024534f78670 Exception <a 'java/lang/NoSuchMethodError'{0x00000000a7e79770}: 'java.lang.Object java.lang.invoke.DirectMethodHandle$Holder.invokeStatic(java.lang.Object, int, java.lang.Object)'> (0x00000000a7e79770) 
thrown [t:\workspace\open\src\hotspot\share\interpreter\linkResolver.cpp, line 790]
Event: 0.187 Thread 0x0000024534f78670 Exception <a 'java/lang/ClassNotFoundException'{0x00000000a7d31a80}: com/sun/swing/internal/plaf/metal/resources/spi/metalProvider> (0x00000000a7d31a80) 
thrown [t:\workspace\open\src\hotspot\share\classfile\systemDictionary.cpp, line 256]
Event: 0.188 Thread 0x0000024534f78670 Exception <a 'java/lang/ClassNotFoundException'{0x00000000a7d35ae8}: com/sun/swing/internal/plaf/basic/resources/spi/basicProvider> (0x00000000a7d35ae8) 
thrown [t:\workspace\open\src\hotspot\share\classfile\systemDictionary.cpp, line 256]
Event: 0.200 Thread 0x0000024557975b40 Exception <a 'java/lang/NoSuchMethodError'{0x00000000a7d84f70}: 'java.lang.Object java.lang.invoke.DirectMethodHandle$Holder.newInvokeSpecial(java.lang.Object, java.lang.Object, java.lang.Object, int, int, int, int, int)'> (0x00000000a7d84f70) 
thrown [t:\workspace\open\src\hotspot\share\interpreter\linkResolver.cpp, line 790]
Event: 0.258 Thread 0x0000024552ecc060 Exception <a 'java/lang/NoSuchMethodError'{0x00000000a7f93630}: 'void java.lang.invoke.DirectMethodHandle$Holder.invokeVirtual(java.lang.Object, java.lang.Object)'> (0x00000000a7f93630) 
thrown [t:\workspace\open\src\hotspot\share\interpreter\linkResolver.cpp, line 790]
Event: 0.266 Thread 0x0000024534f78670 Exception <a 'java/lang/NoSuchMethodError'{0x00000000a7cf4198}: 'void java.lang.invoke.DirectMethodHandle$Holder.invokeStaticInit(java.lang.Object)'> (0x00000000a7cf4198) 
thrown [t:\workspace\open\src\hotspot\share\interpreter\linkResolver.cpp, line 790]
Event: 0.313 Thread 0x0000024534f78670 Exception <a 'java/lang/NoSuchMethodError'{0x00000000a7b41018}: 'int java.lang.invoke.DirectMethodHandle$Holder.invokeStatic(java.lang.Object)'> (0x00000000a7b41018) 
thrown [t:\workspace\open\src\hotspot\share\interpreter\linkResolver.cpp, line 790]
Event: 1.196 Thread 0x0000024557a2e400 Exception <a 'java/lang/NoSuchMethodError'{0x00000000a7cbd478}: 'java.lang.Object java.lang.invoke.DirectMethodHandle$Holder.invokeInterface(java.lang.Object, java.lang.Object)'> (0x00000000a7cbd478) 
thrown [t:\workspace\open\src\hotspot\share\interpreter\linkResolver.cpp, line 790]
Event: 1.197 Thread 0x0000024557a2e400 Exception <a 'java/lang/IncompatibleClassChangeError'{0x00000000a7cc0f10}: Found class java.lang.Object, but interface was expected> (0x00000000a7cc0f10) 
thrown [t:\workspace\open\src\hotspot\share\interpreter\linkResolver.cpp, line 857]

Events (20 events):
Event: 20.461 Thread 0x000002458433fdd0 Thread added: 0x000002458433fdd0
Event: 22.443 Executing  VM operation: Cleanup
Event: 22.443 Executing  VM operation: Cleanup done
Event: 23.452 Executing  VM operation: Cleanup
Event: 23.452 Executing  VM operation: Cleanup done
Event: 24.456 Executing  VM operation: Cleanup
Event: 24.456 Executing  VM operation: Cleanup done
Event: 25.470 Executing  VM operation: Cleanup
Event: 25.470 Executing  VM operation: Cleanup done
Event: 26.480 Executing  VM operation: Cleanup
Event: 26.480 Executing  VM operation: Cleanup done
Event: 27.155 Thread 0x00000245c0c47ae0 Thread added: 0x00000245c0c47ae0
Event: 28.488 Executing  VM operation: Cleanup
Event: 28.504 Executing  VM operation: Cleanup done
Event: 30.033 Thread 0x00000245c0c48ad0 Thread added: 0x00000245c0c48ad0
Event: 30.521 Executing  VM operation: Cleanup
Event: 30.521 Executing  VM operation: Cleanup done
Event: 31.969 Thread 0x00000245ef7e7fb0 Thread added: 0x00000245ef7e7fb0
Event: 32.539 Executing  VM operation: Cleanup
Event: 32.539 Executing  VM operation: Cleanup done


Dynamic libraries:
0x00007ff699830000 - 0x00007ff699840000 	C:\Program Files\Java\jdk-16\bin\java.exe
0x00007ffba37d0000 - 0x00007ffba39c8000 	C:\Windows\SYSTEM32\ntdll.dll
0x00007ffba3580000 - 0x00007ffba363f000 	C:\Windows\System32\KERNEL32.DLL
0x00007ffba1490000 - 0x00007ffba1762000 	C:\Windows\System32\KERNELBASE.dll
0x00007ffba0f50000 - 0x00007ffba1050000 	C:\Windows\System32\ucrtbase.dll
0x00007ffb910c0000 - 0x00007ffb910d9000 	C:\Program Files\Java\jdk-16\bin\VCRUNTIME140.dll
0x00007ffb91430000 - 0x00007ffb91448000 	C:\Program Files\Java\jdk-16\bin\jli.dll
0x00007ffba3020000 - 0x00007ffba30ce000 	C:\Windows\System32\ADVAPI32.dll
0x00007ffba30d0000 - 0x00007ffba316e000 	C:\Windows\System32\msvcrt.dll
0x00007ffba3460000 - 0x00007ffba34fc000 	C:\Windows\System32\sechost.dll
0x00007ffba2180000 - 0x00007ffba22a5000 	C:\Windows\System32\RPCRT4.dll
0x00007ffba3270000 - 0x00007ffba3411000 	C:\Windows\System32\USER32.dll
0x00007ffba13b0000 - 0x00007ffba13d2000 	C:\Windows\System32\win32u.dll
0x00007ffb8b1d0000 - 0x00007ffb8b46a000 	C:\Windows\WinSxS\amd64_microsoft.windows.common-controls_6595b64144ccf1df_6.0.19041.1110_none_60b5254171f9507e\COMCTL32.dll
0x00007ffba3750000 - 0x00007ffba377b000 	C:\Windows\System32\GDI32.dll
0x00007ffba12a0000 - 0x00007ffba13af000 	C:\Windows\System32\gdi32full.dll
0x00007ffba1200000 - 0x00007ffba129d000 	C:\Windows\System32\msvcp_win.dll
0x00007ffb98d30000 - 0x00007ffb98d3a000 	C:\Windows\SYSTEM32\VERSION.dll
0x00007ffba3420000 - 0x00007ffba3452000 	C:\Windows\System32\IMM32.DLL
0x00007ffb9b3a0000 - 0x00007ffb9b3ac000 	C:\Program Files\Java\jdk-16\bin\vcruntime140_1.dll
0x00007ffb4dc50000 - 0x00007ffb4dce1000 	C:\Program Files\Java\jdk-16\bin\msvcp140.dll
0x00007ffb19120000 - 0x00007ffb19ccb000 	C:\Program Files\Java\jdk-16\bin\server\jvm.dll
0x00007ffba3780000 - 0x00007ffba3788000 	C:\Windows\System32\PSAPI.DLL
0x00007ffb8cb00000 - 0x00007ffb8cb09000 	C:\Windows\SYSTEM32\WSOCK32.dll
0x00007ffb96980000 - 0x00007ffb969a7000 	C:\Windows\SYSTEM32\WINMM.dll
0x00007ffba3180000 - 0x00007ffba31eb000 	C:\Windows\System32\WS2_32.dll
0x00007ffb9f710000 - 0x00007ffb9f722000 	C:\Windows\SYSTEM32\kernel.appcore.dll
0x00007ffb96cb0000 - 0x00007ffb96cba000 	C:\Program Files\Java\jdk-16\bin\jimage.dll
0x00007ffb9ed50000 - 0x00007ffb9ef34000 	C:\Windows\SYSTEM32\DBGHELP.DLL
0x00007ffb8e630000 - 0x00007ffb8e665000 	C:\Windows\SYSTEM32\dbgcore.DLL
0x00007ffba0ec0000 - 0x00007ffba0f42000 	C:\Windows\System32\bcryptPrimitives.dll
0x00007ffb82c60000 - 0x00007ffb82c85000 	C:\Program Files\Java\jdk-16\bin\java.dll
0x00007ffba24c0000 - 0x00007ffba2c04000 	C:\Windows\System32\SHELL32.dll
0x00007ffb9ef60000 - 0x00007ffb9f6f2000 	C:\Windows\SYSTEM32\windows.storage.dll
0x00007ffba1e20000 - 0x00007ffba2175000 	C:\Windows\System32\combase.dll
0x00007ffba0840000 - 0x00007ffba0870000 	C:\Windows\SYSTEM32\Wldp.dll
0x00007ffba2380000 - 0x00007ffba242d000 	C:\Windows\System32\SHCORE.dll
0x00007ffba2fc0000 - 0x00007ffba3015000 	C:\Windows\System32\shlwapi.dll
0x00007ffba0e00000 - 0x00007ffba0e1f000 	C:\Windows\SYSTEM32\profapi.dll
0x00007ffb8fa60000 - 0x00007ffb8fa79000 	C:\Program Files\Java\jdk-16\bin\net.dll
0x00007ffb96de0000 - 0x00007ffb96eec000 	C:\Windows\SYSTEM32\WINHTTP.dll
0x00007ffba05a0000 - 0x00007ffba060a000 	C:\Windows\system32\mswsock.dll
0x00007ffb86cb0000 - 0x00007ffb86cc3000 	C:\Program Files\Java\jdk-16\bin\nio.dll
0x00007ffb848b0000 - 0x00007ffb848c8000 	C:\Program Files\Java\jdk-16\bin\zip.dll
0x00007ffb2c960000 - 0x00007ffb2cae0000 	C:\Program Files\Java\jdk-16\bin\awt.dll
0x00007ffba22b0000 - 0x00007ffba237d000 	C:\Windows\System32\OLEAUT32.dll
0x00007ffb9e380000 - 0x00007ffb9e411000 	C:\Windows\SYSTEM32\apphelp.dll
0x00007ffb9e750000 - 0x00007ffb9e77f000 	C:\Windows\system32\DWMAPI.DLL
0x00007ffb9e550000 - 0x00007ffb9e5ee000 	C:\Windows\system32\uxtheme.dll
0x00007ffb3e140000 - 0x00007ffb3e265000 	C:\Windows\system32\opengl32.dll
0x00007ffb3ec70000 - 0x00007ffb3ec9c000 	C:\Windows\SYSTEM32\GLU32.dll
0x00007ffba2ea0000 - 0x00007ffba2fb5000 	C:\Windows\System32\MSCTF.dll
0x00007ffba1820000 - 0x00007ffba194a000 	C:\Windows\System32\ole32.dll
0x00007ffb92460000 - 0x00007ffb9262e000 	C:\Windows\system32\d3d9.dll
0x00007ffb969b0000 - 0x00007ffb96b8b000 	C:\Windows\System32\DriverStore\FileRepository\u0365645.inf_amd64_6ea274c917f5f2dc\B365437\aticfx64.dll
0x00007ffb50ba0000 - 0x00007ffb50bd3000 	C:\Windows\System32\DriverStore\FileRepository\u0365645.inf_amd64_6ea274c917f5f2dc\B365437\atiu9p64.dll
0x00007ffb4fe90000 - 0x00007ffb50b9c000 	C:\Windows\System32\DriverStore\FileRepository\u0365645.inf_amd64_6ea274c917f5f2dc\B365437\atiumd64.dll
0x0000000058050000 - 0x0000000058f10000 	C:\Windows\System32\DriverStore\FileRepository\u0365645.inf_amd64_6ea274c917f5f2dc\B365437\atiumd6a.dll
0x00007ffba1770000 - 0x00007ffba1797000 	C:\Windows\System32\bcrypt.dll
0x00007ffba0d30000 - 0x00007ffba0d7b000 	C:\Windows\SYSTEM32\POWRPROF.dll
0x00007ffba0d10000 - 0x00007ffba0d22000 	C:\Windows\SYSTEM32\UMPDC.dll
0x00007ffb93820000 - 0x00007ffb9384f000 	C:\Windows\SYSTEM32\amdihk64.dll
0x00007ffb96ce0000 - 0x00007ffb96d1b000 	C:\Windows\SYSTEM32\dxcore.dll
0x00007ffba11b0000 - 0x00007ffba11fe000 	C:\Windows\System32\cfgmgr32.dll
0x00007ffb90c50000 - 0x00007ffb90c60000 	C:\Program Files\Java\jdk-16\bin\verify.dll
0x00007ffb4dbc0000 - 0x00007ffb4dc49000 	C:\Program Files\Java\jdk-16\bin\freetype.dll
0x00007ffb36c70000 - 0x00007ffb36d66000 	C:\Program Files\Java\jdk-16\bin\harfbuzz.dll
0x00007ffb83cd0000 - 0x00007ffb83ce2000 	C:\Program Files\Java\jdk-16\bin\fontmanager.dll
0x00007ffba3640000 - 0x00007ffba36ef000 	C:\Windows\System32\clbcatq.dll
0x00007ffb99dd0000 - 0x00007ffb99f84000 	C:\Windows\SYSTEM32\WindowsCodecs.dll
0x00007ffb8a400000 - 0x00007ffb8a43e000 	C:\Windows\system32\dataexchange.dll
0x00007ffb9d7a0000 - 0x00007ffb9d983000 	C:\Windows\system32\dcomp.dll
0x00007ffb9cf70000 - 0x00007ffb9d1d3000 	C:\Windows\system32\d3d11.dll
0x00007ffb9f780000 - 0x00007ffb9f873000 	C:\Windows\system32\dxgi.dll
0x00007ffb9a060000 - 0x00007ffb9a260000 	C:\Windows\system32\twinapi.appcore.dll
0x00007ffb86a20000 - 0x00007ffb86b19000 	C:\Windows\SYSTEM32\textinputframework.dll
0x00007ffb9d990000 - 0x00007ffb9dcee000 	C:\Windows\System32\CoreUIComponents.dll
0x00007ffb9e150000 - 0x00007ffb9e242000 	C:\Windows\System32\CoreMessaging.dll
0x00007ffb9ffe0000 - 0x00007ffba0013000 	C:\Windows\SYSTEM32\ntmarta.dll
0x00007ffb9c9b0000 - 0x00007ffb9cb04000 	C:\Windows\SYSTEM32\wintypes.dll
0x0000000010000000 - 0x000000001005a000 	C:\JOGLwin\lib64\jogl.dll
0x000000005a3f0000 - 0x000000005a4b9000 	C:\Windows\WinSxS\amd64_microsoft.vc80.crt_1fc8b3b9a1e18e3b_8.0.50727.9672_none_88e266cb2fac7c0d\MSVCR80.dll
0x00007ffb91410000 - 0x00007ffb91421000 	C:\Program Files\Java\jdk-16\bin\jsound.dll
0x00007ffb714b0000 - 0x00007ffb7154c000 	C:\Windows\SYSTEM32\DSOUND.dll
0x00007ffb7df90000 - 0x00007ffb7dfb6000 	C:\Windows\SYSTEM32\winmmbase.dll
0x00007ffb98e70000 - 0x00007ffb98ef5000 	C:\Windows\System32\MMDevApi.dll
0x00007ffba0b90000 - 0x00007ffba0bbc000 	C:\Windows\System32\DEVOBJ.dll
0x00007ffb90f20000 - 0x00007ffb90f66000 	C:\Windows\SYSTEM32\wdmaud.drv
0x00007ffb9b0d0000 - 0x00007ffb9b0d9000 	C:\Windows\SYSTEM32\ksuser.dll
0x00007ffb9b3d0000 - 0x00007ffb9b3da000 	C:\Windows\SYSTEM32\AVRT.dll
0x00007ffb98ad0000 - 0x00007ffb98c52000 	C:\Windows\SYSTEM32\AUDIOSES.DLL
0x00007ffb9e120000 - 0x00007ffb9e12d000 	C:\Windows\SYSTEM32\msacm32.drv
0x00007ffb9e0a0000 - 0x00007ffb9e0be000 	C:\Windows\SYSTEM32\MSACM32.dll
0x00007ffb9e090000 - 0x00007ffb9e09b000 	C:\Windows\SYSTEM32\midimap.dll
0x00007ffb9e650000 - 0x00007ffb9e664000 	C:\Windows\SYSTEM32\resourcepolicyclient.dll
0x00007ffb83cf0000 - 0x00007ffb83e31000 	C:\Windows\System32\Windows.UI.dll
0x00007ffb9a5a0000 - 0x00007ffb9a641000 	C:\Windows\System32\WindowManagementAPI.dll
0x00007ffb83e40000 - 0x00007ffb83f92000 	C:\Windows\System32\InputHost.dll
0x00007ffb9c6e0000 - 0x00007ffb9c7d6000 	C:\Windows\System32\PROPSYS.dll
0x00007ffb9b430000 - 0x00007ffb9b437000 	C:\Program Files\Java\jdk-16\bin\jawt.dll
0x0000000000c00000 - 0x0000000000c07000 	C:\JOGLwin\lib64\jogl_awt.dll
0x00007ffb9a670000 - 0x00007ffb9a767000 	C:\Windows\System32\AppXDeploymentClient.dll
0x00007ffb91310000 - 0x00007ffb9133a000 	C:\Windows\System32\DriverStore\FileRepository\u0365645.inf_amd64_6ea274c917f5f2dc\B365437\atig6pxx.dll
0x00007ffb017f0000 - 0x00007ffb04595000 	C:\Windows\System32\DriverStore\FileRepository\u0365645.inf_amd64_6ea274c917f5f2dc\B365437\atio6axx.dll
0x00007ffba19b0000 - 0x00007ffba1e18000 	C:\Windows\System32\SETUPAPI.dll
0x00007ffb908e0000 - 0x00007ffb90904000 	C:\Windows\SYSTEM32\dxva2.dll
0x00007ffb910e0000 - 0x00007ffb9111c000 	C:\Windows\System32\DriverStore\FileRepository\u0365645.inf_amd64_6ea274c917f5f2dc\B365437\atig6txx.dll
0x00007ffb26980000 - 0x00007ffb26b3f000 	C:\Windows\SYSTEM32\atiadlxx.dll
0x00007ffba17a0000 - 0x00007ffba1809000 	C:\Windows\System32\WINTRUST.dll
0x00007ffba1050000 - 0x00007ffba11a6000 	C:\Windows\System32\CRYPT32.dll
0x00007ffba09d0000 - 0x00007ffba09e2000 	C:\Windows\SYSTEM32\MSASN1.dll
0x00007ffb3f890000 - 0x00007ffb3f9b7000 	C:\Users\MoHamed Temo\AppData\Local\Discord\app-1.0.9008\modules\discord_hook-1\discord_hook\d07f021492a\DiscordHook64.dll
0x00007ffb9cb10000 - 0x00007ffb9cf6d000 	C:\Windows\SYSTEM32\D3DCompiler_47.dll
0x00007ffba07a0000 - 0x00007ffba07b8000 	C:\Windows\SYSTEM32\CRYPTSP.dll
0x00007ffb96740000 - 0x00007ffb96778000 	C:\Windows\System32\DriverStore\FileRepository\u0365645.inf_amd64_6ea274c917f5f2dc\B365437\atiuxp64.dll
0x00007ffb94700000 - 0x00007ffb965fe000 	C:\Windows\System32\DriverStore\FileRepository\u0365645.inf_amd64_6ea274c917f5f2dc\B365437\atidxx64.dll
0x00007ffb93290000 - 0x00007ffb932bb000 	C:\Windows\system32\D3DSCache.dll
0x00007ffba0dc0000 - 0x00007ffba0dee000 	C:\Windows\system32\USERENV.dll

dbghelp: loaded successfully - version: 4.0.5 - missing functions: none
symbol engine: initialized successfully - sym options: 0x614 - pdb path: .;C:\Program Files\Java\jdk-16\bin;C:\Windows\SYSTEM32;C:\Windows\WinSxS\amd64_microsoft.windows.common-controls_6595b64144ccf1df_6.0.19041.1110_none_60b5254171f9507e;C:\Program Files\Java\jdk-16\bin\server;C:\Windows\System32\DriverStore\FileRepository\u0365645.inf_amd64_6ea274c917f5f2dc\B365437;C:\JOGLwin\lib64;C:\Windows\WinSxS\amd64_microsoft.vc80.crt_1fc8b3b9a1e18e3b_8.0.50727.9672_none_88e266cb2fac7c0d;C:\Users\MoHamed Temo\AppData\Local\Discord\app-1.0.9008\modules\discord_hook-1\discord_hook\d07f021492a

VM Arguments:
jvm_args: -Dfile.encoding=UTF-8 -Djava.library.path=C:\JOGLwin\lib64 
java_command: Maze.MazeGameMainMethod
java_class_path (initial): C:\JOGLwin\lib64\gluegen-rt.jar;C:\JOGLwin\lib64\jogl.jar;C:\JOGLwin\lib32\gluegen-rt.jar;C:\JOGLwin\lib32\jogl.jar;D:\Projects\graphics\Maze\build\classes
Launcher Type: SUN_STANDARD

[Global flags]
     intx CICompilerCount                          = 4                                         {product} {ergonomic}
     uint ConcGCThreads                            = 3                                         {product} {ergonomic}
     uint G1ConcRefinementThreads                  = 10                                        {product} {ergonomic}
   size_t G1HeapRegionSize                         = 1048576                                   {product} {ergonomic}
    uintx GCDrainStackTargetSize                   = 64                                        {product} {ergonomic}
   size_t InitialHeapSize                          = 98566144                                  {product} {ergonomic}
   size_t MarkStackSize                            = 4194304                                   {product} {ergonomic}
   size_t MaxHeapSize                              = 1572864000                                {product} {ergonomic}
   size_t MaxNewSize                               = 943718400                                 {product} {ergonomic}
   size_t MinHeapDeltaBytes                        = 1048576                                   {product} {ergonomic}
   size_t MinHeapSize                              = 8388608                                   {product} {ergonomic}
    uintx NonNMethodCodeHeapSize                   = 5839372                                {pd product} {ergonomic}
    uintx NonProfiledCodeHeapSize                  = 122909434                              {pd product} {ergonomic}
    uintx ProfiledCodeHeapSize                     = 122909434                              {pd product} {ergonomic}
    uintx ReservedCodeCacheSize                    = 251658240                              {pd product} {ergonomic}
     bool SegmentedCodeCache                       = true                                      {product} {ergonomic}
   size_t SoftMaxHeapSize                          = 1572864000                             {manageable} {ergonomic}
     bool UseCompressedClassPointers               = true                           {product lp64_product} {ergonomic}
     bool UseCompressedOops                        = true                           {product lp64_product} {ergonomic}
     bool UseG1GC                                  = true                                      {product} {ergonomic}
     bool UseLargePagesIndividualAllocation        = false                                  {pd product} {ergonomic}

Logging:
Log output configuration:
 #0: stdout all=warning uptime,level,tags
 #1: stderr all=off uptime,level,tags

Environment Variables:
PATH=C:\Python311\Scripts\;C:\Python311\;C:\oraclexe\app\oracle\product\11.2.0\server\bin;C:\Program Files (x86)\Common Files\Oracle\Java\javapath;C:\Program Files\Common Files\Oracle\Java\javapath;C:\Windows\system32;C:\Windows;C:\Windows\System32\Wbem;C:\Windows\System32\WindowsPowerShell\v1.0\;C:\Windows\System32\OpenSSH\;C:\Program Files\nodejs\;C:\ProgramData\chocolatey\bin;C:\Program Files\NVIDIA Corporation\NVIDIA NvDLISR;C:\Program Files\dotnet\;C:\Program Files\Git\cmd;C:\Users\MoHamed Temo\AppData\Local\Microsoft\WindowsApps;C:\Users\MoHamed Temo\AppData\Local\Programs\Microsoft VS Code\bin;C:\Program Files\Java\jdk-16\bin;C:\Users\MoHamed Temo\AppData\Roaming\npm;C:\Users\MoHamed Temo\AppData\Local\GitHubDesktop\bin
USERNAME=MoHamedTemo
OS=Windows_NT
PROCESSOR_IDENTIFIER=AMD64 Family 25 Model 80 Stepping 0, AuthenticAMD



---------------  S Y S T E M  ---------------

OS:
 Windows 10 , 64 bit Build 19041 (10.0.19041.2364)
OS uptime: 3 days 3:19 hours

CPU: total 12 (initial active 12) (12 cores per cpu, 2 threads per core) family 25 model 80 stepping 0 microcode 0x0, cx8, cmov, fxsr, ht, mmx, 3dnowpref, sse, sse2, sse3, ssse3, sse4a, sse4.1, sse4.2, popcnt, lzcnt, tsc, tscinvbit, avx, avx2, aes, erms, clmul, bmi1, bmi2, adx, sha, fma, vzeroupper, clflush, clflushopt

Memory: 4k page, system-wide physical 5996M (373M free)
TotalPageFile size 22085M (AvailPageFile size 2788M)
current process WorkingSet (physical memory assigned to process): 883M, peak: 891M
current process commit charge ("private bytes"): 3756M, peak: 3764M

vm_info: Java HotSpot(TM) 64-Bit Server VM (16+36-2231) for windows-amd64 JRE (16+36-2231), built on Feb  8 2021 11:43:10 by "mach5one" with MS VC++ 16.7 (VS2019)

END.
