#
# A fatal error has been detected by the Java Runtime Environment:
#
#  EXCEPTION_ACCESS_VIOLATION (0xc0000005) at pc=0x00007ffb04ffe175, pid=22288, tid=24116
#
# JRE version: Java(TM) SE Runtime Environment (16.0+36) (build 16+36-2231)
# Java VM: Java HotSpot(TM) 64-Bit Server VM (16+36-2231, mixed mode, sharing, tiered, compressed oops, g1 gc, windows-amd64)
# Problematic frame:
# C  [atio6axx.dll+0x8be175]
#
# No core dump will be written. Minidumps are not enabled by default on client versions of Windows
#
# If you would like to submit a bug report, please visit:
#   https://bugreport.java.com/bugreport/crash.jsp
# The crash happened outside the Java Virtual Machine in native code.
# See problematic frame for where to report the bug.
#

---------------  S U M M A R Y ------------

Command Line: -Dfile.encoding=UTF-8 -Djava.library.path=C:\JOGLwin\lib64 Maze.MazeGameMainMethod

Host: AMD Ryzen 5 5600H with Radeon Graphics         , 12 cores, 5G,  Windows 10 , 64 bit Build 19041 (10.0.19041.2364)
Time: Sun Dec 25 22:01:02 2022 Egypt Standard Time elapsed time: 335.315998 seconds (0d 0h 5m 35s)

---------------  T H R E A D  ---------------

Current thread (0x000002c26a759720):  JavaThread "AWT-EventQueue-0" [_thread_in_native, id=24116, stack(0x000000e37bb00000,0x000000e37bc00000)]

Stack: [0x000000e37bb00000,0x000000e37bc00000],  sp=0x000000e37bbfd270,  free space=1012k
Native frames: (J=compiled Java code, j=interpreted, Vv=VM code, C=native code)
C  [atio6axx.dll+0x8be175]

Java frames: (J=compiled Java code, j=interpreted, Vv=VM code)
j  com.sun.opengl.impl.windows.WGL.SwapBuffers(J)Z+0
J 1996 c1 com.sun.opengl.impl.windows.WindowsOnscreenGLDrawable.swapBuffers()V (184 bytes) @ 0x000002c24fc7dd74 [0x000002c24fc7dc20+0x0000000000000154]
J 2020 c1 com.sun.opengl.impl.GLDrawableHelper.invokeGL(Ljavax/media/opengl/GLDrawable;Ljavax/media/opengl/GLContext;Ljava/lang/Runnable;Ljava/lang/Runnable;)V (498 bytes) @ 0x000002c24fc8f984 [0x000002c24fc8eac0+0x0000000000000ec4]
J 2018 c1 javax.media.opengl.GLCanvas.maybeDoSingleThreadedWorkaround(Ljava/lang/Runnable;Ljava/lang/Runnable;)V (40 bytes) @ 0x000002c24fc8c96c [0x000002c24fc8c7e0+0x000000000000018c]
J 1993 c1 javax.media.opengl.GLCanvas.paint(Ljava/awt/Graphics;)V (129 bytes) @ 0x000002c24fc7bf44 [0x000002c24fc7ae00+0x0000000000001144]
J 2001 c1 javax.media.opengl.GLCanvas.update(Ljava/awt/Graphics;)V (6 bytes) @ 0x000002c24fc7fe44 [0x000002c24fc7fdc0+0x0000000000000084]
J 2008 c1 sun.awt.RepaintArea.paint(Ljava/lang/Object;Z)V java.desktop@16 (354 bytes) @ 0x000002c24fc86344 [0x000002c24fc85440+0x0000000000000f04]
J 1057 c1 sun.awt.windows.WComponentPeer.handleEvent(Ljava/awt/AWTEvent;)V java.desktop@16 (173 bytes) @ 0x000002c24fa3ed64 [0x000002c24fa3dd80+0x0000000000000fe4]
J 1008 c1 java.awt.Component.dispatchEventImpl(Ljava/awt/AWTEvent;)V java.desktop@16 (777 bytes) @ 0x000002c24fa0a98c [0x000002c24fa058e0+0x00000000000050ac]
J 1032 c1 java.awt.EventQueue.dispatchEventImpl(Ljava/awt/AWTEvent;Ljava/lang/Object;)V java.desktop@16 (136 bytes) @ 0x000002c24fa16cf4 [0x000002c24fa16800+0x00000000000004f4]
J 1031 c1 java.awt.EventQueue$4.run()Ljava/lang/Void; java.desktop@16 (60 bytes) @ 0x000002c24fa160ac [0x000002c24fa15f80+0x000000000000012c]
J 1030 c1 java.awt.EventQueue$4.run()Ljava/lang/Object; java.desktop@16 (5 bytes) @ 0x000002c24fa15c34 [0x000002c24fa15bc0+0x0000000000000074]
J 780 c1 java.security.ProtectionDomain$JavaSecurityAccessImpl.doIntersectionPrivilege(Ljava/security/PrivilegedAction;Ljava/security/AccessControlContext;Ljava/security/AccessControlContext;)Ljava/lang/Object; java.base@16 (22 bytes) @ 0x000002c24f9a5ed4 [0x000002c24f9a5c40+0x0000000000000294]
J 817 c1 java.awt.EventQueue.dispatchEvent(Ljava/awt/AWTEvent;)V java.desktop@16 (80 bytes) @ 0x000002c24f9b39cc [0x000002c24f9b2ee0+0x0000000000000aec]
J 820 c1 java.awt.EventDispatchThread.pumpOneEventForFilters(I)V java.desktop@16 (113 bytes) @ 0x000002c24f9b64bc [0x000002c24f9b5e20+0x000000000000069c]
j  java.awt.EventDispatchThread.pumpEventsForFilter(ILjava/awt/Conditional;Ljava/awt/EventFilter;)V+35 java.desktop@16
j  java.awt.EventDispatchThread.pumpEventsForHierarchy(ILjava/awt/Conditional;Ljava/awt/Component;)V+11 java.desktop@16
j  java.awt.EventDispatchThread.pumpEvents(ILjava/awt/Conditional;)V+4 java.desktop@16
j  java.awt.EventDispatchThread.pumpEvents(Ljava/awt/Conditional;)V+3 java.desktop@16
j  java.awt.EventDispatchThread.run()V+9 java.desktop@16
v  ~StubRoutines::call_stub

siginfo: EXCEPTION_ACCESS_VIOLATION (0xc0000005), reading address 0xffffffffffffffff


Register to memory mapping:

RIP=0x00007ffb04ffe175 atio6axx.dll
RAX=0xdeadbeefdeadbeef is an unknown value
RBX=0x000002c4124d5640 points into unknown readable memory: 0x00007ffb06ed5c60 | 60 5c ed 06 fb 7f 00 00
RCX=0x000002c40ba2a340 points into unknown readable memory: 0x00007ffb06eae5f8 | f8 e5 ea 06 fb 7f 00 00
RDX=0xdeadbeefdeadbeef is an unknown value
RSP=0x000000e37bbfd270 is pointing into the stack for thread: 0x000002c26a759720
RBP=0x000002c40ba2a340 points into unknown readable memory: 0x00007ffb06eae5f8 | f8 e5 ea 06 fb 7f 00 00
RSI=0xdeadbeefdeadbeef is an unknown value
RDI=0xdeadbeefdeadbeef is an unknown value
R8 =0x0000000000000006 is an unknown value
R9 =0x0000000000000006 is an unknown value
R10=0x000002c26cdcc530 points into unknown readable memory: 0x00007ffb06ed5bc0 | c0 5b ed 06 fb 7f 00 00
R11=0x00000000deadbeef is an unallocated location in the heap
R12=0x0000000000000006 is an unknown value
R13=0x0 is NULL
R14=0x000002c4263226c0 points into unknown readable memory: 0x000002c26a85dc50 | 50 dc 85 6a c2 02 00 00
R15=0x0 is NULL


Registers:
RAX=0xdeadbeefdeadbeef, RBX=0x000002c4124d5640, RCX=0x000002c40ba2a340, RDX=0xdeadbeefdeadbeef
RSP=0x000000e37bbfd270, RBP=0x000002c40ba2a340, RSI=0xdeadbeefdeadbeef, RDI=0xdeadbeefdeadbeef
R8 =0x0000000000000006, R9 =0x0000000000000006, R10=0x000002c26cdcc530, R11=0x00000000deadbeef
R12=0x0000000000000006, R13=0x0000000000000000, R14=0x000002c4263226c0, R15=0x0000000000000000
RIP=0x00007ffb04ffe175, EFLAGS=0x0000000000010202

Top of Stack: (sp=0x000000e37bbfd270)
0x000000e37bbfd270:   0000010000000000 0000000000000000
0x000000e37bbfd280:   0000000000000001 000002c426b32b30
0x000000e37bbfd290:   0000000000000000 000002c4263226c0
0x000000e37bbfd2a0:   000002c426b32b30 000002c41bab6cb0
0x000000e37bbfd2b0:   deadbeefdeadbeef 00007ffb05ee9543
0x000000e37bbfd2c0:   000002c426cb57e0 000002c4124d5640
0x000000e37bbfd2d0:   000002c42651dd30 0000000000000006
0x000000e37bbfd2e0:   00007ffb06d03d48 00007ffb05e3cf47
0x000000e37bbfd2f0:   000002c4124d5640 000002c4263226c0
0x000000e37bbfd300:   00000000000000ef deadbeefdeadbeef
0x000000e37bbfd310:   aaaaaaaaaaaaaaab 00007ffb05e9a600
0x000000e37bbfd320:   0000000000000000 00007ffb05e595a9
0x000000e37bbfd330:   000002c4124d5640 000002c426b32b30
0x000000e37bbfd340:   000002c4263226c0 000002c245940000
0x000000e37bbfd350:   0000000000000b08 00007ffba37fb44d
0x000000e37bbfd360:   000002c415af3780 00007ffb05e9a600 

Instructions: (pc=0x00007ffb04ffe175)
0x00007ffb04ffe075:   46 0c 41 b8 00 04 00 00 0f 1f 00 48 8b 48 f4 4d
0x00007ffb04ffe085:   8d 49 14 48 8d 40 20 8b 51 24 41 89 51 e0 8b 48
0x00007ffb04ffe095:   dc 41 89 49 ec 8b 48 e0 41 89 49 f0 48 8b 48 e4
0x00007ffb04ffe0a5:   49 89 49 e4 49 83 e8 01 75 d1 41 b8 00 04 00 00
0x00007ffb04ffe0b5:   8b d5 49 8b ce e8 41 fe ff ff 84 c0 0f 84 7d 00
0x00007ffb04ffe0c5:   00 00 48 81 c6 00 80 00 00 81 c7 00 fc ff ff 81
0x00007ffb04ffe0d5:   ff 00 04 00 00 77 94 85 ff 74 3c 48 8d 56 0c 44
0x00007ffb04ffe0e5:   8b c7 66 0f 1f 84 00 00 00 00 00 48 8b 42 f4 48
0x00007ffb04ffe0f5:   8d 5b 14 48 8d 52 20 8b 48 24 89 4b e0 8b 42 dc
0x00007ffb04ffe105:   89 43 ec 8b 42 e0 89 43 f0 48 8b 42 e4 48 89 43
0x00007ffb04ffe115:   e4 49 83 e8 01 75 d4 44 8b c7 8b d5 49 8b ce e8
0x00007ffb04ffe125:   d7 fd ff ff 48 8b 5c 24 30 48 8b 6c 24 38 48 8b
0x00007ffb04ffe135:   74 24 40 48 8b 7c 24 48 48 83 c4 20 41 5e c3 32
0x00007ffb04ffe145:   c0 eb e1 cc cc cc cc cc cc cc cc 48 89 5c 24 10
0x00007ffb04ffe155:   48 89 6c 24 20 56 57 41 54 41 56 41 57 48 83 ec
0x00007ffb04ffe165:   20 45 8b e0 48 8b fa 48 8b e9 41 f6 c0 02 74 07
0x00007ffb04ffe175:   81 4a 20 00 04 00 00 8b 91 a8 02 00 00 48 8b 81
0x00007ffb04ffe185:   30 02 00 00 4c 8b b4 d0 80 fb 00 00 c6 44 24 60
0x00007ffb04ffe195:   00 4c 8d 44 24 60 48 8b cf e8 dd 39 00 00 48 8b
0x00007ffb04ffe1a5:   f0 48 8b 00 45 33 ff 49 3b c6 41 0f 95 c7 41 ff
0x00007ffb04ffe1b5:   c7 41 f6 c4 08 74 03 ff 46 08 49 3b c6 0f 84 b1
0x00007ffb04ffe1c5:   00 00 00 80 7f 1a 00 74 0d c6 47 1b 01 8b 85 a0
0x00007ffb04ffe1d5:   02 00 00 89 47 1c 48 8b 9d 30 02 00 00 80 bb b0
0x00007ffb04ffe1e5:   f7 00 00 00 0f 84 87 00 00 00 48 81 c3 10 f8 00
0x00007ffb04ffe1f5:   00 48 89 5c 24 50 48 8b 0b e8 7d 78 f9 ff 90 44
0x00007ffb04ffe205:   8b 4f 24 45 85 c9 74 5b 80 bf 78 03 00 00 00 75
0x00007ffb04ffe215:   52 48 8b 8d 18 03 00 00 80 7f 16 00 74 2d 33 d2
0x00007ffb04ffe225:   44 8b 41 0c 45 85 c0 74 14 48 8d 41 10 44 39 08
0x00007ffb04ffe235:   74 19 ff c2 48 83 c0 04 41 3b d0 72 f0 41 83 f8
0x00007ffb04ffe245:   10 74 08 46 89 4c 81 10 ff 41 0c 45 8b c4 48 8b
0x00007ffb04ffe255:   d7 48 8b 49 50 e8 91 9b 01 00 84 c0 75 05 45 33
0x00007ffb04ffe265:   ff eb 03 4c 89 36 48 8b 0b e8 fd 78 f9 ff 90 eb 


Stack slot to memory mapping:
stack at sp + 0 slots: 0x0000010000000000 is an unknown value
stack at sp + 1 slots: 0x0 is NULL
stack at sp + 2 slots: 0x0000000000000001 is an unknown value
stack at sp + 3 slots: 0x000002c426b32b30 points into unknown readable memory: 0x00007ffb06ed6fd8 | d8 6f ed 06 fb 7f 00 00
stack at sp + 4 slots: 0x0 is NULL
stack at sp + 5 slots: 0x000002c4263226c0 points into unknown readable memory: 0x000002c26a85dc50 | 50 dc 85 6a c2 02 00 00
stack at sp + 6 slots: 0x000002c426b32b30 points into unknown readable memory: 0x00007ffb06ed6fd8 | d8 6f ed 06 fb 7f 00 00
stack at sp + 7 slots: 0x000002c41bab6cb0 points into unknown readable memory: 0x00007ffb06eda108 | 08 a1 ed 06 fb 7f 00 00


---------------  P R O C E S S  ---------------

Threads class SMR info:
_java_thread_list=0x000002c300b805c0, length=29, elements={
0x000002c264bc1ee0, 0x000002c264bc2cb0, 0x000002c264bd1720, 0x000002c264bd4040,
0x000002c264bd4950, 0x000002c264bd5260, 0x000002c264bd93a0, 0x000002c264c05d30,
0x000002c264c08a80, 0x000002c2658a7f70, 0x000002c2658b8bf0, 0x000002c265adaff0,
0x000002c265adffe0, 0x000002c265ae3200, 0x000002c26a759720, 0x000002c26a83ec20,
0x000002c26a84fea0, 0x000002c247b78040, 0x000002c265afad90, 0x000002c265afc2d0,
0x000002c265afbd80, 0x000002c265afc820, 0x000002c214915380, 0x000002c214910920,
0x000002c214918350, 0x000002c214915e20, 0x000002c214911910, 0x000002c2e5c3b830,
0x000002c2e5c42270
}

Java Threads: ( => current thread )
  0x000002c264bc1ee0 JavaThread "Reference Handler" daemon [_thread_blocked, id=26968, stack(0x000000e37a100000,0x000000e37a200000)]
  0x000002c264bc2cb0 JavaThread "Finalizer" daemon [_thread_blocked, id=26176, stack(0x000000e37a200000,0x000000e37a300000)]
  0x000002c264bd1720 JavaThread "Signal Dispatcher" daemon [_thread_blocked, id=18900, stack(0x000000e37a300000,0x000000e37a400000)]
  0x000002c264bd4040 JavaThread "Attach Listener" daemon [_thread_blocked, id=22112, stack(0x000000e37a400000,0x000000e37a500000)]
  0x000002c264bd4950 JavaThread "Service Thread" daemon [_thread_blocked, id=17120, stack(0x000000e37a500000,0x000000e37a600000)]
  0x000002c264bd5260 JavaThread "Monitor Deflation Thread" daemon [_thread_blocked, id=9588, stack(0x000000e37a600000,0x000000e37a700000)]
  0x000002c264bd93a0 JavaThread "C2 CompilerThread0" daemon [_thread_blocked, id=18904, stack(0x000000e37a700000,0x000000e37a800000)]
  0x000002c264c05d30 JavaThread "C1 CompilerThread0" daemon [_thread_blocked, id=11108, stack(0x000000e37a800000,0x000000e37a900000)]
  0x000002c264c08a80 JavaThread "Sweeper thread" daemon [_thread_blocked, id=13880, stack(0x000000e37a900000,0x000000e37aa00000)]
  0x000002c2658a7f70 JavaThread "Notification Thread" daemon [_thread_blocked, id=19140, stack(0x000000e37aa00000,0x000000e37ab00000)]
  0x000002c2658b8bf0 JavaThread "Common-Cleaner" daemon [_thread_blocked, id=10972, stack(0x000000e37ac00000,0x000000e37ad00000)]
  0x000002c265adaff0 JavaThread "Java2D Disposer" daemon [_thread_blocked, id=21736, stack(0x000000e37ad00000,0x000000e37ae00000)]
  0x000002c265adffe0 JavaThread "AWT-Shutdown" [_thread_blocked, id=17056, stack(0x000000e37ae00000,0x000000e37af00000)]
  0x000002c265ae3200 JavaThread "AWT-Windows" daemon [_thread_in_native, id=24588, stack(0x000000e37af00000,0x000000e37b000000)]
=>0x000002c26a759720 JavaThread "AWT-EventQueue-0" [_thread_in_native, id=24116, stack(0x000000e37bb00000,0x000000e37bc00000)]
  0x000002c26a83ec20 JavaThread "D3D Screen Updater" daemon [_thread_blocked, id=31500, stack(0x000000e37bd00000,0x000000e37be00000)]
  0x000002c26a84fea0 JavaThread "TimerQueue" daemon [_thread_blocked, id=20324, stack(0x000000e37be00000,0x000000e37bf00000)]
  0x000002c247b78040 JavaThread "DestroyJavaVM" [_thread_blocked, id=11736, stack(0x000000e379a00000,0x000000e379b00000)]
  0x000002c265afad90 JavaThread "Java Sound Event Dispatcher" daemon [_thread_blocked, id=13644, stack(0x000000e37c900000,0x000000e37ca00000)]
  0x000002c265afc2d0 JavaThread "Direct Clip" daemon [_thread_blocked, id=3296, stack(0x000000e37cc00000,0x000000e37cd00000)]
  0x000002c265afbd80 JavaThread "Direct Clip" daemon [_thread_blocked, id=29804, stack(0x000000e37de00000,0x000000e37df00000)]
  0x000002c265afc820 JavaThread "Direct Clip" daemon [_thread_blocked, id=20864, stack(0x000000e37eb00000,0x000000e37ec00000)]
  0x000002c214915380 JavaThread "Direct Clip" daemon [_thread_blocked, id=9616, stack(0x000000e37f000000,0x000000e37f100000)]
  0x000002c214910920 JavaThread "Direct Clip" daemon [_thread_blocked, id=13856, stack(0x000000e37f500000,0x000000e37f600000)]
  0x000002c214918350 JavaThread "Direct Clip" daemon [_thread_blocked, id=19840, stack(0x000000e37fa00000,0x000000e37fb00000)]
  0x000002c214915e20 JavaThread "Direct Clip" daemon [_thread_blocked, id=17632, stack(0x000000e300300000,0x000000e300400000)]
  0x000002c214911910 JavaThread "Direct Clip" daemon [_thread_blocked, id=13548, stack(0x000000e300600000,0x000000e300700000)]
  0x000002c2e5c3b830 JavaThread "Direct Clip" daemon [_thread_blocked, id=9008, stack(0x000000e300700000,0x000000e300800000)]
  0x000002c2e5c42270 JavaThread "Direct Clip" daemon [_thread_blocked, id=21076, stack(0x000000e300800000,0x000000e300900000)]

Other Threads:
  0x000002c264bbc370 VMThread "VM Thread" [stack: 0x000000e37a000000,0x000000e37a100000] [id=14552]
  0x000002c2658ac8c0 WatcherThread [stack: 0x000000e37ab00000,0x000000e37ac00000] [id=14036]
  0x000002c247bb06c0 GCTaskThread "GC Thread#0" [stack: 0x000000e379b00000,0x000000e379c00000] [id=19820]
  0x000002c247bbf6b0 ConcurrentGCThread "G1 Main Marker" [stack: 0x000000e379c00000,0x000000e379d00000] [id=20548]
  0x000002c247bc1860 ConcurrentGCThread "G1 Conc#0" [stack: 0x000000e379d00000,0x000000e379e00000] [id=22888]
  0x000002c247c3ce60 ConcurrentGCThread "G1 Refine#0" [stack: 0x000000e379e00000,0x000000e379f00000] [id=30956]
  0x000002c247c3d870 ConcurrentGCThread "G1 Service" [stack: 0x000000e379f00000,0x000000e37a000000] [id=11908]

Threads with active compile tasks:

VM state: not at safepoint (normal execution)

VM Mutex/Monitor currently owned by a thread: None

Heap address: 0x00000000a2400000, size: 1500 MB, Compressed Oops mode: 32-bit
CDS archive(s) mapped at: [0x0000000800000000-0x0000000800bb0000-0x0000000800bb0000), size 12255232, SharedBaseAddress: 0x0000000800000000, ArchiveRelocationMode: 0.
Compressed class space mapped at: 0x0000000800c00000-0x0000000840c00000, reserved size: 1073741824
Narrow klass base: 0x0000000800000000, Narrow klass shift: 3, Narrow klass range: 0x100000000

GC Precious Log:
 CPUs: 12 total, 12 available
 Memory: 5996M
 Large Page Support: Disabled
 NUMA Support: Disabled
 Compressed Oops: Enabled (32-bit)
 Heap Region Size: 1M
 Heap Min Capacity: 8M
 Heap Initial Capacity: 94M
 Heap Max Capacity: 1500M
 Pre-touch: Disabled
 Parallel Workers: 10
 Concurrent Workers: 3
 Concurrent Refinement Workers: 10
 Periodic GC: Disabled

Heap:
 garbage-first heap   total 96256K, used 28672K [0x00000000a2400000, 0x0000000100000000)
  region size 1024K, 19 young (19456K), 0 survivors (0K)
 Metaspace       used 12435K, committed 12672K, reserved 1064960K
  class space    used 1241K, committed 1344K, reserved 1048576K

Heap Regions: E=young(eden), S=young(survivor), O=old, HS=humongous(starts), HC=humongous(continues), CS=collection set, F=free, OA=open archive, CA=closed archive, TAMS=top-at-mark-start (previous, next)
|   0|0x00000000a2400000, 0x00000000a2500000, 0x00000000a2500000|100%|HS|  |TAMS 0x00000000a2400000, 0x00000000a2400000| Complete 
|   1|0x00000000a2500000, 0x00000000a2600000, 0x00000000a2600000|100%|HS|  |TAMS 0x00000000a2500000, 0x00000000a2500000| Complete 
|   2|0x00000000a2600000, 0x00000000a2700000, 0x00000000a2700000|100%|HS|  |TAMS 0x00000000a2600000, 0x00000000a2600000| Complete 
|   3|0x00000000a2700000, 0x00000000a2800000, 0x00000000a2800000|100%|HS|  |TAMS 0x00000000a2700000, 0x00000000a2700000| Complete 
|   4|0x00000000a2800000, 0x00000000a2900000, 0x00000000a2900000|100%|HS|  |TAMS 0x00000000a2800000, 0x00000000a2800000| Complete 
|   5|0x00000000a2900000, 0x00000000a2a00000, 0x00000000a2a00000|100%|HS|  |TAMS 0x00000000a2900000, 0x00000000a2900000| Complete 
|   6|0x00000000a2a00000, 0x00000000a2b00000, 0x00000000a2b00000|100%|HS|  |TAMS 0x00000000a2a00000, 0x00000000a2a00000| Complete 
|   7|0x00000000a2b00000, 0x00000000a2c00000, 0x00000000a2c00000|100%|HS|  |TAMS 0x00000000a2b00000, 0x00000000a2b00000| Complete 
|   8|0x00000000a2c00000, 0x00000000a2d00000, 0x00000000a2d00000|100%|HS|  |TAMS 0x00000000a2c00000, 0x00000000a2c00000| Complete 
|   9|0x00000000a2d00000, 0x00000000a2e00000, 0x00000000a2e00000|100%|HS|  |TAMS 0x00000000a2d00000, 0x00000000a2d00000| Complete 
|  10|0x00000000a2e00000, 0x00000000a2e00000, 0x00000000a2f00000|  0%| F|  |TAMS 0x00000000a2e00000, 0x00000000a2e00000| Untracked 
|  11|0x00000000a2f00000, 0x00000000a2f00000, 0x00000000a3000000|  0%| F|  |TAMS 0x00000000a2f00000, 0x00000000a2f00000| Untracked 
|  12|0x00000000a3000000, 0x00000000a3000000, 0x00000000a3100000|  0%| F|  |TAMS 0x00000000a3000000, 0x00000000a3000000| Untracked 
|  13|0x00000000a3100000, 0x00000000a3100000, 0x00000000a3200000|  0%| F|  |TAMS 0x00000000a3100000, 0x00000000a3100000| Untracked 
|  14|0x00000000a3200000, 0x00000000a3200000, 0x00000000a3300000|  0%| F|  |TAMS 0x00000000a3200000, 0x00000000a3200000| Untracked 
|  15|0x00000000a3300000, 0x00000000a3300000, 0x00000000a3400000|  0%| F|  |TAMS 0x00000000a3300000, 0x00000000a3300000| Untracked 
|  16|0x00000000a3400000, 0x00000000a3400000, 0x00000000a3500000|  0%| F|  |TAMS 0x00000000a3400000, 0x00000000a3400000| Untracked 
|  17|0x00000000a3500000, 0x00000000a3500000, 0x00000000a3600000|  0%| F|  |TAMS 0x00000000a3500000, 0x00000000a3500000| Untracked 
|  18|0x00000000a3600000, 0x00000000a3600000, 0x00000000a3700000|  0%| F|  |TAMS 0x00000000a3600000, 0x00000000a3600000| Untracked 
|  19|0x00000000a3700000, 0x00000000a3700000, 0x00000000a3800000|  0%| F|  |TAMS 0x00000000a3700000, 0x00000000a3700000| Untracked 
|  20|0x00000000a3800000, 0x00000000a3800000, 0x00000000a3900000|  0%| F|  |TAMS 0x00000000a3800000, 0x00000000a3800000| Untracked 
|  21|0x00000000a3900000, 0x00000000a3900000, 0x00000000a3a00000|  0%| F|  |TAMS 0x00000000a3900000, 0x00000000a3900000| Untracked 
|  22|0x00000000a3a00000, 0x00000000a3a00000, 0x00000000a3b00000|  0%| F|  |TAMS 0x00000000a3a00000, 0x00000000a3a00000| Untracked 
|  23|0x00000000a3b00000, 0x00000000a3b00000, 0x00000000a3c00000|  0%| F|  |TAMS 0x00000000a3b00000, 0x00000000a3b00000| Untracked 
|  24|0x00000000a3c00000, 0x00000000a3c00000, 0x00000000a3d00000|  0%| F|  |TAMS 0x00000000a3c00000, 0x00000000a3c00000| Untracked 
|  25|0x00000000a3d00000, 0x00000000a3d00000, 0x00000000a3e00000|  0%| F|  |TAMS 0x00000000a3d00000, 0x00000000a3d00000| Untracked 
|  26|0x00000000a3e00000, 0x00000000a3e00000, 0x00000000a3f00000|  0%| F|  |TAMS 0x00000000a3e00000, 0x00000000a3e00000| Untracked 
|  27|0x00000000a3f00000, 0x00000000a3f00000, 0x00000000a4000000|  0%| F|  |TAMS 0x00000000a3f00000, 0x00000000a3f00000| Untracked 
|  28|0x00000000a4000000, 0x00000000a4000000, 0x00000000a4100000|  0%| F|  |TAMS 0x00000000a4000000, 0x00000000a4000000| Untracked 
|  29|0x00000000a4100000, 0x00000000a4100000, 0x00000000a4200000|  0%| F|  |TAMS 0x00000000a4100000, 0x00000000a4100000| Untracked 
|  30|0x00000000a4200000, 0x00000000a4200000, 0x00000000a4300000|  0%| F|  |TAMS 0x00000000a4200000, 0x00000000a4200000| Untracked 
|  31|0x00000000a4300000, 0x00000000a4300000, 0x00000000a4400000|  0%| F|  |TAMS 0x00000000a4300000, 0x00000000a4300000| Untracked 
|  32|0x00000000a4400000, 0x00000000a4400000, 0x00000000a4500000|  0%| F|  |TAMS 0x00000000a4400000, 0x00000000a4400000| Untracked 
|  33|0x00000000a4500000, 0x00000000a4500000, 0x00000000a4600000|  0%| F|  |TAMS 0x00000000a4500000, 0x00000000a4500000| Untracked 
|  34|0x00000000a4600000, 0x00000000a4600000, 0x00000000a4700000|  0%| F|  |TAMS 0x00000000a4600000, 0x00000000a4600000| Untracked 
|  35|0x00000000a4700000, 0x00000000a4700000, 0x00000000a4800000|  0%| F|  |TAMS 0x00000000a4700000, 0x00000000a4700000| Untracked 
|  36|0x00000000a4800000, 0x00000000a4800000, 0x00000000a4900000|  0%| F|  |TAMS 0x00000000a4800000, 0x00000000a4800000| Untracked 
|  37|0x00000000a4900000, 0x00000000a4900000, 0x00000000a4a00000|  0%| F|  |TAMS 0x00000000a4900000, 0x00000000a4900000| Untracked 
|  38|0x00000000a4a00000, 0x00000000a4a00000, 0x00000000a4b00000|  0%| F|  |TAMS 0x00000000a4a00000, 0x00000000a4a00000| Untracked 
|  39|0x00000000a4b00000, 0x00000000a4b00000, 0x00000000a4c00000|  0%| F|  |TAMS 0x00000000a4b00000, 0x00000000a4b00000| Untracked 
|  40|0x00000000a4c00000, 0x00000000a4c00000, 0x00000000a4d00000|  0%| F|  |TAMS 0x00000000a4c00000, 0x00000000a4c00000| Untracked 
|  41|0x00000000a4d00000, 0x00000000a4d00000, 0x00000000a4e00000|  0%| F|  |TAMS 0x00000000a4d00000, 0x00000000a4d00000| Untracked 
|  42|0x00000000a4e00000, 0x00000000a4e00000, 0x00000000a4f00000|  0%| F|  |TAMS 0x00000000a4e00000, 0x00000000a4e00000| Untracked 
|  43|0x00000000a4f00000, 0x00000000a4f00000, 0x00000000a5000000|  0%| F|  |TAMS 0x00000000a4f00000, 0x00000000a4f00000| Untracked 
|  44|0x00000000a5000000, 0x00000000a5000000, 0x00000000a5100000|  0%| F|  |TAMS 0x00000000a5000000, 0x00000000a5000000| Untracked 
|  45|0x00000000a5100000, 0x00000000a5100000, 0x00000000a5200000|  0%| F|  |TAMS 0x00000000a5100000, 0x00000000a5100000| Untracked 
|  46|0x00000000a5200000, 0x00000000a5200000, 0x00000000a5300000|  0%| F|  |TAMS 0x00000000a5200000, 0x00000000a5200000| Untracked 
|  47|0x00000000a5300000, 0x00000000a5300000, 0x00000000a5400000|  0%| F|  |TAMS 0x00000000a5300000, 0x00000000a5300000| Untracked 
|  48|0x00000000a5400000, 0x00000000a5400000, 0x00000000a5500000|  0%| F|  |TAMS 0x00000000a5400000, 0x00000000a5400000| Untracked 
|  49|0x00000000a5500000, 0x00000000a5500000, 0x00000000a5600000|  0%| F|  |TAMS 0x00000000a5500000, 0x00000000a5500000| Untracked 
|  50|0x00000000a5600000, 0x00000000a5600000, 0x00000000a5700000|  0%| F|  |TAMS 0x00000000a5600000, 0x00000000a5600000| Untracked 
|  51|0x00000000a5700000, 0x00000000a5700000, 0x00000000a5800000|  0%| F|  |TAMS 0x00000000a5700000, 0x00000000a5700000| Untracked 
|  52|0x00000000a5800000, 0x00000000a5800000, 0x00000000a5900000|  0%| F|  |TAMS 0x00000000a5800000, 0x00000000a5800000| Untracked 
|  53|0x00000000a5900000, 0x00000000a5900000, 0x00000000a5a00000|  0%| F|  |TAMS 0x00000000a5900000, 0x00000000a5900000| Untracked 
|  54|0x00000000a5a00000, 0x00000000a5a00000, 0x00000000a5b00000|  0%| F|  |TAMS 0x00000000a5a00000, 0x00000000a5a00000| Untracked 
|  55|0x00000000a5b00000, 0x00000000a5b00000, 0x00000000a5c00000|  0%| F|  |TAMS 0x00000000a5b00000, 0x00000000a5b00000| Untracked 
|  56|0x00000000a5c00000, 0x00000000a5c00000, 0x00000000a5d00000|  0%| F|  |TAMS 0x00000000a5c00000, 0x00000000a5c00000| Untracked 
|  57|0x00000000a5d00000, 0x00000000a5d00000, 0x00000000a5e00000|  0%| F|  |TAMS 0x00000000a5d00000, 0x00000000a5d00000| Untracked 
|  58|0x00000000a5e00000, 0x00000000a5e00000, 0x00000000a5f00000|  0%| F|  |TAMS 0x00000000a5e00000, 0x00000000a5e00000| Untracked 
|  59|0x00000000a5f00000, 0x00000000a5f00000, 0x00000000a6000000|  0%| F|  |TAMS 0x00000000a5f00000, 0x00000000a5f00000| Untracked 
|  60|0x00000000a6000000, 0x00000000a6000000, 0x00000000a6100000|  0%| F|  |TAMS 0x00000000a6000000, 0x00000000a6000000| Untracked 
|  61|0x00000000a6100000, 0x00000000a6100000, 0x00000000a6200000|  0%| F|  |TAMS 0x00000000a6100000, 0x00000000a6100000| Untracked 
|  62|0x00000000a6200000, 0x00000000a6200000, 0x00000000a6300000|  0%| F|  |TAMS 0x00000000a6200000, 0x00000000a6200000| Untracked 
|  63|0x00000000a6300000, 0x00000000a6300000, 0x00000000a6400000|  0%| F|  |TAMS 0x00000000a6300000, 0x00000000a6300000| Untracked 
|  64|0x00000000a6400000, 0x00000000a6400000, 0x00000000a6500000|  0%| F|  |TAMS 0x00000000a6400000, 0x00000000a6400000| Untracked 
|  65|0x00000000a6500000, 0x00000000a6500000, 0x00000000a6600000|  0%| F|  |TAMS 0x00000000a6500000, 0x00000000a6500000| Untracked 
|  66|0x00000000a6600000, 0x00000000a6600000, 0x00000000a6700000|  0%| F|  |TAMS 0x00000000a6600000, 0x00000000a6600000| Untracked 
|  67|0x00000000a6700000, 0x00000000a6700000, 0x00000000a6800000|  0%| F|  |TAMS 0x00000000a6700000, 0x00000000a6700000| Untracked 
|  68|0x00000000a6800000, 0x00000000a6800000, 0x00000000a6900000|  0%| F|  |TAMS 0x00000000a6800000, 0x00000000a6800000| Untracked 
|  69|0x00000000a6900000, 0x00000000a6900000, 0x00000000a6a00000|  0%| F|  |TAMS 0x00000000a6900000, 0x00000000a6900000| Untracked 
|  70|0x00000000a6a00000, 0x00000000a6a00000, 0x00000000a6b00000|  0%| F|  |TAMS 0x00000000a6a00000, 0x00000000a6a00000| Untracked 
|  71|0x00000000a6b00000, 0x00000000a6b00000, 0x00000000a6c00000|  0%| F|  |TAMS 0x00000000a6b00000, 0x00000000a6b00000| Untracked 
|  72|0x00000000a6c00000, 0x00000000a6c00000, 0x00000000a6d00000|  0%| F|  |TAMS 0x00000000a6c00000, 0x00000000a6c00000| Untracked 
|  73|0x00000000a6d00000, 0x00000000a6d00000, 0x00000000a6e00000|  0%| F|  |TAMS 0x00000000a6d00000, 0x00000000a6d00000| Untracked 
|  74|0x00000000a6e00000, 0x00000000a6e00000, 0x00000000a6f00000|  0%| F|  |TAMS 0x00000000a6e00000, 0x00000000a6e00000| Untracked 
|  75|0x00000000a6f00000, 0x00000000a6f76450, 0x00000000a7000000| 46%| E|  |TAMS 0x00000000a6f00000, 0x00000000a6f00000| Complete 
|  76|0x00000000a7000000, 0x00000000a7100000, 0x00000000a7100000|100%| E|CS|TAMS 0x00000000a7000000, 0x00000000a7000000| Complete 
|  77|0x00000000a7100000, 0x00000000a7200000, 0x00000000a7200000|100%| E|CS|TAMS 0x00000000a7100000, 0x00000000a7100000| Complete 
|  78|0x00000000a7200000, 0x00000000a7300000, 0x00000000a7300000|100%| E|CS|TAMS 0x00000000a7200000, 0x00000000a7200000| Complete 
|  79|0x00000000a7300000, 0x00000000a7400000, 0x00000000a7400000|100%| E|CS|TAMS 0x00000000a7300000, 0x00000000a7300000| Complete 
|  80|0x00000000a7400000, 0x00000000a7500000, 0x00000000a7500000|100%| E|CS|TAMS 0x00000000a7400000, 0x00000000a7400000| Complete 
|  81|0x00000000a7500000, 0x00000000a7600000, 0x00000000a7600000|100%| E|CS|TAMS 0x00000000a7500000, 0x00000000a7500000| Complete 
|  82|0x00000000a7600000, 0x00000000a7700000, 0x00000000a7700000|100%| E|CS|TAMS 0x00000000a7600000, 0x00000000a7600000| Complete 
|  83|0x00000000a7700000, 0x00000000a7800000, 0x00000000a7800000|100%| E|CS|TAMS 0x00000000a7700000, 0x00000000a7700000| Complete 
|  84|0x00000000a7800000, 0x00000000a7900000, 0x00000000a7900000|100%| E|CS|TAMS 0x00000000a7800000, 0x00000000a7800000| Complete 
|  85|0x00000000a7900000, 0x00000000a7a00000, 0x00000000a7a00000|100%| E|CS|TAMS 0x00000000a7900000, 0x00000000a7900000| Complete 
|  86|0x00000000a7a00000, 0x00000000a7b00000, 0x00000000a7b00000|100%| E|CS|TAMS 0x00000000a7a00000, 0x00000000a7a00000| Complete 
|  87|0x00000000a7b00000, 0x00000000a7c00000, 0x00000000a7c00000|100%| E|CS|TAMS 0x00000000a7b00000, 0x00000000a7b00000| Complete 
|  88|0x00000000a7c00000, 0x00000000a7d00000, 0x00000000a7d00000|100%| E|CS|TAMS 0x00000000a7c00000, 0x00000000a7c00000| Complete 
|  89|0x00000000a7d00000, 0x00000000a7e00000, 0x00000000a7e00000|100%| E|CS|TAMS 0x00000000a7d00000, 0x00000000a7d00000| Complete 
|  90|0x00000000a7e00000, 0x00000000a7f00000, 0x00000000a7f00000|100%| E|CS|TAMS 0x00000000a7e00000, 0x00000000a7e00000| Complete 
|  91|0x00000000a7f00000, 0x00000000a8000000, 0x00000000a8000000|100%| E|CS|TAMS 0x00000000a7f00000, 0x00000000a7f00000| Complete 
|  92|0x00000000a8000000, 0x00000000a8100000, 0x00000000a8100000|100%| E|CS|TAMS 0x00000000a8000000, 0x00000000a8000000| Complete 
|  93|0x00000000a8100000, 0x00000000a8200000, 0x00000000a8200000|100%| E|CS|TAMS 0x00000000a8100000, 0x00000000a8100000| Complete 

Card table byte_map: [0x000002c25eb30000,0x000002c25ee20000] _byte_map_base: 0x000002c25e61e000

Marking Bits (Prev, Next): (CMBitMap*) 0x000002c247bb1cd0, (CMBitMap*) 0x000002c247bb1d10
 Prev Bits: [0x000002c25f110000, 0x000002c260880000)
 Next Bits: [0x000002c260880000, 0x000002c261ff0000)

Polling page: 0x000002c247360000

Metaspace:

Usage:
  Non-class:     10.93 MB used.
      Class:      1.21 MB used.
       Both:     12.14 MB used.

Virtual space:
  Non-class space:       16.00 MB reserved,      11.06 MB ( 69%) committed,  2 nodes.
      Class space:        1.00 GB reserved,       1.31 MB ( <1%) committed,  1 nodes.
              Both:        1.02 GB reserved,      12.38 MB (  1%) committed. 

Chunk freelists:
   Non-Class:  992.00 KB
       Class:  2.63 MB
        Both:  3.60 MB

MaxMetaspaceSize: 17179869184.00 GB
CompressedClassSpaceSize: 1.00 GB
 - commit_granule_bytes: 65536.
 - commit_granule_words: 8192.
 - virtual_space_node_default_size: 1048576.
 - enlarge_chunks_in_place: 1.
 - new_chunks_are_fully_committed: 0.
 - uncommit_free_chunks: 1.
 - use_allocation_guard: 0.
 - handle_deallocations: 1.


Internal statistics:

num_allocs_failed_limit: 0.
num_arena_births: 134.
num_arena_deaths: 0.
num_vsnodes_births: 3.
num_vsnodes_deaths: 0.
num_space_committed: 196.
num_space_uncommitted: 0.
num_chunks_returned_to_freelist: 0.
num_chunks_taken_from_freelist: 238.
num_chunk_merges: 0.
num_chunk_splits: 152.
num_chunks_enlarged: 89.
num_purges: 0.

CodeHeap 'non-profiled nmethods': size=120000Kb used=716Kb max_used=716Kb free=119283Kb
 bounds [0x000002c256dc0000, 0x000002c257030000, 0x000002c25e2f0000]
CodeHeap 'profiled nmethods': size=120000Kb used=4135Kb max_used=4135Kb free=115864Kb
 bounds [0x000002c24f890000, 0x000002c24fca0000, 0x000002c256dc0000]
CodeHeap 'non-nmethods': size=5760Kb used=1450Kb max_used=1499Kb free=4309Kb
 bounds [0x000002c24f2f0000, 0x000002c24f560000, 0x000002c24f890000]
 total_blobs=2845 nmethods=2029 adapters=727
 compilation: enabled
              stopped_count=0, restarted_count=0
 full_count=0

Compilation events (20 events):
Event: 333.259 Thread 0x000002c264c05d30 2017       3       com.sun.opengl.impl.windows.WindowsOnscreenGLDrawable::unlockSurface (193 bytes)
Event: 333.265 Thread 0x000002c264c05d30 nmethod 2017 0x000002c24fc8b290 code [0x000002c24fc8b500, 0x000002c24fc8c1e8]
Event: 333.266 Thread 0x000002c264c05d30 2018       3       javax.media.opengl.GLCanvas::maybeDoSingleThreadedWorkaround (40 bytes)
Event: 333.269 Thread 0x000002c264c05d30 nmethod 2018 0x000002c24fc8c610 code [0x000002c24fc8c7e0, 0x000002c24fc8cae8]
Event: 333.269 Thread 0x000002c264c05d30 2019       3       javax.media.opengl.Threading::isOpenGLThread (141 bytes)
Event: 333.278 Thread 0x000002c264c05d30 nmethod 2019 0x000002c24fc8cc10 code [0x000002c24fc8cf60, 0x000002c24fc8e138]
Event: 333.278 Thread 0x000002c264c05d30 2020   !   3       com.sun.opengl.impl.GLDrawableHelper::invokeGL (498 bytes)
Event: 333.282 Thread 0x000002c264c05d30 nmethod 2020 0x000002c24fc8e690 code [0x000002c24fc8eac0, 0x000002c24fc91278]
Event: 333.282 Thread 0x000002c264c05d30 2021   !   3       com.sun.opengl.impl.GLContextImpl::makeCurrent (130 bytes)
Event: 333.285 Thread 0x000002c264c05d30 nmethod 2021 0x000002c24fc91f10 code [0x000002c24fc921c0, 0x000002c24fc93048]
Event: 333.285 Thread 0x000002c264c05d30 2022   !   3       com.sun.opengl.impl.GLContextLock::lock (190 bytes)
Event: 333.288 Thread 0x000002c264c05d30 nmethod 2022 0x000002c24fc93490 code [0x000002c24fc93880, 0x000002c24fc952a8]
Event: 333.288 Thread 0x000002c264c05d30 2023       3       com.sun.opengl.impl.windows.WindowsGLContext::releaseImpl (44 bytes)
Event: 333.288 Thread 0x000002c264c05d30 nmethod 2023 0x000002c24fc95f90 code [0x000002c24fc961c0, 0x000002c24fc968e8]
Event: 333.288 Thread 0x000002c264c05d30 2027   !   3       com.sun.opengl.impl.GLContextLock::unlock (123 bytes)
Event: 333.289 Thread 0x000002c264c05d30 nmethod 2027 0x000002c24fc96b90 code [0x000002c24fc96f60, 0x000002c24fc987e8]
Event: 334.967 Thread 0x000002c264bd93a0 2028       4       java.awt.Container::getFocusTraversalKeys (26 bytes)
Event: 334.969 Thread 0x000002c264bd93a0 nmethod 2028 0x000002c256e72f90 code [0x000002c256e73120, 0x000002c256e73218]
Event: 335.168 Thread 0x000002c264c05d30 2029       3       sun.awt.RepaintArea::subtract (221 bytes)
Event: 335.169 Thread 0x000002c264c05d30 nmethod 2029 0x000002c24fc99390 code [0x000002c24fc99580, 0x000002c24fc99ca8]

GC Heap History (0 events):
No events

Deoptimization events (20 events):
Event: 265.416 Thread 0x000002c26a759720 Uncommon trap: trap_request=0xffffff45 fr.pc=0x000002c256e1e2ec relative=0x000000000000156c
Event: 265.416 Thread 0x000002c26a759720 Uncommon trap: reason=unstable_if action=reinterpret pc=0x000002c256e1e2ec method=Maze.EasyLevel.display(Ljavax/media/opengl/GLAutoDrawable;)V @ 907 c2
Event: 265.416 Thread 0x000002c26a759720 DEOPT PACKING pc=0x000002c256e1e2ec sp=0x000000e37bbfe390
Event: 265.416 Thread 0x000002c26a759720 DEOPT UNPACKING pc=0x000002c24f33d72e sp=0x000000e37bbfe340 mode 2
Event: 266.834 Thread 0x000002c26a759720 DEOPT PACKING pc=0x000002c24fbf3853 sp=0x000000e37bbfe270
Event: 266.834 Thread 0x000002c26a759720 DEOPT UNPACKING pc=0x000002c24f33dece sp=0x000000e37bbfd838 mode 0
Event: 267.130 Thread 0x000002c26a759720 DEOPT PACKING pc=0x000002c24fbf3853 sp=0x000000e37bbfe270
Event: 267.130 Thread 0x000002c26a759720 DEOPT UNPACKING pc=0x000002c24f33dece sp=0x000000e37bbfd838 mode 0
Event: 267.449 Thread 0x000002c26a759720 DEOPT PACKING pc=0x000002c24fbf3853 sp=0x000000e37bbfe270
Event: 267.449 Thread 0x000002c26a759720 DEOPT UNPACKING pc=0x000002c24f33dece sp=0x000000e37bbfd838 mode 0
Event: 270.315 Thread 0x000002c26a759720 Uncommon trap: trap_request=0xffffff45 fr.pc=0x000002c256e4a308 relative=0x0000000000001688
Event: 270.315 Thread 0x000002c26a759720 Uncommon trap: reason=unstable_if action=reinterpret pc=0x000002c256e4a308 method=Maze.EasyLevel.display(Ljavax/media/opengl/GLAutoDrawable;)V @ 999 c2
Event: 270.315 Thread 0x000002c26a759720 DEOPT PACKING pc=0x000002c256e4a308 sp=0x000000e37bbfe390
Event: 270.315 Thread 0x000002c26a759720 DEOPT UNPACKING pc=0x000002c24f33d72e sp=0x000000e37bbfe340 mode 2
Event: 270.351 Thread 0x000002c26a759720 Uncommon trap: trap_request=0xffffff45 fr.pc=0x000002c256e14eec relative=0x00000000000012ac
Event: 270.351 Thread 0x000002c26a759720 Uncommon trap: reason=unstable_if action=reinterpret pc=0x000002c256e14eec method=Maze.EasyLevel.display(Ljavax/media/opengl/GLAutoDrawable;)V @ 1415 c2
Event: 270.351 Thread 0x000002c26a759720 DEOPT PACKING pc=0x000002c256e14eec sp=0x000000e37bbfe3b0
Event: 270.351 Thread 0x000002c26a759720 DEOPT UNPACKING pc=0x000002c24f33d72e sp=0x000000e37bbfe340 mode 2
Event: 327.535 Thread 0x000002c26a759720 DEOPT PACKING pc=0x000002c24fc0ae29 sp=0x000000e37bbfe280
Event: 327.535 Thread 0x000002c26a759720 DEOPT UNPACKING pc=0x000002c24f33dece sp=0x000000e37bbfd848 mode 0

Classes unloaded (0 events):
No events

Classes redefined (0 events):
No events

Internal exceptions (17 events):
Event: 0.104 Thread 0x000002c247b78040 Exception <a 'java/lang/NoSuchMethodError'{0x00000000a8063128}: 'void java.lang.invoke.DirectMethodHandle$Holder.invokeSpecial(java.lang.Object, java.lang.Object, java.lang.Object)'> (0x00000000a8063128) 
thrown [t:\workspace\open\src\hotspot\share\interpreter\linkResolver.cpp, line 790]
Event: 0.121 Thread 0x000002c247b78040 Exception <a 'java/lang/ClassNotFoundException'{0x00000000a80805f8}: sun/awt/resources/spi/awtProvider> (0x00000000a80805f8) 
thrown [t:\workspace\open\src\hotspot\share\classfile\systemDictionary.cpp, line 256]
Event: 0.156 Thread 0x000002c247b78040 Exception <a 'java/io/FileNotFoundException'{0x00000000a80da070}> (0x00000000a80da070) 
thrown [t:\workspace\open\src\hotspot\share\prims\jni.cpp, line 579]
Event: 0.165 Thread 0x000002c247b78040 Exception <a 'java/io/FileNotFoundException'{0x00000000a7f09568}> (0x00000000a7f09568) 
thrown [t:\workspace\open\src\hotspot\share\prims\jni.cpp, line 579]
Event: 0.166 Thread 0x000002c247b78040 Exception <a 'java/lang/NoSuchMethodError'{0x00000000a7f0a750}: 'java.lang.Object java.lang.invoke.DirectMethodHandle$Holder.invokeStatic(java.lang.Object)'> (0x00000000a7f0a750) 
thrown [t:\workspace\open\src\hotspot\share\interpreter\linkResolver.cpp, line 790]
Event: 0.214 Thread 0x000002c247b78040 Exception <a 'java/lang/NoSuchMethodError'{0x00000000a7f5fa00}: 'java.lang.Object java.lang.invoke.DirectMethodHandle$Holder.invokeStaticInit(java.lang.Object)'> (0x00000000a7f5fa00) 
thrown [t:\workspace\open\src\hotspot\share\interpreter\linkResolver.cpp, line 790]
Event: 0.341 Thread 0x000002c247b78040 Exception <a 'java/lang/NoSuchMethodError'{0x00000000a7e482a0}: 'java.lang.Object java.lang.invoke.DirectMethodHandle$Holder.newInvokeSpecial(java.lang.Object, java.lang.Object, java.lang.Object, java.lang.Object, java.lang.Object)'> (0x00000000a7e482a0) 
thrown [t:\workspace\open\src\hotspot\share\interpreter\linkResolver.cpp, line 790]
Event: 0.343 Thread 0x000002c247b78040 Exception <a 'java/lang/NoSuchMethodError'{0x00000000a7e53d88}: 'java.lang.Object java.lang.invoke.DirectMethodHandle$Holder.invokeStatic(java.lang.Object, int, java.lang.Object, java.lang.Object, java.lang.Object, java.lang.Object)'> (0x00000000a7e53d88) 
thrown [t:\workspace\open\src\hotspot\share\interpreter\linkResolver.cpp, line 790]
Event: 0.349 Thread 0x000002c247b78040 Exception <a 'java/lang/NoSuchMethodError'{0x00000000a7e7a290}: 'java.lang.Object java.lang.invoke.DirectMethodHandle$Holder.invokeStatic(java.lang.Object, int, java.lang.Object)'> (0x00000000a7e7a290) 
thrown [t:\workspace\open\src\hotspot\share\interpreter\linkResolver.cpp, line 790]
Event: 0.383 Thread 0x000002c247b78040 Exception <a 'java/lang/ClassNotFoundException'{0x00000000a7d32d80}: com/sun/swing/internal/plaf/metal/resources/spi/metalProvider> (0x00000000a7d32d80) 
thrown [t:\workspace\open\src\hotspot\share\classfile\systemDictionary.cpp, line 256]
Event: 0.385 Thread 0x000002c247b78040 Exception <a 'java/lang/ClassNotFoundException'{0x00000000a7d36de8}: com/sun/swing/internal/plaf/basic/resources/spi/basicProvider> (0x00000000a7d36de8) 
thrown [t:\workspace\open\src\hotspot\share\classfile\systemDictionary.cpp, line 256]
Event: 0.414 Thread 0x000002c26a6d78e0 Exception <a 'java/lang/NoSuchMethodError'{0x00000000a7d85148}: 'java.lang.Object java.lang.invoke.DirectMethodHandle$Holder.newInvokeSpecial(java.lang.Object, java.lang.Object, java.lang.Object, int, int, int, int, int)'> (0x00000000a7d85148) 
thrown [t:\workspace\open\src\hotspot\share\interpreter\linkResolver.cpp, line 790]
Event: 0.541 Thread 0x000002c265ae3200 Exception <a 'java/lang/NoSuchMethodError'{0x00000000a7f86140}: 'void java.lang.invoke.DirectMethodHandle$Holder.invokeVirtual(java.lang.Object, java.lang.Object)'> (0x00000000a7f86140) 
thrown [t:\workspace\open\src\hotspot\share\interpreter\linkResolver.cpp, line 790]
Event: 0.561 Thread 0x000002c247b78040 Exception <a 'java/lang/NoSuchMethodError'{0x00000000a7cf51a0}: 'void java.lang.invoke.DirectMethodHandle$Holder.invokeStaticInit(java.lang.Object)'> (0x00000000a7cf51a0) 
thrown [t:\workspace\open\src\hotspot\share\interpreter\linkResolver.cpp, line 790]
Event: 0.664 Thread 0x000002c247b78040 Exception <a 'java/lang/NoSuchMethodError'{0x00000000a7b440e8}: 'int java.lang.invoke.DirectMethodHandle$Holder.invokeStatic(java.lang.Object)'> (0x00000000a7b440e8) 
thrown [t:\workspace\open\src\hotspot\share\interpreter\linkResolver.cpp, line 790]
Event: 3.632 Thread 0x000002c26a759720 Exception <a 'java/lang/NoSuchMethodError'{0x00000000a7cdd630}: 'java.lang.Object java.lang.invoke.DirectMethodHandle$Holder.invokeInterface(java.lang.Object, java.lang.Object)'> (0x00000000a7cdd630) 
thrown [t:\workspace\open\src\hotspot\share\interpreter\linkResolver.cpp, line 790]
Event: 3.632 Thread 0x000002c26a759720 Exception <a 'java/lang/IncompatibleClassChangeError'{0x00000000a7ce10c8}: Found class java.lang.Object, but interface was expected> (0x00000000a7ce10c8) 
thrown [t:\workspace\open\src\hotspot\share\interpreter\linkResolver.cpp, line 857]

Events (20 events):
Event: 320.010 Executing  VM operation: Cleanup done
Event: 320.645 Thread 0x000002c2e5c42270 Thread added: 0x000002c2e5c42270
Event: 320.678 loading class java/security/DomainCombiner
Event: 320.679 loading class java/security/DomainCombiner done
Event: 321.025 Executing  VM operation: Cleanup
Event: 321.025 Executing  VM operation: Cleanup done
Event: 322.029 Executing  VM operation: Cleanup
Event: 322.029 Executing  VM operation: Cleanup done
Event: 323.038 Executing  VM operation: Cleanup
Event: 323.038 Executing  VM operation: Cleanup done
Event: 324.038 Executing  VM operation: Cleanup
Event: 324.038 Executing  VM operation: Cleanup done
Event: 326.056 Executing  VM operation: Cleanup
Event: 326.056 Executing  VM operation: Cleanup done
Event: 329.074 Executing  VM operation: Cleanup
Event: 329.074 Executing  VM operation: Cleanup done
Event: 334.114 Executing  VM operation: Cleanup
Event: 334.116 Executing  VM operation: Cleanup done
Event: 335.119 Executing  VM operation: Cleanup
Event: 335.119 Executing  VM operation: Cleanup done


Dynamic libraries:
0x00007ff757250000 - 0x00007ff757260000 	C:\Program Files\Java\jdk-16\bin\java.exe
0x00007ffba37d0000 - 0x00007ffba39c8000 	C:\Windows\SYSTEM32\ntdll.dll
0x00007ffba3580000 - 0x00007ffba363f000 	C:\Windows\System32\KERNEL32.DLL
0x00007ffba1490000 - 0x00007ffba1762000 	C:\Windows\System32\KERNELBASE.dll
0x00007ffba0f50000 - 0x00007ffba1050000 	C:\Windows\System32\ucrtbase.dll
0x00007ffb9a350000 - 0x00007ffb9a369000 	C:\Program Files\Java\jdk-16\bin\VCRUNTIME140.dll
0x00007ffb93020000 - 0x00007ffb93038000 	C:\Program Files\Java\jdk-16\bin\jli.dll
0x00007ffba3020000 - 0x00007ffba30ce000 	C:\Windows\System32\ADVAPI32.dll
0x00007ffba30d0000 - 0x00007ffba316e000 	C:\Windows\System32\msvcrt.dll
0x00007ffba3460000 - 0x00007ffba34fc000 	C:\Windows\System32\sechost.dll
0x00007ffba2180000 - 0x00007ffba22a5000 	C:\Windows\System32\RPCRT4.dll
0x00007ffba3270000 - 0x00007ffba3411000 	C:\Windows\System32\USER32.dll
0x00007ffb8b1d0000 - 0x00007ffb8b46a000 	C:\Windows\WinSxS\amd64_microsoft.windows.common-controls_6595b64144ccf1df_6.0.19041.1110_none_60b5254171f9507e\COMCTL32.dll
0x00007ffba13b0000 - 0x00007ffba13d2000 	C:\Windows\System32\win32u.dll
0x00007ffba3750000 - 0x00007ffba377b000 	C:\Windows\System32\GDI32.dll
0x00007ffba12a0000 - 0x00007ffba13af000 	C:\Windows\System32\gdi32full.dll
0x00007ffba1200000 - 0x00007ffba129d000 	C:\Windows\System32\msvcp_win.dll
0x00007ffb98d30000 - 0x00007ffb98d3a000 	C:\Windows\SYSTEM32\VERSION.dll
0x00007ffba3420000 - 0x00007ffba3452000 	C:\Windows\System32\IMM32.DLL
0x00007ffb9e120000 - 0x00007ffb9e12c000 	C:\Program Files\Java\jdk-16\bin\vcruntime140_1.dll
0x00007ffb90b30000 - 0x00007ffb90bc1000 	C:\Program Files\Java\jdk-16\bin\msvcp140.dll
0x00007ffaf27e0000 - 0x00007ffaf338b000 	C:\Program Files\Java\jdk-16\bin\server\jvm.dll
0x00007ffba3780000 - 0x00007ffba3788000 	C:\Windows\System32\PSAPI.DLL
0x00007ffb96980000 - 0x00007ffb969a7000 	C:\Windows\SYSTEM32\WINMM.dll
0x00007ffb8cb00000 - 0x00007ffb8cb09000 	C:\Windows\SYSTEM32\WSOCK32.dll
0x00007ffba3180000 - 0x00007ffba31eb000 	C:\Windows\System32\WS2_32.dll
0x00007ffb9f710000 - 0x00007ffb9f722000 	C:\Windows\SYSTEM32\kernel.appcore.dll
0x00007ffb9c620000 - 0x00007ffb9c62a000 	C:\Program Files\Java\jdk-16\bin\jimage.dll
0x00007ffb9ed50000 - 0x00007ffb9ef34000 	C:\Windows\SYSTEM32\DBGHELP.DLL
0x00007ffb8e630000 - 0x00007ffb8e665000 	C:\Windows\SYSTEM32\dbgcore.DLL
0x00007ffba0ec0000 - 0x00007ffba0f42000 	C:\Windows\System32\bcryptPrimitives.dll
0x00007ffb92fc0000 - 0x00007ffb92fe5000 	C:\Program Files\Java\jdk-16\bin\java.dll
0x00007ffba24c0000 - 0x00007ffba2c04000 	C:\Windows\System32\SHELL32.dll
0x00007ffb9ef60000 - 0x00007ffb9f6f2000 	C:\Windows\SYSTEM32\windows.storage.dll
0x00007ffba1e20000 - 0x00007ffba2175000 	C:\Windows\System32\combase.dll
0x00007ffba0840000 - 0x00007ffba0870000 	C:\Windows\SYSTEM32\Wldp.dll
0x00007ffba2380000 - 0x00007ffba242d000 	C:\Windows\System32\SHCORE.dll
0x00007ffba2fc0000 - 0x00007ffba3015000 	C:\Windows\System32\shlwapi.dll
0x00007ffba0e00000 - 0x00007ffba0e1f000 	C:\Windows\SYSTEM32\profapi.dll
0x00007ffb99cb0000 - 0x00007ffb99cc9000 	C:\Program Files\Java\jdk-16\bin\net.dll
0x00007ffb96de0000 - 0x00007ffb96eec000 	C:\Windows\SYSTEM32\WINHTTP.dll
0x00007ffba05a0000 - 0x00007ffba060a000 	C:\Windows\system32\mswsock.dll
0x00007ffb93120000 - 0x00007ffb93133000 	C:\Program Files\Java\jdk-16\bin\nio.dll
0x00007ffb92a90000 - 0x00007ffb92aa8000 	C:\Program Files\Java\jdk-16\bin\zip.dll
0x00007ffb3feb0000 - 0x00007ffb40030000 	C:\Program Files\Java\jdk-16\bin\awt.dll
0x00007ffba22b0000 - 0x00007ffba237d000 	C:\Windows\System32\OLEAUT32.dll
0x00007ffb9e380000 - 0x00007ffb9e411000 	C:\Windows\SYSTEM32\apphelp.dll
0x00007ffb9e750000 - 0x00007ffb9e77f000 	C:\Windows\system32\DWMAPI.DLL
0x00007ffb9e550000 - 0x00007ffb9e5ee000 	C:\Windows\system32\uxtheme.dll
0x00007ffb46600000 - 0x00007ffb46725000 	C:\Windows\system32\opengl32.dll
0x00007ffb7ec40000 - 0x00007ffb7ec6c000 	C:\Windows\SYSTEM32\GLU32.dll
0x00007ffba2ea0000 - 0x00007ffba2fb5000 	C:\Windows\System32\MSCTF.dll
0x00007ffba1820000 - 0x00007ffba194a000 	C:\Windows\System32\ole32.dll
0x00007ffb92460000 - 0x00007ffb9262e000 	C:\Windows\system32\d3d9.dll
0x00007ffb969b0000 - 0x00007ffb96b8b000 	C:\Windows\System32\DriverStore\FileRepository\u0365645.inf_amd64_6ea274c917f5f2dc\B365437\aticfx64.dll
0x00007ffb59430000 - 0x00007ffb59463000 	C:\Windows\System32\DriverStore\FileRepository\u0365645.inf_amd64_6ea274c917f5f2dc\B365437\atiu9p64.dll
0x00007ffb51140000 - 0x00007ffb51e4c000 	C:\Windows\System32\DriverStore\FileRepository\u0365645.inf_amd64_6ea274c917f5f2dc\B365437\atiumd64.dll
0x0000000058050000 - 0x0000000058f10000 	C:\Windows\System32\DriverStore\FileRepository\u0365645.inf_amd64_6ea274c917f5f2dc\B365437\atiumd6a.dll
0x00007ffba1770000 - 0x00007ffba1797000 	C:\Windows\System32\bcrypt.dll
0x00007ffba0d30000 - 0x00007ffba0d7b000 	C:\Windows\SYSTEM32\POWRPROF.dll
0x00007ffba0d10000 - 0x00007ffba0d22000 	C:\Windows\SYSTEM32\UMPDC.dll
0x00007ffb93820000 - 0x00007ffb9384f000 	C:\Windows\SYSTEM32\amdihk64.dll
0x00007ffb96ce0000 - 0x00007ffb96d1b000 	C:\Windows\SYSTEM32\dxcore.dll
0x00007ffba11b0000 - 0x00007ffba11fe000 	C:\Windows\System32\cfgmgr32.dll
0x00007ffb9b420000 - 0x00007ffb9b430000 	C:\Program Files\Java\jdk-16\bin\verify.dll
0x00007ffb3b610000 - 0x00007ffb3b699000 	C:\Program Files\Java\jdk-16\bin\freetype.dll
0x00007ffb1ab00000 - 0x00007ffb1abf6000 	C:\Program Files\Java\jdk-16\bin\harfbuzz.dll
0x00007ffb91c20000 - 0x00007ffb91c32000 	C:\Program Files\Java\jdk-16\bin\fontmanager.dll
0x00007ffba3640000 - 0x00007ffba36ef000 	C:\Windows\System32\clbcatq.dll
0x00007ffb99dd0000 - 0x00007ffb99f84000 	C:\Windows\SYSTEM32\WindowsCodecs.dll
0x00007ffb908d0000 - 0x00007ffb9090e000 	C:\Windows\system32\dataexchange.dll
0x00007ffb9d7a0000 - 0x00007ffb9d983000 	C:\Windows\system32\dcomp.dll
0x00007ffb9cf70000 - 0x00007ffb9d1d3000 	C:\Windows\system32\d3d11.dll
0x00007ffb9f780000 - 0x00007ffb9f873000 	C:\Windows\system32\dxgi.dll
0x00007ffb9a060000 - 0x00007ffb9a260000 	C:\Windows\system32\twinapi.appcore.dll
0x00007ffb86a20000 - 0x00007ffb86b19000 	C:\Windows\SYSTEM32\textinputframework.dll
0x00007ffb9d990000 - 0x00007ffb9dcee000 	C:\Windows\System32\CoreUIComponents.dll
0x00007ffb9e150000 - 0x00007ffb9e242000 	C:\Windows\System32\CoreMessaging.dll
0x00007ffb9ffe0000 - 0x00007ffba0013000 	C:\Windows\SYSTEM32\ntmarta.dll
0x00007ffb9c9b0000 - 0x00007ffb9cb04000 	C:\Windows\SYSTEM32\wintypes.dll
0x0000000010000000 - 0x000000001005a000 	C:\JOGLwin\lib64\jogl.dll
0x000000005a3f0000 - 0x000000005a4b9000 	C:\Windows\WinSxS\amd64_microsoft.vc80.crt_1fc8b3b9a1e18e3b_8.0.50727.9672_none_88e266cb2fac7c0d\MSVCR80.dll
0x00007ffb9c630000 - 0x00007ffb9c637000 	C:\Program Files\Java\jdk-16\bin\jawt.dll
0x0000000000840000 - 0x0000000000847000 	C:\JOGLwin\lib64\jogl_awt.dll
0x00007ffb9a670000 - 0x00007ffb9a767000 	C:\Windows\System32\AppXDeploymentClient.dll
0x00007ffb92410000 - 0x00007ffb9243a000 	C:\Windows\System32\DriverStore\FileRepository\u0365645.inf_amd64_6ea274c917f5f2dc\B365437\atig6pxx.dll
0x00007ffb04740000 - 0x00007ffb074e5000 	C:\Windows\System32\DriverStore\FileRepository\u0365645.inf_amd64_6ea274c917f5f2dc\B365437\atio6axx.dll
0x00007ffba19b0000 - 0x00007ffba1e18000 	C:\Windows\System32\SETUPAPI.dll
0x00007ffb59470000 - 0x00007ffb59494000 	C:\Windows\SYSTEM32\dxva2.dll
0x00007ffb71960000 - 0x00007ffb7199c000 	C:\Windows\System32\DriverStore\FileRepository\u0365645.inf_amd64_6ea274c917f5f2dc\B365437\atig6txx.dll
0x00007ffb2cb30000 - 0x00007ffb2ccef000 	C:\Windows\SYSTEM32\atiadlxx.dll
0x00007ffb9c6e0000 - 0x00007ffb9c7d6000 	C:\Windows\SYSTEM32\PROPSYS.dll
0x00007ffba0b90000 - 0x00007ffba0bbc000 	C:\Windows\SYSTEM32\DEVOBJ.dll
0x00007ffba17a0000 - 0x00007ffba1809000 	C:\Windows\System32\WINTRUST.dll
0x00007ffba1050000 - 0x00007ffba11a6000 	C:\Windows\System32\CRYPT32.dll
0x00007ffba09d0000 - 0x00007ffba09e2000 	C:\Windows\SYSTEM32\MSASN1.dll
0x00007ffb2c430000 - 0x00007ffb2c557000 	C:\Users\MoHamed Temo\AppData\Local\Discord\app-1.0.9008\modules\discord_hook-1\discord_hook\d07f021492a\DiscordHook64.dll
0x00007ffb9cb10000 - 0x00007ffb9cf6d000 	C:\Windows\SYSTEM32\D3DCompiler_47.dll
0x00007ffba07a0000 - 0x00007ffba07b8000 	C:\Windows\SYSTEM32\CRYPTSP.dll
0x00007ffb96740000 - 0x00007ffb96778000 	C:\Windows\System32\DriverStore\FileRepository\u0365645.inf_amd64_6ea274c917f5f2dc\B365437\atiuxp64.dll
0x00007ffb94700000 - 0x00007ffb965fe000 	C:\Windows\System32\DriverStore\FileRepository\u0365645.inf_amd64_6ea274c917f5f2dc\B365437\atidxx64.dll
0x00007ffb93290000 - 0x00007ffb932bb000 	C:\Windows\system32\D3DSCache.dll
0x00007ffba0dc0000 - 0x00007ffba0dee000 	C:\Windows\system32\USERENV.dll
0x00007ffb91e70000 - 0x00007ffb91e81000 	C:\Program Files\Java\jdk-16\bin\jsound.dll
0x00007ffb823c0000 - 0x00007ffb8245c000 	C:\Windows\SYSTEM32\DSOUND.dll
0x00007ffb7e680000 - 0x00007ffb7e6a6000 	C:\Windows\SYSTEM32\winmmbase.dll
0x00007ffb98e70000 - 0x00007ffb98ef5000 	C:\Windows\System32\MMDevApi.dll
0x00007ffb7dae0000 - 0x00007ffb7db26000 	C:\Windows\SYSTEM32\wdmaud.drv
0x00007ffb9b3d0000 - 0x00007ffb9b3da000 	C:\Windows\SYSTEM32\AVRT.dll
0x00007ffb9b0d0000 - 0x00007ffb9b0d9000 	C:\Windows\SYSTEM32\ksuser.dll
0x00007ffb98ad0000 - 0x00007ffb98c52000 	C:\Windows\SYSTEM32\AUDIOSES.DLL
0x00007ffb9e0b0000 - 0x00007ffb9e0bd000 	C:\Windows\SYSTEM32\msacm32.drv
0x00007ffb99c90000 - 0x00007ffb99cae000 	C:\Windows\SYSTEM32\MSACM32.dll
0x00007ffb9e070000 - 0x00007ffb9e07b000 	C:\Windows\SYSTEM32\midimap.dll
0x00007ffb83cf0000 - 0x00007ffb83e31000 	C:\Windows\System32\Windows.UI.dll
0x00007ffb83e40000 - 0x00007ffb83f92000 	C:\Windows\System32\InputHost.dll
0x00007ffb9a5a0000 - 0x00007ffb9a641000 	C:\Windows\System32\WindowManagementAPI.dll
0x00007ffb9e650000 - 0x00007ffb9e664000 	C:\Windows\SYSTEM32\resourcepolicyclient.dll

dbghelp: loaded successfully - version: 4.0.5 - missing functions: none
symbol engine: initialized successfully - sym options: 0x614 - pdb path: .;C:\Program Files\Java\jdk-16\bin;C:\Windows\SYSTEM32;C:\Windows\WinSxS\amd64_microsoft.windows.common-controls_6595b64144ccf1df_6.0.19041.1110_none_60b5254171f9507e;C:\Program Files\Java\jdk-16\bin\server;C:\Windows\System32\DriverStore\FileRepository\u0365645.inf_amd64_6ea274c917f5f2dc\B365437;C:\JOGLwin\lib64;C:\Windows\WinSxS\amd64_microsoft.vc80.crt_1fc8b3b9a1e18e3b_8.0.50727.9672_none_88e266cb2fac7c0d;C:\Users\MoHamed Temo\AppData\Local\Discord\app-1.0.9008\modules\discord_hook-1\discord_hook\d07f021492a

VM Arguments:
jvm_args: -Dfile.encoding=UTF-8 -Djava.library.path=C:\JOGLwin\lib64 
java_command: Maze.MazeGameMainMethod
java_class_path (initial): C:\JOGLwin\lib64\gluegen-rt.jar;C:\JOGLwin\lib64\jogl.jar;C:\JOGLwin\lib32\gluegen-rt.jar;C:\JOGLwin\lib32\jogl.jar;D:\Projects\graphics\Maze\build\classes
Launcher Type: SUN_STANDARD

[Global flags]
     intx CICompilerCount                          = 4                                         {product} {ergonomic}
     uint ConcGCThreads                            = 3                                         {product} {ergonomic}
     uint G1ConcRefinementThreads                  = 10                                        {product} {ergonomic}
   size_t G1HeapRegionSize                         = 1048576                                   {product} {ergonomic}
    uintx GCDrainStackTargetSize                   = 64                                        {product} {ergonomic}
   size_t InitialHeapSize                          = 98566144                                  {product} {ergonomic}
   size_t MarkStackSize                            = 4194304                                   {product} {ergonomic}
   size_t MaxHeapSize                              = 1572864000                                {product} {ergonomic}
   size_t MaxNewSize                               = 943718400                                 {product} {ergonomic}
   size_t MinHeapDeltaBytes                        = 1048576                                   {product} {ergonomic}
   size_t MinHeapSize                              = 8388608                                   {product} {ergonomic}
    uintx NonNMethodCodeHeapSize                   = 5839372                                {pd product} {ergonomic}
    uintx NonProfiledCodeHeapSize                  = 122909434                              {pd product} {ergonomic}
    uintx ProfiledCodeHeapSize                     = 122909434                              {pd product} {ergonomic}
    uintx ReservedCodeCacheSize                    = 251658240                              {pd product} {ergonomic}
     bool SegmentedCodeCache                       = true                                      {product} {ergonomic}
   size_t SoftMaxHeapSize                          = 1572864000                             {manageable} {ergonomic}
     bool UseCompressedClassPointers               = true                           {product lp64_product} {ergonomic}
     bool UseCompressedOops                        = true                           {product lp64_product} {ergonomic}
     bool UseG1GC                                  = true                                      {product} {ergonomic}
     bool UseLargePagesIndividualAllocation        = false                                  {pd product} {ergonomic}

Logging:
Log output configuration:
 #0: stdout all=warning uptime,level,tags
 #1: stderr all=off uptime,level,tags

Environment Variables:
PATH=C:\Python311\Scripts\;C:\Python311\;C:\oraclexe\app\oracle\product\11.2.0\server\bin;C:\Program Files (x86)\Common Files\Oracle\Java\javapath;C:\Program Files\Common Files\Oracle\Java\javapath;C:\Windows\system32;C:\Windows;C:\Windows\System32\Wbem;C:\Windows\System32\WindowsPowerShell\v1.0\;C:\Windows\System32\OpenSSH\;C:\Program Files\nodejs\;C:\ProgramData\chocolatey\bin;C:\Program Files\NVIDIA Corporation\NVIDIA NvDLISR;C:\Program Files\dotnet\;C:\Program Files\Git\cmd;C:\Users\MoHamed Temo\AppData\Local\Microsoft\WindowsApps;C:\Users\MoHamed Temo\AppData\Local\Programs\Microsoft VS Code\bin;C:\Program Files\Java\jdk-16\bin;C:\Users\MoHamed Temo\AppData\Roaming\npm;C:\Users\MoHamed Temo\AppData\Local\GitHubDesktop\bin
USERNAME=MoHamedTemo
OS=Windows_NT
PROCESSOR_IDENTIFIER=AMD64 Family 25 Model 80 Stepping 0, AuthenticAMD



---------------  S Y S T E M  ---------------

OS:
 Windows 10 , 64 bit Build 19041 (10.0.19041.2364)
OS uptime: 2 days 8:57 hours

CPU: total 12 (initial active 12) (12 cores per cpu, 2 threads per core) family 25 model 80 stepping 0 microcode 0x0, cx8, cmov, fxsr, ht, mmx, 3dnowpref, sse, sse2, sse3, ssse3, sse4a, sse4.1, sse4.2, popcnt, lzcnt, tsc, tscinvbit, avx, avx2, aes, erms, clmul, bmi1, bmi2, adx, sha, fma, vzeroupper, clflush, clflushopt

Memory: 4k page, system-wide physical 5996M (371M free)
TotalPageFile size 26579M (AvailPageFile size 3196M)
current process WorkingSet (physical memory assigned to process): 857M, peak: 987M
current process commit charge ("private bytes"): 8306M, peak: 8306M

vm_info: Java HotSpot(TM) 64-Bit Server VM (16+36-2231) for windows-amd64 JRE (16+36-2231), built on Feb  8 2021 11:43:10 by "mach5one" with MS VC++ 16.7 (VS2019)

END.
