#
# A fatal error has been detected by the Java Runtime Environment:
#
#  EXCEPTION_ACCESS_VIOLATION (0xc0000005) at pc=0x00007ffb04039edb, pid=21996, tid=27836
#
# JRE version: Java(TM) SE Runtime Environment (16.0+36) (build 16+36-2231)
# Java VM: Java HotSpot(TM) 64-Bit Server VM (16+36-2231, mixed mode, sharing, tiered, compressed oops, g1 gc, windows-amd64)
# Problematic frame:
# C  [atio6axx.dll+0x1719edb]
#
# No core dump will be written. Minidumps are not enabled by default on client versions of Windows
#
# If you would like to submit a bug report, please visit:
#   https://bugreport.java.com/bugreport/crash.jsp
# The crash happened outside the Java Virtual Machine in native code.
# See problematic frame for where to report the bug.
#

---------------  S U M M A R Y ------------

Command Line: -Dfile.encoding=UTF-8 -Djava.library.path=C:\JOGLwin\lib64 Maze.MazeGameMainMethod

Host: AMD Ryzen 5 5600H with Radeon Graphics         , 12 cores, 5G,  Windows 10 , 64 bit Build 19041 (10.0.19041.2364)
Time: Mon Dec 26 15:35:01 2022 Egypt Standard Time elapsed time: 48.118446 seconds (0d 0h 0m 48s)

---------------  T H R E A D  ---------------

Current thread (0x0000020b510952e0):  JavaThread "AWT-EventQueue-0" [_thread_in_native, id=27836, stack(0x000000d97d900000,0x000000d97da00000)]

Stack: [0x000000d97d900000,0x000000d97da00000],  sp=0x000000d97d9fd0a0,  free space=1012k
Native frames: (J=compiled Java code, j=interpreted, Vv=VM code, C=native code)
C  [atio6axx.dll+0x1719edb]

Java frames: (J=compiled Java code, j=interpreted, Vv=VM code)
j  com.sun.opengl.impl.windows.WGL.SwapBuffers(J)Z+0
j  com.sun.opengl.impl.windows.WindowsOnscreenGLDrawable.swapBuffers()V+38
j  com.sun.opengl.impl.GLDrawableHelper.invokeGL(Ljavax/media/opengl/GLDrawable;Ljavax/media/opengl/GLContext;Ljava/lang/Runnable;Ljava/lang/Runnable;)V+435
j  javax.media.opengl.GLCanvas.maybeDoSingleThreadedWorkaround(Ljava/lang/Runnable;Ljava/lang/Runnable;)V+36
j  javax.media.opengl.GLCanvas.display()V+9
j  javax.media.opengl.GLCanvas.paint(Ljava/awt/Graphics;)V+125
j  javax.media.opengl.GLCanvas.update(Ljava/awt/Graphics;)V+2
j  sun.awt.RepaintArea.updateComponent(Ljava/awt/Component;Ljava/awt/Graphics;)V+6 java.desktop@16
j  sun.awt.RepaintArea.paint(Ljava/lang/Object;Z)V+263 java.desktop@16
J 1033 c1 sun.awt.windows.WComponentPeer.handleEvent(Ljava/awt/AWTEvent;)V java.desktop@16 (173 bytes) @ 0x0000020b3b1adb64 [0x0000020b3b1acb80+0x0000000000000fe4]
J 994 c1 java.awt.Component.dispatchEventImpl(Ljava/awt/AWTEvent;)V java.desktop@16 (777 bytes) @ 0x0000020b3b17fa8c [0x0000020b3b17a9e0+0x00000000000050ac]
J 1029 c1 java.awt.EventQueue.dispatchEventImpl(Ljava/awt/AWTEvent;Ljava/lang/Object;)V java.desktop@16 (136 bytes) @ 0x0000020b3b1aa1f4 [0x0000020b3b1a9d00+0x00000000000004f4]
J 1028 c1 java.awt.EventQueue$4.run()Ljava/lang/Void; java.desktop@16 (60 bytes) @ 0x0000020b3b1a95ac [0x0000020b3b1a9480+0x000000000000012c]
J 1027 c1 java.awt.EventQueue$4.run()Ljava/lang/Object; java.desktop@16 (5 bytes) @ 0x0000020b3b1a9134 [0x0000020b3b1a90c0+0x0000000000000074]
J 917 c1 java.security.ProtectionDomain$JavaSecurityAccessImpl.doIntersectionPrivilege(Ljava/security/PrivilegedAction;Ljava/security/AccessControlContext;Ljava/security/AccessControlContext;)Ljava/lang/Object; java.base@16 (22 bytes) @ 0x0000020b3b158dd4 [0x0000020b3b158b40+0x0000000000000294]
J 972 c1 java.awt.EventQueue.dispatchEvent(Ljava/awt/AWTEvent;)V java.desktop@16 (80 bytes) @ 0x0000020b3b16a0cc [0x0000020b3b1695e0+0x0000000000000aec]
J 976 c1 java.awt.EventDispatchThread.pumpOneEventForFilters(I)V java.desktop@16 (113 bytes) @ 0x0000020b3b16e23c [0x0000020b3b16dba0+0x000000000000069c]
j  java.awt.EventDispatchThread.pumpEventsForFilter(ILjava/awt/Conditional;Ljava/awt/EventFilter;)V+35 java.desktop@16
j  java.awt.EventDispatchThread.pumpEventsForHierarchy(ILjava/awt/Conditional;Ljava/awt/Component;)V+11 java.desktop@16
j  java.awt.EventDispatchThread.pumpEvents(ILjava/awt/Conditional;)V+4 java.desktop@16
j  java.awt.EventDispatchThread.pumpEvents(Ljava/awt/Conditional;)V+3 java.desktop@16
j  java.awt.EventDispatchThread.run()V+9 java.desktop@16
v  ~StubRoutines::call_stub

siginfo: EXCEPTION_ACCESS_VIOLATION (0xc0000005), reading address 0x0000000000000040


Register to memory mapping:

RIP=0x00007ffb04039edb atio6axx.dll
RAX=0x0000020bf4363de8 points into unknown readable memory: 0x00007ffb04013c80 | 80 3c 01 04 fb 7f 00 00
RBX=0x0 is NULL
RCX=0x0 is NULL
RDX=0x0 is NULL
RSP=0x000000d97d9fd0a0 is pointing into the stack for thread: 0x0000020b510952e0
RBP=0x0000020bf4363940 points into unknown readable memory: 0x00007ffb050b6710 | 10 67 0b 05 fb 7f 00 00
RSI=0x0000020be2454610 points into unknown readable memory: 0x00007ffb050b6628 | 28 66 0b 05 fb 7f 00 00
RDI=0x0 is NULL
R8 =0x0 is NULL
R9 =0x0 is NULL
R10=0x00007ffb050b9bd0 atio6axx.dll
R11=0x0 is NULL
R12=0x0000000000000003 is an unknown value
R13=0x0000020c08594cd0 points into unknown readable memory: 0x00007ffb050b9bd0 | d0 9b 0b 05 fb 7f 00 00
R14=0x0 is NULL
R15=0x0 is NULL


Registers:
RAX=0x0000020bf4363de8, RBX=0x0000000000000000, RCX=0x0000000000000000, RDX=0x0000000000000000
RSP=0x000000d97d9fd0a0, RBP=0x0000020bf4363940, RSI=0x0000020be2454610, RDI=0x0000000000000000
R8 =0x0000000000000000, R9 =0x0000000000000000, R10=0x00007ffb050b9bd0, R11=0x0000000000000000
R12=0x0000000000000003, R13=0x0000020c08594cd0, R14=0x0000000000000000, R15=0x0000000000000000
RIP=0x00007ffb04039edb, EFLAGS=0x0000000000010246

Top of Stack: (sp=0x000000d97d9fd0a0)
0x000000d97d9fd0a0:   000000000000000c 0000020b53d7d6e0
0x000000d97d9fd0b0:   0000020b00000000 0000020b31001200
0x000000d97d9fd0c0:   0000020c08594cd0 00007ffb040b9b6e
0x000000d97d9fd0d0:   0000020c08594cd0 0000020b310b0000
0x000000d97d9fd0e0:   0000000000000130 0000020b31000cc0
0x000000d97d9fd0f0:   0000000000000000 0000000000000000
0x000000d97d9fd100:   0000000000000000 0000000000000130
0x000000d97d9fd110:   0000000000000128 0000000000000008
0x000000d97d9fd120:   0000020b310b0000 000000d97d9fd1e9
0x000000d97d9fd130:   0000000000000013 00007ffba37fb3c7
0x000000d97d9fd140:   0000020b31000000 0000000000000000
0x000000d97d9fd150:   0000000000000000 0000020be2454610
0x000000d97d9fd160:   0000000000000000 00007ffb04068f5e
0x000000d97d9fd170:   0000020c08594cd0 000000d97d9fd300
0x000000d97d9fd180:   0000000000000000 0000020be8c74450
0x000000d97d9fd190:   0000000000001001 00007ffb0406919b 

Instructions: (pc=0x00007ffb04039edb)
0x00007ffb04039ddb:   87 60 05 00 00 44 89 a8 cc 11 00 00 48 8b 87 60
0x00007ffb04039deb:   05 00 00 44 89 a8 d0 11 00 00 48 8b 87 60 05 00
0x00007ffb04039dfb:   00 44 89 a8 64 12 00 00 48 8b 87 60 05 00 00 c7
0x00007ffb04039e0b:   80 d4 11 00 00 fe ff ff ff 48 8b 87 60 05 00 00
0x00007ffb04039e1b:   c7 80 d8 11 00 00 ff ff ff ff 48 8b 87 60 05 00
0x00007ffb04039e2b:   00 c7 80 dc 11 00 00 ff ff ff ff 48 8b 87 60 05
0x00007ffb04039e3b:   00 00 4c 89 a8 e0 11 00 00 48 8b 87 60 05 00 00
0x00007ffb04039e4b:   44 89 a8 e8 11 00 00 48 8b 87 60 05 00 00 44 89
0x00007ffb04039e5b:   a8 ec 11 00 00 48 8b 8f 60 05 00 00 0f 11 81 f0
0x00007ffb04039e6b:   11 00 00 0f 11 81 00 12 00 00 0f 11 81 10 12 00
0x00007ffb04039e7b:   00 66 0f 7e 81 20 12 00 00 48 8b 87 60 05 00 00
0x00007ffb04039e8b:   0f 11 80 24 12 00 00 0f 11 80 34 12 00 00 48 8b
0x00007ffb04039e9b:   87 60 05 00 00 0f 11 80 44 12 00 00 0f 11 80 54
0x00007ffb04039eab:   12 00 00 44 89 ab 68 01 00 00 48 8b 47 40 c6 80
0x00007ffb04039ebb:   52 01 00 00 00 48 83 c4 40 41 5d 5f 5b c3 cc cc
0x00007ffb04039ecb:   cc cc cc cc cc 40 53 48 83 ec 20 48 8b d9 33 d2
0x00007ffb04039edb:   48 8b 49 40 48 8b 01 ff 50 18 48 8b 43 40 33 c9
0x00007ffb04039eeb:   c7 80 54 01 00 00 01 00 00 00 48 8b 83 48 04 00
0x00007ffb04039efb:   00 48 89 8b 30 04 00 00 48 89 8b 38 04 00 00 48
0x00007ffb04039f0b:   89 8b 48 04 00 00 48 89 8b 40 04 00 00 48 83 c4
0x00007ffb04039f1b:   20 5b c3 cc cc 40 53 55 56 57 48 83 ec 28 41 8b
0x00007ffb04039f2b:   80 a0 00 00 00 33 ed 48 8b 74 24 70 49 8b f8 4c
0x00007ffb04039f3b:   89 64 24 50 48 8b da 4c 89 6c 24 58 4c 8b e9 4c
0x00007ffb04039f4b:   89 74 24 60 4d 8b f1 44 8b e5 85 c0 0f 84 d7 01
0x00007ffb04039f5b:   00 00 4c 89 7c 24 20 0f 1f 40 00 66 66 0f 1f 84
0x00007ffb04039f6b:   00 00 00 00 00 45 8b fc 42 8b 4c bf 70 4a 8b ac
0x00007ffb04039f7b:   fe 80 00 00 00 85 c9 0f 84 f0 00 00 00 83 e9 01
0x00007ffb04039f8b:   74 7f 83 f9 02 0f 85 68 01 00 00 45 8b 85 90 10
0x00007ffb04039f9b:   00 00 45 85 c0 74 2b 8b 83 d0 00 00 00 33 d2 2b
0x00007ffb04039fab:   83 c0 00 00 00 83 c0 10 41 f7 f0 85 d2 74 13 48
0x00007ffb04039fbb:   8b 03 44 2b c2 8d 51 01 41 c1 e8 02 48 8b cb ff
0x00007ffb04039fcb:   50 20 48 8b 93 d0 00 00 00 48 8d 42 10 48 89 83 


Stack slot to memory mapping:
stack at sp + 0 slots: 0x000000000000000c is an unknown value
stack at sp + 1 slots: 0x0000020b53d7d6e0 points into unknown readable memory: 0x8000218000000000 | 00 00 00 00 80 21 00 80
stack at sp + 2 slots: 0x0000020b00000000 points into unknown readable memory: 0x0000000000000000 | 00 00 00 00 00 00 00 00
stack at sp + 3 slots: 0x0000020b31001200 points into unknown readable memory: 0x0000020b31000cc0 | c0 0c 00 31 0b 02 00 00
stack at sp + 4 slots: 0x0000020c08594cd0 points into unknown readable memory: 0x00007ffb050b9bd0 | d0 9b 0b 05 fb 7f 00 00
stack at sp + 5 slots: 0x00007ffb040b9b6e atio6axx.dll
stack at sp + 6 slots: 0x0000020c08594cd0 points into unknown readable memory: 0x00007ffb050b9bd0 | d0 9b 0b 05 fb 7f 00 00
stack at sp + 7 slots: 0x0000020b310b0000 points into unknown readable memory: 0x0000000000000000 | 00 00 00 00 00 00 00 00


---------------  P R O C E S S  ---------------

Threads class SMR info:
_java_thread_list=0x0000020be8631550, length=24, elements={
0x0000020b503537b0, 0x0000020b503543b0, 0x0000020b50360ec0, 0x0000020b503638e0,
0x0000020b503642e0, 0x0000020b5036ed00, 0x0000020b50372fe0, 0x0000020b50373ad0,
0x0000020b50376910, 0x0000020b51095830, 0x0000020b510942f0, 0x0000020b510972c0,
0x0000020b51095d80, 0x0000020b510962d0, 0x0000020b510952e0, 0x0000020b51096d70,
0x0000020b51094d90, 0x0000020b53cbea90, 0x0000020b53cbf530, 0x0000020b53cbcab0,
0x0000020b53cc0fc0, 0x0000020b53cc2a50, 0x0000020bc3f45ff0, 0x0000020be93ac4d0
}

Java Threads: ( => current thread )
  0x0000020b503537b0 JavaThread "Reference Handler" daemon [_thread_blocked, id=13724, stack(0x000000d97bf00000,0x000000d97c000000)]
  0x0000020b503543b0 JavaThread "Finalizer" daemon [_thread_blocked, id=13384, stack(0x000000d97c000000,0x000000d97c100000)]
  0x0000020b50360ec0 JavaThread "Signal Dispatcher" daemon [_thread_blocked, id=13168, stack(0x000000d97c100000,0x000000d97c200000)]
  0x0000020b503638e0 JavaThread "Attach Listener" daemon [_thread_blocked, id=26368, stack(0x000000d97c200000,0x000000d97c300000)]
  0x0000020b503642e0 JavaThread "Service Thread" daemon [_thread_blocked, id=14928, stack(0x000000d97c300000,0x000000d97c400000)]
  0x0000020b5036ed00 JavaThread "Monitor Deflation Thread" daemon [_thread_blocked, id=9124, stack(0x000000d97c400000,0x000000d97c500000)]
  0x0000020b50372fe0 JavaThread "C2 CompilerThread0" daemon [_thread_blocked, id=9952, stack(0x000000d97c500000,0x000000d97c600000)]
  0x0000020b50373ad0 JavaThread "C1 CompilerThread0" daemon [_thread_blocked, id=21188, stack(0x000000d97c600000,0x000000d97c700000)]
  0x0000020b50376910 JavaThread "Sweeper thread" daemon [_thread_blocked, id=27764, stack(0x000000d97c700000,0x000000d97c800000)]
  0x0000020b51095830 JavaThread "Notification Thread" daemon [_thread_blocked, id=15212, stack(0x000000d97c800000,0x000000d97c900000)]
  0x0000020b510942f0 JavaThread "Common-Cleaner" daemon [_thread_blocked, id=308, stack(0x000000d97ca00000,0x000000d97cb00000)]
  0x0000020b510972c0 JavaThread "Java2D Disposer" daemon [_thread_blocked, id=6672, stack(0x000000d97cb00000,0x000000d97cc00000)]
  0x0000020b51095d80 JavaThread "AWT-Shutdown" [_thread_blocked, id=9236, stack(0x000000d97cc00000,0x000000d97cd00000)]
  0x0000020b510962d0 JavaThread "AWT-Windows" daemon [_thread_in_native, id=27960, stack(0x000000d97cd00000,0x000000d97ce00000)]
=>0x0000020b510952e0 JavaThread "AWT-EventQueue-0" [_thread_in_native, id=27836, stack(0x000000d97d900000,0x000000d97da00000)]
  0x0000020b51096d70 JavaThread "D3D Screen Updater" daemon [_thread_blocked, id=5704, stack(0x000000d97db00000,0x000000d97dc00000)]
  0x0000020b51094d90 JavaThread "TimerQueue" daemon [_thread_blocked, id=31512, stack(0x000000d97dc00000,0x000000d97dd00000)]
  0x0000020b53cbea90 JavaThread "Java Sound Event Dispatcher" daemon [_thread_blocked, id=13232, stack(0x000000d97df00000,0x000000d97e000000)]
  0x0000020b53cbf530 JavaThread "Direct Clip" daemon [_thread_blocked, id=21900, stack(0x000000d97e200000,0x000000d97e300000)]
  0x0000020b53cbcab0 JavaThread "DestroyJavaVM" [_thread_blocked, id=18096, stack(0x000000d97b800000,0x000000d97b900000)]
  0x0000020b53cc0fc0 JavaThread "Direct Clip" daemon [_thread_blocked, id=31308, stack(0x000000d97d800000,0x000000d97d900000)]
  0x0000020b53cc2a50 JavaThread "Direct Clip" daemon [_thread_blocked, id=29748, stack(0x000000d901700000,0x000000d901800000)]
  0x0000020bc3f45ff0 JavaThread "Direct Clip" daemon [_thread_blocked, id=6192, stack(0x000000d909000000,0x000000d909100000)]
  0x0000020be93ac4d0 JavaThread "Direct Clip" daemon [_thread_blocked, id=30344, stack(0x000000d90bd00000,0x000000d90be00000)]

Other Threads:
  0x0000020b5034dda0 VMThread "VM Thread" [stack: 0x000000d97be00000,0x000000d97bf00000] [id=6704]
  0x0000020b510986c0 WatcherThread [stack: 0x000000d97c900000,0x000000d97ca00000] [id=27052]
  0x0000020b33331900 GCTaskThread "GC Thread#0" [stack: 0x000000d97b900000,0x000000d97ba00000] [id=24464]
  0x0000020b3333e5c0 ConcurrentGCThread "G1 Main Marker" [stack: 0x000000d97ba00000,0x000000d97bb00000] [id=9732]
  0x0000020b333400c0 ConcurrentGCThread "G1 Conc#0" [stack: 0x000000d97bb00000,0x000000d97bc00000] [id=30052]
  0x0000020b333c1d40 ConcurrentGCThread "G1 Refine#0" [stack: 0x000000d97bc00000,0x000000d97bd00000] [id=20388]
  0x0000020b333c36f0 ConcurrentGCThread "G1 Service" [stack: 0x000000d97bd00000,0x000000d97be00000] [id=17100]

Threads with active compile tasks:

VM state: not at safepoint (normal execution)

VM Mutex/Monitor currently owned by a thread: None

Heap address: 0x00000000a2400000, size: 1500 MB, Compressed Oops mode: 32-bit
CDS archive(s) mapped at: [0x0000000800000000-0x0000000800bb0000-0x0000000800bb0000), size 12255232, SharedBaseAddress: 0x0000000800000000, ArchiveRelocationMode: 0.
Compressed class space mapped at: 0x0000000800c00000-0x0000000840c00000, reserved size: 1073741824
Narrow klass base: 0x0000000800000000, Narrow klass shift: 3, Narrow klass range: 0x100000000

GC Precious Log:
 CPUs: 12 total, 12 available
 Memory: 5996M
 Large Page Support: Disabled
 NUMA Support: Disabled
 Compressed Oops: Enabled (32-bit)
 Heap Region Size: 1M
 Heap Min Capacity: 8M
 Heap Initial Capacity: 94M
 Heap Max Capacity: 1500M
 Pre-touch: Disabled
 Parallel Workers: 10
 Concurrent Workers: 3
 Concurrent Refinement Workers: 10
 Periodic GC: Disabled

Heap:
 garbage-first heap   total 96256K, used 30720K [0x00000000a2400000, 0x0000000100000000)
  region size 1024K, 14 young (14336K), 0 survivors (0K)
 Metaspace       used 11710K, committed 11968K, reserved 1064960K
  class space    used 1226K, committed 1344K, reserved 1048576K

Heap Regions: E=young(eden), S=young(survivor), O=old, HS=humongous(starts), HC=humongous(continues), CS=collection set, F=free, OA=open archive, CA=closed archive, TAMS=top-at-mark-start (previous, next)
|   0|0x00000000a2400000, 0x00000000a2500000, 0x00000000a2500000|100%|HS|  |TAMS 0x00000000a2400000, 0x00000000a2400000| Complete 
|   1|0x00000000a2500000, 0x00000000a2600000, 0x00000000a2600000|100%|HC|  |TAMS 0x00000000a2500000, 0x00000000a2500000| Complete 
|   2|0x00000000a2600000, 0x00000000a2700000, 0x00000000a2700000|100%|HC|  |TAMS 0x00000000a2600000, 0x00000000a2600000| Complete 
|   3|0x00000000a2700000, 0x00000000a2800000, 0x00000000a2800000|100%|HC|  |TAMS 0x00000000a2700000, 0x00000000a2700000| Complete 
|   4|0x00000000a2800000, 0x00000000a2900000, 0x00000000a2900000|100%|HC|  |TAMS 0x00000000a2800000, 0x00000000a2800000| Complete 
|   5|0x00000000a2900000, 0x00000000a2a00000, 0x00000000a2a00000|100%|HC|  |TAMS 0x00000000a2900000, 0x00000000a2900000| Complete 
|   6|0x00000000a2a00000, 0x00000000a2b00000, 0x00000000a2b00000|100%|HC|  |TAMS 0x00000000a2a00000, 0x00000000a2a00000| Complete 
|   7|0x00000000a2b00000, 0x00000000a2c00000, 0x00000000a2c00000|100%|HC|  |TAMS 0x00000000a2b00000, 0x00000000a2b00000| Complete 
|   8|0x00000000a2c00000, 0x00000000a2d00000, 0x00000000a2d00000|100%|HC|  |TAMS 0x00000000a2c00000, 0x00000000a2c00000| Complete 
|   9|0x00000000a2d00000, 0x00000000a2e00000, 0x00000000a2e00000|100%|HC|  |TAMS 0x00000000a2d00000, 0x00000000a2d00000| Complete 
|  10|0x00000000a2e00000, 0x00000000a2f00000, 0x00000000a2f00000|100%|HC|  |TAMS 0x00000000a2e00000, 0x00000000a2e00000| Complete 
|  11|0x00000000a2f00000, 0x00000000a3000000, 0x00000000a3000000|100%|HC|  |TAMS 0x00000000a2f00000, 0x00000000a2f00000| Complete 
|  12|0x00000000a3000000, 0x00000000a3100000, 0x00000000a3100000|100%|HC|  |TAMS 0x00000000a3000000, 0x00000000a3000000| Complete 
|  13|0x00000000a3100000, 0x00000000a3200000, 0x00000000a3200000|100%|HC|  |TAMS 0x00000000a3100000, 0x00000000a3100000| Complete 
|  14|0x00000000a3200000, 0x00000000a3300000, 0x00000000a3300000|100%|HC|  |TAMS 0x00000000a3200000, 0x00000000a3200000| Complete 
|  15|0x00000000a3300000, 0x00000000a3400000, 0x00000000a3400000|100%|HC|  |TAMS 0x00000000a3300000, 0x00000000a3300000| Complete 
|  16|0x00000000a3400000, 0x00000000a3500000, 0x00000000a3500000|100%|HC|  |TAMS 0x00000000a3400000, 0x00000000a3400000| Complete 
|  17|0x00000000a3500000, 0x00000000a3600000, 0x00000000a3600000|100%|HC|  |TAMS 0x00000000a3500000, 0x00000000a3500000| Complete 
|  18|0x00000000a3600000, 0x00000000a3600000, 0x00000000a3700000|  0%| F|  |TAMS 0x00000000a3600000, 0x00000000a3600000| Untracked 
|  19|0x00000000a3700000, 0x00000000a3700000, 0x00000000a3800000|  0%| F|  |TAMS 0x00000000a3700000, 0x00000000a3700000| Untracked 
|  20|0x00000000a3800000, 0x00000000a3800000, 0x00000000a3900000|  0%| F|  |TAMS 0x00000000a3800000, 0x00000000a3800000| Untracked 
|  21|0x00000000a3900000, 0x00000000a3900000, 0x00000000a3a00000|  0%| F|  |TAMS 0x00000000a3900000, 0x00000000a3900000| Untracked 
|  22|0x00000000a3a00000, 0x00000000a3a00000, 0x00000000a3b00000|  0%| F|  |TAMS 0x00000000a3a00000, 0x00000000a3a00000| Untracked 
|  23|0x00000000a3b00000, 0x00000000a3b00000, 0x00000000a3c00000|  0%| F|  |TAMS 0x00000000a3b00000, 0x00000000a3b00000| Untracked 
|  24|0x00000000a3c00000, 0x00000000a3c00000, 0x00000000a3d00000|  0%| F|  |TAMS 0x00000000a3c00000, 0x00000000a3c00000| Untracked 
|  25|0x00000000a3d00000, 0x00000000a3d00000, 0x00000000a3e00000|  0%| F|  |TAMS 0x00000000a3d00000, 0x00000000a3d00000| Untracked 
|  26|0x00000000a3e00000, 0x00000000a3e00000, 0x00000000a3f00000|  0%| F|  |TAMS 0x00000000a3e00000, 0x00000000a3e00000| Untracked 
|  27|0x00000000a3f00000, 0x00000000a3f00000, 0x00000000a4000000|  0%| F|  |TAMS 0x00000000a3f00000, 0x00000000a3f00000| Untracked 
|  28|0x00000000a4000000, 0x00000000a4000000, 0x00000000a4100000|  0%| F|  |TAMS 0x00000000a4000000, 0x00000000a4000000| Untracked 
|  29|0x00000000a4100000, 0x00000000a4100000, 0x00000000a4200000|  0%| F|  |TAMS 0x00000000a4100000, 0x00000000a4100000| Untracked 
|  30|0x00000000a4200000, 0x00000000a4200000, 0x00000000a4300000|  0%| F|  |TAMS 0x00000000a4200000, 0x00000000a4200000| Untracked 
|  31|0x00000000a4300000, 0x00000000a4300000, 0x00000000a4400000|  0%| F|  |TAMS 0x00000000a4300000, 0x00000000a4300000| Untracked 
|  32|0x00000000a4400000, 0x00000000a4400000, 0x00000000a4500000|  0%| F|  |TAMS 0x00000000a4400000, 0x00000000a4400000| Untracked 
|  33|0x00000000a4500000, 0x00000000a4500000, 0x00000000a4600000|  0%| F|  |TAMS 0x00000000a4500000, 0x00000000a4500000| Untracked 
|  34|0x00000000a4600000, 0x00000000a4600000, 0x00000000a4700000|  0%| F|  |TAMS 0x00000000a4600000, 0x00000000a4600000| Untracked 
|  35|0x00000000a4700000, 0x00000000a4700000, 0x00000000a4800000|  0%| F|  |TAMS 0x00000000a4700000, 0x00000000a4700000| Untracked 
|  36|0x00000000a4800000, 0x00000000a4800000, 0x00000000a4900000|  0%| F|  |TAMS 0x00000000a4800000, 0x00000000a4800000| Untracked 
|  37|0x00000000a4900000, 0x00000000a4900000, 0x00000000a4a00000|  0%| F|  |TAMS 0x00000000a4900000, 0x00000000a4900000| Untracked 
|  38|0x00000000a4a00000, 0x00000000a4a00000, 0x00000000a4b00000|  0%| F|  |TAMS 0x00000000a4a00000, 0x00000000a4a00000| Untracked 
|  39|0x00000000a4b00000, 0x00000000a4b00000, 0x00000000a4c00000|  0%| F|  |TAMS 0x00000000a4b00000, 0x00000000a4b00000| Untracked 
|  40|0x00000000a4c00000, 0x00000000a4c00000, 0x00000000a4d00000|  0%| F|  |TAMS 0x00000000a4c00000, 0x00000000a4c00000| Untracked 
|  41|0x00000000a4d00000, 0x00000000a4d00000, 0x00000000a4e00000|  0%| F|  |TAMS 0x00000000a4d00000, 0x00000000a4d00000| Untracked 
|  42|0x00000000a4e00000, 0x00000000a4e00000, 0x00000000a4f00000|  0%| F|  |TAMS 0x00000000a4e00000, 0x00000000a4e00000| Untracked 
|  43|0x00000000a4f00000, 0x00000000a4f00000, 0x00000000a5000000|  0%| F|  |TAMS 0x00000000a4f00000, 0x00000000a4f00000| Untracked 
|  44|0x00000000a5000000, 0x00000000a5000000, 0x00000000a5100000|  0%| F|  |TAMS 0x00000000a5000000, 0x00000000a5000000| Untracked 
|  45|0x00000000a5100000, 0x00000000a5100000, 0x00000000a5200000|  0%| F|  |TAMS 0x00000000a5100000, 0x00000000a5100000| Untracked 
|  46|0x00000000a5200000, 0x00000000a5200000, 0x00000000a5300000|  0%| F|  |TAMS 0x00000000a5200000, 0x00000000a5200000| Untracked 
|  47|0x00000000a5300000, 0x00000000a5300000, 0x00000000a5400000|  0%| F|  |TAMS 0x00000000a5300000, 0x00000000a5300000| Untracked 
|  48|0x00000000a5400000, 0x00000000a5400000, 0x00000000a5500000|  0%| F|  |TAMS 0x00000000a5400000, 0x00000000a5400000| Untracked 
|  49|0x00000000a5500000, 0x00000000a5500000, 0x00000000a5600000|  0%| F|  |TAMS 0x00000000a5500000, 0x00000000a5500000| Untracked 
|  50|0x00000000a5600000, 0x00000000a5600000, 0x00000000a5700000|  0%| F|  |TAMS 0x00000000a5600000, 0x00000000a5600000| Untracked 
|  51|0x00000000a5700000, 0x00000000a5700000, 0x00000000a5800000|  0%| F|  |TAMS 0x00000000a5700000, 0x00000000a5700000| Untracked 
|  52|0x00000000a5800000, 0x00000000a5800000, 0x00000000a5900000|  0%| F|  |TAMS 0x00000000a5800000, 0x00000000a5800000| Untracked 
|  53|0x00000000a5900000, 0x00000000a5900000, 0x00000000a5a00000|  0%| F|  |TAMS 0x00000000a5900000, 0x00000000a5900000| Untracked 
|  54|0x00000000a5a00000, 0x00000000a5a00000, 0x00000000a5b00000|  0%| F|  |TAMS 0x00000000a5a00000, 0x00000000a5a00000| Untracked 
|  55|0x00000000a5b00000, 0x00000000a5b00000, 0x00000000a5c00000|  0%| F|  |TAMS 0x00000000a5b00000, 0x00000000a5b00000| Untracked 
|  56|0x00000000a5c00000, 0x00000000a5c00000, 0x00000000a5d00000|  0%| F|  |TAMS 0x00000000a5c00000, 0x00000000a5c00000| Untracked 
|  57|0x00000000a5d00000, 0x00000000a5d00000, 0x00000000a5e00000|  0%| F|  |TAMS 0x00000000a5d00000, 0x00000000a5d00000| Untracked 
|  58|0x00000000a5e00000, 0x00000000a5e00000, 0x00000000a5f00000|  0%| F|  |TAMS 0x00000000a5e00000, 0x00000000a5e00000| Untracked 
|  59|0x00000000a5f00000, 0x00000000a5f00000, 0x00000000a6000000|  0%| F|  |TAMS 0x00000000a5f00000, 0x00000000a5f00000| Untracked 
|  60|0x00000000a6000000, 0x00000000a6000000, 0x00000000a6100000|  0%| F|  |TAMS 0x00000000a6000000, 0x00000000a6000000| Untracked 
|  61|0x00000000a6100000, 0x00000000a6100000, 0x00000000a6200000|  0%| F|  |TAMS 0x00000000a6100000, 0x00000000a6100000| Untracked 
|  62|0x00000000a6200000, 0x00000000a6200000, 0x00000000a6300000|  0%| F|  |TAMS 0x00000000a6200000, 0x00000000a6200000| Untracked 
|  63|0x00000000a6300000, 0x00000000a6300000, 0x00000000a6400000|  0%| F|  |TAMS 0x00000000a6300000, 0x00000000a6300000| Untracked 
|  64|0x00000000a6400000, 0x00000000a6400000, 0x00000000a6500000|  0%| F|  |TAMS 0x00000000a6400000, 0x00000000a6400000| Untracked 
|  65|0x00000000a6500000, 0x00000000a6500000, 0x00000000a6600000|  0%| F|  |TAMS 0x00000000a6500000, 0x00000000a6500000| Untracked 
|  66|0x00000000a6600000, 0x00000000a6600000, 0x00000000a6700000|  0%| F|  |TAMS 0x00000000a6600000, 0x00000000a6600000| Untracked 
|  67|0x00000000a6700000, 0x00000000a6700000, 0x00000000a6800000|  0%| F|  |TAMS 0x00000000a6700000, 0x00000000a6700000| Untracked 
|  68|0x00000000a6800000, 0x00000000a6800000, 0x00000000a6900000|  0%| F|  |TAMS 0x00000000a6800000, 0x00000000a6800000| Untracked 
|  69|0x00000000a6900000, 0x00000000a6900000, 0x00000000a6a00000|  0%| F|  |TAMS 0x00000000a6900000, 0x00000000a6900000| Untracked 
|  70|0x00000000a6a00000, 0x00000000a6a00000, 0x00000000a6b00000|  0%| F|  |TAMS 0x00000000a6a00000, 0x00000000a6a00000| Untracked 
|  71|0x00000000a6b00000, 0x00000000a6b00000, 0x00000000a6c00000|  0%| F|  |TAMS 0x00000000a6b00000, 0x00000000a6b00000| Untracked 
|  72|0x00000000a6c00000, 0x00000000a6c00000, 0x00000000a6d00000|  0%| F|  |TAMS 0x00000000a6c00000, 0x00000000a6c00000| Untracked 
|  73|0x00000000a6d00000, 0x00000000a6d00000, 0x00000000a6e00000|  0%| F|  |TAMS 0x00000000a6d00000, 0x00000000a6d00000| Untracked 
|  74|0x00000000a6e00000, 0x00000000a6e00000, 0x00000000a6f00000|  0%| F|  |TAMS 0x00000000a6e00000, 0x00000000a6e00000| Untracked 
|  75|0x00000000a6f00000, 0x00000000a6f00000, 0x00000000a7000000|  0%| F|  |TAMS 0x00000000a6f00000, 0x00000000a6f00000| Untracked 
|  76|0x00000000a7000000, 0x00000000a7000000, 0x00000000a7100000|  0%| F|  |TAMS 0x00000000a7000000, 0x00000000a7000000| Untracked 
|  77|0x00000000a7100000, 0x00000000a7100000, 0x00000000a7200000|  0%| F|  |TAMS 0x00000000a7100000, 0x00000000a7100000| Untracked 
|  78|0x00000000a7200000, 0x00000000a7200000, 0x00000000a7300000|  0%| F|  |TAMS 0x00000000a7200000, 0x00000000a7200000| Untracked 
|  79|0x00000000a7300000, 0x00000000a7300000, 0x00000000a7400000|  0%| F|  |TAMS 0x00000000a7300000, 0x00000000a7300000| Untracked 
|  80|0x00000000a7400000, 0x00000000a74ec098, 0x00000000a7500000| 92%| E|  |TAMS 0x00000000a7400000, 0x00000000a7400000| Complete 
|  81|0x00000000a7500000, 0x00000000a7600000, 0x00000000a7600000|100%| E|CS|TAMS 0x00000000a7500000, 0x00000000a7500000| Complete 
|  82|0x00000000a7600000, 0x00000000a7700000, 0x00000000a7700000|100%| E|  |TAMS 0x00000000a7600000, 0x00000000a7600000| Complete 
|  83|0x00000000a7700000, 0x00000000a7800000, 0x00000000a7800000|100%| E|CS|TAMS 0x00000000a7700000, 0x00000000a7700000| Complete 
|  84|0x00000000a7800000, 0x00000000a7900000, 0x00000000a7900000|100%| E|CS|TAMS 0x00000000a7800000, 0x00000000a7800000| Complete 
|  85|0x00000000a7900000, 0x00000000a7a00000, 0x00000000a7a00000|100%| E|CS|TAMS 0x00000000a7900000, 0x00000000a7900000| Complete 
|  86|0x00000000a7a00000, 0x00000000a7b00000, 0x00000000a7b00000|100%| E|CS|TAMS 0x00000000a7a00000, 0x00000000a7a00000| Complete 
|  87|0x00000000a7b00000, 0x00000000a7c00000, 0x00000000a7c00000|100%| E|CS|TAMS 0x00000000a7b00000, 0x00000000a7b00000| Complete 
|  88|0x00000000a7c00000, 0x00000000a7d00000, 0x00000000a7d00000|100%| E|CS|TAMS 0x00000000a7c00000, 0x00000000a7c00000| Complete 
|  89|0x00000000a7d00000, 0x00000000a7e00000, 0x00000000a7e00000|100%| E|CS|TAMS 0x00000000a7d00000, 0x00000000a7d00000| Complete 
|  90|0x00000000a7e00000, 0x00000000a7f00000, 0x00000000a7f00000|100%| E|CS|TAMS 0x00000000a7e00000, 0x00000000a7e00000| Complete 
|  91|0x00000000a7f00000, 0x00000000a8000000, 0x00000000a8000000|100%| E|CS|TAMS 0x00000000a7f00000, 0x00000000a7f00000| Complete 
|  92|0x00000000a8000000, 0x00000000a8100000, 0x00000000a8100000|100%| E|CS|TAMS 0x00000000a8000000, 0x00000000a8000000| Complete 
|  93|0x00000000a8100000, 0x00000000a8200000, 0x00000000a8200000|100%| E|CS|TAMS 0x00000000a8100000, 0x00000000a8100000| Complete 

Card table byte_map: [0x0000020b4a2b0000,0x0000020b4a5a0000] _byte_map_base: 0x0000020b49d9e000

Marking Bits (Prev, Next): (CMBitMap*) 0x0000020b33331ff0, (CMBitMap*) 0x0000020b33332030
 Prev Bits: [0x0000020b4a890000, 0x0000020b4c000000)
 Next Bits: [0x0000020b4c000000, 0x0000020b4d770000)

Polling page: 0x0000020b310a0000

Metaspace:

Usage:
  Non-class:     10.24 MB used.
      Class:      1.20 MB used.
       Both:     11.44 MB used.

Virtual space:
  Non-class space:       16.00 MB reserved,      10.38 MB ( 65%) committed,  2 nodes.
      Class space:        1.00 GB reserved,       1.31 MB ( <1%) committed,  1 nodes.
              Both:        1.02 GB reserved,      11.69 MB (  1%) committed. 

Chunk freelists:
   Non-Class:  1014.00 KB
       Class:  2.64 MB
        Both:  3.63 MB

MaxMetaspaceSize: 17179869184.00 GB
CompressedClassSpaceSize: 1.00 GB
 - commit_granule_bytes: 65536.
 - commit_granule_words: 8192.
 - virtual_space_node_default_size: 1048576.
 - enlarge_chunks_in_place: 1.
 - new_chunks_are_fully_committed: 0.
 - uncommit_free_chunks: 1.
 - use_allocation_guard: 0.
 - handle_deallocations: 1.


Internal statistics:

num_allocs_failed_limit: 0.
num_arena_births: 126.
num_arena_deaths: 0.
num_vsnodes_births: 3.
num_vsnodes_deaths: 0.
num_space_committed: 185.
num_space_uncommitted: 0.
num_chunks_returned_to_freelist: 0.
num_chunks_taken_from_freelist: 221.
num_chunk_merges: 0.
num_chunk_splits: 150.
num_chunks_enlarged: 95.
num_purges: 0.

CodeHeap 'non-profiled nmethods': size=120000Kb used=374Kb max_used=374Kb free=119625Kb
 bounds [0x0000020b42540000, 0x0000020b427b0000, 0x0000020b49a70000]
CodeHeap 'profiled nmethods': size=120000Kb used=2317Kb max_used=2317Kb free=117682Kb
 bounds [0x0000020b3b010000, 0x0000020b3b280000, 0x0000020b42540000]
CodeHeap 'non-nmethods': size=5760Kb used=1440Kb max_used=1457Kb free=4319Kb
 bounds [0x0000020b3aa70000, 0x0000020b3ace0000, 0x0000020b3b010000]
 total_blobs=2084 nmethods=1270 adapters=727
 compilation: enabled
              stopped_count=0, restarted_count=0
 full_count=0

Compilation events (20 events):
Event: 46.696 Thread 0x0000020b50373ad0 1261       3       sun.awt.windows.WComponentPeer::getTarget (5 bytes)
Event: 46.696 Thread 0x0000020b50373ad0 nmethod 1261 0x0000020b3b24a310 code [0x0000020b3b24a4a0, 0x0000020b3b24a5b8]
Event: 46.936 Thread 0x0000020b50373ad0 1262       3       sun.java2d.d3d.D3DSurfaceData::getDeviceConfiguration (8 bytes)
Event: 46.938 Thread 0x0000020b50373ad0 nmethod 1262 0x0000020b3b24a690 code [0x0000020b3b24a840, 0x0000020b3b24a988]
Event: 47.347 Thread 0x0000020b50373ad0 1263       3       java.awt.DefaultKeyboardFocusManager::processKeyEvent (316 bytes)
Event: 47.350 Thread 0x0000020b50373ad0 nmethod 1263 0x0000020b3b24aa90 code [0x0000020b3b24af20, 0x0000020b3b24e158]
Event: 47.350 Thread 0x0000020b50373ad0 1264       3       java.awt.DefaultKeyboardFocusManager::consumeProcessedKeyEvent (30 bytes)
Event: 47.351 Thread 0x0000020b50373ad0 nmethod 1264 0x0000020b3b24ea10 code [0x0000020b3b24ebc0, 0x0000020b3b24ef18]
Event: 47.351 Thread 0x0000020b50373ad0 1265       3       java.awt.Window::preProcessKeyEvent (62 bytes)
Event: 47.351 Thread 0x0000020b50373ad0 nmethod 1265 0x0000020b3b24f010 code [0x0000020b3b24f240, 0x0000020b3b24fc18]
Event: 47.351 Thread 0x0000020b50373ad0 1266       3       sun.awt.DebugSettings::getInstance (4 bytes)
Event: 47.351 Thread 0x0000020b50373ad0 nmethod 1266 0x0000020b3b24ff10 code [0x0000020b3b2500a0, 0x0000020b3b250198]
Event: 47.351 Thread 0x0000020b50373ad0 1267  s    3       sun.awt.DebugSettings::getBoolean (17 bytes)
Event: 47.352 Thread 0x0000020b50373ad0 nmethod 1267 0x0000020b3b250210 code [0x0000020b3b2503e0, 0x0000020b3b2506d8]
Event: 47.352 Thread 0x0000020b50373ad0 1268  s    3       sun.awt.DebugSettings::getString (21 bytes)
Event: 47.353 Thread 0x0000020b50373ad0 nmethod 1268 0x0000020b3b250810 code [0x0000020b3b250b00, 0x0000020b3b2519f8]
Event: 47.657 Thread 0x0000020b50373ad0 1269       3       java.awt.geom.AffineTransform::isIdentity (20 bytes)
Event: 47.657 Thread 0x0000020b50373ad0 nmethod 1269 0x0000020b3b251f90 code [0x0000020b3b252140, 0x0000020b3b2523c8]
Event: 47.937 Thread 0x0000020b50373ad0 1270       3       java.awt.Component::getGraphics (124 bytes)
Event: 47.938 Thread 0x0000020b50373ad0 nmethod 1270 0x0000020b3b252490 code [0x0000020b3b252720, 0x0000020b3b253488]

GC Heap History (0 events):
No events

Deoptimization events (20 events):
Event: 23.759 Thread 0x0000020b510952e0 DEOPT PACKING pc=0x0000020b3b1c394b sp=0x000000d97d9fe630
Event: 23.760 Thread 0x0000020b510952e0 DEOPT UNPACKING pc=0x0000020b3aabdece sp=0x000000d97d9fdbf8 mode 0
Event: 30.746 Thread 0x0000020b510952e0 Uncommon trap: trap_request=0xffffff45 fr.pc=0x0000020b42591498 relative=0x0000000000001018
Event: 30.746 Thread 0x0000020b510952e0 Uncommon trap: reason=unstable_if action=reinterpret pc=0x0000020b42591498 method=Maze.EasyLevel.display(Ljavax/media/opengl/GLAutoDrawable;)V @ 1205 c2
Event: 30.746 Thread 0x0000020b510952e0 DEOPT PACKING pc=0x0000020b42591498 sp=0x000000d97d9fe750
Event: 30.747 Thread 0x0000020b510952e0 DEOPT UNPACKING pc=0x0000020b3aabd72e sp=0x000000d97d9fe700 mode 2
Event: 35.859 Thread 0x0000020b510952e0 DEOPT PACKING pc=0x0000020b3b21245b sp=0x000000d97d9fe630
Event: 35.859 Thread 0x0000020b510952e0 DEOPT UNPACKING pc=0x0000020b3aabdece sp=0x000000d97d9fdbf8 mode 0
Event: 37.492 Thread 0x0000020b510952e0 DEOPT PACKING pc=0x0000020b3b21245b sp=0x000000d97d9fe630
Event: 37.492 Thread 0x0000020b510952e0 DEOPT UNPACKING pc=0x0000020b3aabdece sp=0x000000d97d9fdbf8 mode 0
Event: 39.133 Thread 0x0000020b510952e0 DEOPT PACKING pc=0x0000020b3b21245b sp=0x000000d97d9fe630
Event: 39.133 Thread 0x0000020b510952e0 DEOPT UNPACKING pc=0x0000020b3aabdece sp=0x000000d97d9fdbf8 mode 0
Event: 39.224 Thread 0x0000020b510952e0 Uncommon trap: trap_request=0xffffff45 fr.pc=0x0000020b4259795c relative=0x00000000000011fc
Event: 39.224 Thread 0x0000020b510952e0 Uncommon trap: reason=unstable_if action=reinterpret pc=0x0000020b4259795c method=Maze.EasyLevel.display(Ljavax/media/opengl/GLAutoDrawable;)V @ 1075 c2
Event: 39.224 Thread 0x0000020b510952e0 DEOPT PACKING pc=0x0000020b4259795c sp=0x000000d97d9fe750
Event: 39.224 Thread 0x0000020b510952e0 DEOPT UNPACKING pc=0x0000020b3aabd72e sp=0x000000d97d9fe700 mode 2
Event: 39.316 Thread 0x0000020b510952e0 Uncommon trap: trap_request=0xffffff45 fr.pc=0x0000020b4258edd0 relative=0x0000000000000bb0
Event: 39.316 Thread 0x0000020b510952e0 Uncommon trap: reason=unstable_if action=reinterpret pc=0x0000020b4258edd0 method=Maze.EasyLevel.display(Ljavax/media/opengl/GLAutoDrawable;)V @ 1586 c2
Event: 39.316 Thread 0x0000020b510952e0 DEOPT PACKING pc=0x0000020b4258edd0 sp=0x000000d97d9fe770
Event: 39.316 Thread 0x0000020b510952e0 DEOPT UNPACKING pc=0x0000020b3aabd72e sp=0x000000d97d9fe700 mode 2

Classes unloaded (0 events):
No events

Classes redefined (0 events):
No events

Internal exceptions (17 events):
Event: 0.057 Thread 0x0000020b332f84f0 Exception <a 'java/lang/NoSuchMethodError'{0x00000000a8062e88}: 'void java.lang.invoke.DirectMethodHandle$Holder.invokeSpecial(java.lang.Object, java.lang.Object, java.lang.Object)'> (0x00000000a8062e88) 
thrown [t:\workspace\open\src\hotspot\share\interpreter\linkResolver.cpp, line 790]
Event: 0.064 Thread 0x0000020b332f84f0 Exception <a 'java/lang/ClassNotFoundException'{0x00000000a8080348}: sun/awt/resources/spi/awtProvider> (0x00000000a8080348) 
thrown [t:\workspace\open\src\hotspot\share\classfile\systemDictionary.cpp, line 256]
Event: 0.079 Thread 0x0000020b332f84f0 Exception <a 'java/io/FileNotFoundException'{0x00000000a80d9dc0}> (0x00000000a80d9dc0) 
thrown [t:\workspace\open\src\hotspot\share\prims\jni.cpp, line 579]
Event: 0.083 Thread 0x0000020b332f84f0 Exception <a 'java/io/FileNotFoundException'{0x00000000a7f08fa8}> (0x00000000a7f08fa8) 
thrown [t:\workspace\open\src\hotspot\share\prims\jni.cpp, line 579]
Event: 0.084 Thread 0x0000020b332f84f0 Exception <a 'java/lang/NoSuchMethodError'{0x00000000a7f0a190}: 'java.lang.Object java.lang.invoke.DirectMethodHandle$Holder.invokeStatic(java.lang.Object)'> (0x00000000a7f0a190) 
thrown [t:\workspace\open\src\hotspot\share\interpreter\linkResolver.cpp, line 790]
Event: 0.108 Thread 0x0000020b332f84f0 Exception <a 'java/lang/NoSuchMethodError'{0x00000000a7f5f440}: 'java.lang.Object java.lang.invoke.DirectMethodHandle$Holder.invokeStaticInit(java.lang.Object)'> (0x00000000a7f5f440) 
thrown [t:\workspace\open\src\hotspot\share\interpreter\linkResolver.cpp, line 790]
Event: 0.163 Thread 0x0000020b332f84f0 Exception <a 'java/lang/NoSuchMethodError'{0x00000000a7e47968}: 'java.lang.Object java.lang.invoke.DirectMethodHandle$Holder.newInvokeSpecial(java.lang.Object, java.lang.Object, java.lang.Object, java.lang.Object, java.lang.Object)'> (0x00000000a7e47968) 
thrown [t:\workspace\open\src\hotspot\share\interpreter\linkResolver.cpp, line 790]
Event: 0.164 Thread 0x0000020b332f84f0 Exception <a 'java/lang/NoSuchMethodError'{0x00000000a7e53450}: 'java.lang.Object java.lang.invoke.DirectMethodHandle$Holder.invokeStatic(java.lang.Object, int, java.lang.Object, java.lang.Object, java.lang.Object, java.lang.Object)'> (0x00000000a7e53450) 
thrown [t:\workspace\open\src\hotspot\share\interpreter\linkResolver.cpp, line 790]
Event: 0.167 Thread 0x0000020b332f84f0 Exception <a 'java/lang/NoSuchMethodError'{0x00000000a7e79770}: 'java.lang.Object java.lang.invoke.DirectMethodHandle$Holder.invokeStatic(java.lang.Object, int, java.lang.Object)'> (0x00000000a7e79770) 
thrown [t:\workspace\open\src\hotspot\share\interpreter\linkResolver.cpp, line 790]
Event: 0.181 Thread 0x0000020b332f84f0 Exception <a 'java/lang/ClassNotFoundException'{0x00000000a7d31a80}: com/sun/swing/internal/plaf/metal/resources/spi/metalProvider> (0x00000000a7d31a80) 
thrown [t:\workspace\open\src\hotspot\share\classfile\systemDictionary.cpp, line 256]
Event: 0.182 Thread 0x0000020b332f84f0 Exception <a 'java/lang/ClassNotFoundException'{0x00000000a7d35ae8}: com/sun/swing/internal/plaf/basic/resources/spi/basicProvider> (0x00000000a7d35ae8) 
thrown [t:\workspace\open\src\hotspot\share\classfile\systemDictionary.cpp, line 256]
Event: 0.194 Thread 0x0000020b51096820 Exception <a 'java/lang/NoSuchMethodError'{0x00000000a7d84f70}: 'java.lang.Object java.lang.invoke.DirectMethodHandle$Holder.newInvokeSpecial(java.lang.Object, java.lang.Object, java.lang.Object, int, int, int, int, int)'> (0x00000000a7d84f70) 
thrown [t:\workspace\open\src\hotspot\share\interpreter\linkResolver.cpp, line 790]
Event: 0.247 Thread 0x0000020b510962d0 Exception <a 'java/lang/NoSuchMethodError'{0x00000000a7f85bf0}: 'void java.lang.invoke.DirectMethodHandle$Holder.invokeVirtual(java.lang.Object, java.lang.Object)'> (0x00000000a7f85bf0) 
thrown [t:\workspace\open\src\hotspot\share\interpreter\linkResolver.cpp, line 790]
Event: 0.255 Thread 0x0000020b332f84f0 Exception <a 'java/lang/NoSuchMethodError'{0x00000000a7cf3f20}: 'void java.lang.invoke.DirectMethodHandle$Holder.invokeStaticInit(java.lang.Object)'> (0x00000000a7cf3f20) 
thrown [t:\workspace\open\src\hotspot\share\interpreter\linkResolver.cpp, line 790]
Event: 0.296 Thread 0x0000020b332f84f0 Exception <a 'java/lang/NoSuchMethodError'{0x00000000a7b40e68}: 'int java.lang.invoke.DirectMethodHandle$Holder.invokeStatic(java.lang.Object)'> (0x00000000a7b40e68) 
thrown [t:\workspace\open\src\hotspot\share\interpreter\linkResolver.cpp, line 790]
Event: 0.967 Thread 0x0000020b510952e0 Exception <a 'java/lang/NoSuchMethodError'{0x00000000a7cb8640}: 'java.lang.Object java.lang.invoke.DirectMethodHandle$Holder.invokeInterface(java.lang.Object, java.lang.Object)'> (0x00000000a7cb8640) 
thrown [t:\workspace\open\src\hotspot\share\interpreter\linkResolver.cpp, line 790]
Event: 0.967 Thread 0x0000020b510952e0 Exception <a 'java/lang/IncompatibleClassChangeError'{0x00000000a7cbc0d8}: Found class java.lang.Object, but interface was expected> (0x00000000a7cbc0d8) 
thrown [t:\workspace\open\src\hotspot\share\interpreter\linkResolver.cpp, line 857]

Events (20 events):
Event: 30.265 Executing  VM operation: Cleanup done
Event: 30.748 Thread 0x0000020b53cc2a50 Thread added: 0x0000020b53cc2a50
Event: 32.277 Executing  VM operation: Cleanup
Event: 32.277 Executing  VM operation: Cleanup done
Event: 35.294 Executing  VM operation: Cleanup
Event: 35.295 Executing  VM operation: Cleanup done
Event: 37.319 Executing  VM operation: Cleanup
Event: 37.319 Executing  VM operation: Cleanup done
Event: 39.345 Executing  VM operation: Cleanup
Event: 39.345 Executing  VM operation: Cleanup done
Event: 40.345 Executing  VM operation: Cleanup
Event: 40.345 Executing  VM operation: Cleanup done
Event: 42.142 Thread 0x0000020bc3f45ff0 Thread added: 0x0000020bc3f45ff0
Event: 42.360 Executing  VM operation: Cleanup
Event: 42.360 Executing  VM operation: Cleanup done
Event: 45.388 Executing  VM operation: Cleanup
Event: 45.389 Executing  VM operation: Cleanup done
Event: 45.547 Thread 0x0000020be93ac4d0 Thread added: 0x0000020be93ac4d0
Event: 46.398 Executing  VM operation: Cleanup
Event: 46.398 Executing  VM operation: Cleanup done


Dynamic libraries:
0x00007ff685a10000 - 0x00007ff685a20000 	C:\Program Files\Java\jdk-16\bin\java.exe
0x00007ffba37d0000 - 0x00007ffba39c8000 	C:\Windows\SYSTEM32\ntdll.dll
0x00007ffba3580000 - 0x00007ffba363f000 	C:\Windows\System32\KERNEL32.DLL
0x00007ffba1490000 - 0x00007ffba1762000 	C:\Windows\System32\KERNELBASE.dll
0x00007ffba0f50000 - 0x00007ffba1050000 	C:\Windows\System32\ucrtbase.dll
0x00007ffb910c0000 - 0x00007ffb910d9000 	C:\Program Files\Java\jdk-16\bin\VCRUNTIME140.dll
0x00007ffb913c0000 - 0x00007ffb913d8000 	C:\Program Files\Java\jdk-16\bin\jli.dll
0x00007ffba3020000 - 0x00007ffba30ce000 	C:\Windows\System32\ADVAPI32.dll
0x00007ffba30d0000 - 0x00007ffba316e000 	C:\Windows\System32\msvcrt.dll
0x00007ffba3460000 - 0x00007ffba34fc000 	C:\Windows\System32\sechost.dll
0x00007ffba2180000 - 0x00007ffba22a5000 	C:\Windows\System32\RPCRT4.dll
0x00007ffba3270000 - 0x00007ffba3411000 	C:\Windows\System32\USER32.dll
0x00007ffb8b1d0000 - 0x00007ffb8b46a000 	C:\Windows\WinSxS\amd64_microsoft.windows.common-controls_6595b64144ccf1df_6.0.19041.1110_none_60b5254171f9507e\COMCTL32.dll
0x00007ffba13b0000 - 0x00007ffba13d2000 	C:\Windows\System32\win32u.dll
0x00007ffba3750000 - 0x00007ffba377b000 	C:\Windows\System32\GDI32.dll
0x00007ffba12a0000 - 0x00007ffba13af000 	C:\Windows\System32\gdi32full.dll
0x00007ffba1200000 - 0x00007ffba129d000 	C:\Windows\System32\msvcp_win.dll
0x00007ffb98d30000 - 0x00007ffb98d3a000 	C:\Windows\SYSTEM32\VERSION.dll
0x00007ffba3420000 - 0x00007ffba3452000 	C:\Windows\System32\IMM32.DLL
0x00007ffb9b3a0000 - 0x00007ffb9b3ac000 	C:\Program Files\Java\jdk-16\bin\vcruntime140_1.dll
0x00007ffb4dc50000 - 0x00007ffb4dce1000 	C:\Program Files\Java\jdk-16\bin\msvcp140.dll
0x00007ffb19120000 - 0x00007ffb19ccb000 	C:\Program Files\Java\jdk-16\bin\server\jvm.dll
0x00007ffba3780000 - 0x00007ffba3788000 	C:\Windows\System32\PSAPI.DLL
0x00007ffb8cb00000 - 0x00007ffb8cb09000 	C:\Windows\SYSTEM32\WSOCK32.dll
0x00007ffb96980000 - 0x00007ffb969a7000 	C:\Windows\SYSTEM32\WINMM.dll
0x00007ffba3180000 - 0x00007ffba31eb000 	C:\Windows\System32\WS2_32.dll
0x00007ffb9f710000 - 0x00007ffb9f722000 	C:\Windows\SYSTEM32\kernel.appcore.dll
0x00007ffb96cb0000 - 0x00007ffb96cba000 	C:\Program Files\Java\jdk-16\bin\jimage.dll
0x00007ffb9ed50000 - 0x00007ffb9ef34000 	C:\Windows\SYSTEM32\DBGHELP.DLL
0x00007ffb8e630000 - 0x00007ffb8e665000 	C:\Windows\SYSTEM32\dbgcore.DLL
0x00007ffba0ec0000 - 0x00007ffba0f42000 	C:\Windows\System32\bcryptPrimitives.dll
0x00007ffb82c60000 - 0x00007ffb82c85000 	C:\Program Files\Java\jdk-16\bin\java.dll
0x00007ffba24c0000 - 0x00007ffba2c04000 	C:\Windows\System32\SHELL32.dll
0x00007ffb9ef60000 - 0x00007ffb9f6f2000 	C:\Windows\SYSTEM32\windows.storage.dll
0x00007ffba1e20000 - 0x00007ffba2175000 	C:\Windows\System32\combase.dll
0x00007ffba0840000 - 0x00007ffba0870000 	C:\Windows\SYSTEM32\Wldp.dll
0x00007ffba2380000 - 0x00007ffba242d000 	C:\Windows\System32\SHCORE.dll
0x00007ffba2fc0000 - 0x00007ffba3015000 	C:\Windows\System32\shlwapi.dll
0x00007ffba0e00000 - 0x00007ffba0e1f000 	C:\Windows\SYSTEM32\profapi.dll
0x00007ffb8fa60000 - 0x00007ffb8fa79000 	C:\Program Files\Java\jdk-16\bin\net.dll
0x00007ffb96de0000 - 0x00007ffb96eec000 	C:\Windows\SYSTEM32\WINHTTP.dll
0x00007ffba05a0000 - 0x00007ffba060a000 	C:\Windows\system32\mswsock.dll
0x00007ffb86cb0000 - 0x00007ffb86cc3000 	C:\Program Files\Java\jdk-16\bin\nio.dll
0x00007ffb848b0000 - 0x00007ffb848c8000 	C:\Program Files\Java\jdk-16\bin\zip.dll
0x00007ffb2c960000 - 0x00007ffb2cae0000 	C:\Program Files\Java\jdk-16\bin\awt.dll
0x00007ffba22b0000 - 0x00007ffba237d000 	C:\Windows\System32\OLEAUT32.dll
0x00007ffb9e380000 - 0x00007ffb9e411000 	C:\Windows\SYSTEM32\apphelp.dll
0x00007ffb9e750000 - 0x00007ffb9e77f000 	C:\Windows\system32\DWMAPI.DLL
0x00007ffb9e550000 - 0x00007ffb9e5ee000 	C:\Windows\system32\uxtheme.dll
0x00007ffb3e140000 - 0x00007ffb3e265000 	C:\Windows\system32\opengl32.dll
0x00007ffb3ec70000 - 0x00007ffb3ec9c000 	C:\Windows\SYSTEM32\GLU32.dll
0x00007ffba2ea0000 - 0x00007ffba2fb5000 	C:\Windows\System32\MSCTF.dll
0x00007ffba1820000 - 0x00007ffba194a000 	C:\Windows\System32\ole32.dll
0x00007ffb92460000 - 0x00007ffb9262e000 	C:\Windows\system32\d3d9.dll
0x00007ffb969b0000 - 0x00007ffb96b8b000 	C:\Windows\System32\DriverStore\FileRepository\u0365645.inf_amd64_6ea274c917f5f2dc\B365437\aticfx64.dll
0x00007ffb50ba0000 - 0x00007ffb50bd3000 	C:\Windows\System32\DriverStore\FileRepository\u0365645.inf_amd64_6ea274c917f5f2dc\B365437\atiu9p64.dll
0x00007ffb4fe90000 - 0x00007ffb50b9c000 	C:\Windows\System32\DriverStore\FileRepository\u0365645.inf_amd64_6ea274c917f5f2dc\B365437\atiumd64.dll
0x0000000058050000 - 0x0000000058f10000 	C:\Windows\System32\DriverStore\FileRepository\u0365645.inf_amd64_6ea274c917f5f2dc\B365437\atiumd6a.dll
0x00007ffba1770000 - 0x00007ffba1797000 	C:\Windows\System32\bcrypt.dll
0x00007ffba0d30000 - 0x00007ffba0d7b000 	C:\Windows\SYSTEM32\POWRPROF.dll
0x00007ffba0d10000 - 0x00007ffba0d22000 	C:\Windows\SYSTEM32\UMPDC.dll
0x00007ffb93820000 - 0x00007ffb9384f000 	C:\Windows\SYSTEM32\amdihk64.dll
0x00007ffb96ce0000 - 0x00007ffb96d1b000 	C:\Windows\SYSTEM32\dxcore.dll
0x00007ffba11b0000 - 0x00007ffba11fe000 	C:\Windows\System32\cfgmgr32.dll
0x00007ffb90c50000 - 0x00007ffb90c60000 	C:\Program Files\Java\jdk-16\bin\verify.dll
0x00007ffb4dbc0000 - 0x00007ffb4dc49000 	C:\Program Files\Java\jdk-16\bin\freetype.dll
0x00007ffb36c70000 - 0x00007ffb36d66000 	C:\Program Files\Java\jdk-16\bin\harfbuzz.dll
0x00007ffb83cd0000 - 0x00007ffb83ce2000 	C:\Program Files\Java\jdk-16\bin\fontmanager.dll
0x00007ffba3640000 - 0x00007ffba36ef000 	C:\Windows\System32\clbcatq.dll
0x00007ffb99dd0000 - 0x00007ffb99f84000 	C:\Windows\SYSTEM32\WindowsCodecs.dll
0x00007ffb8a400000 - 0x00007ffb8a43e000 	C:\Windows\system32\dataexchange.dll
0x00007ffb9cf70000 - 0x00007ffb9d1d3000 	C:\Windows\system32\d3d11.dll
0x00007ffb9d7a0000 - 0x00007ffb9d983000 	C:\Windows\system32\dcomp.dll
0x00007ffb9f780000 - 0x00007ffb9f873000 	C:\Windows\system32\dxgi.dll
0x00007ffb9a060000 - 0x00007ffb9a260000 	C:\Windows\system32\twinapi.appcore.dll
0x00007ffb86a20000 - 0x00007ffb86b19000 	C:\Windows\SYSTEM32\textinputframework.dll
0x00007ffb9d990000 - 0x00007ffb9dcee000 	C:\Windows\System32\CoreUIComponents.dll
0x00007ffb9e150000 - 0x00007ffb9e242000 	C:\Windows\System32\CoreMessaging.dll
0x00007ffb9ffe0000 - 0x00007ffba0013000 	C:\Windows\SYSTEM32\ntmarta.dll
0x00007ffb9c9b0000 - 0x00007ffb9cb04000 	C:\Windows\SYSTEM32\wintypes.dll
0x0000000010000000 - 0x000000001005a000 	C:\JOGLwin\lib64\jogl.dll
0x000000005a3f0000 - 0x000000005a4b9000 	C:\Windows\WinSxS\amd64_microsoft.vc80.crt_1fc8b3b9a1e18e3b_8.0.50727.9672_none_88e266cb2fac7c0d\MSVCR80.dll
0x00007ffb82c40000 - 0x00007ffb82c51000 	C:\Program Files\Java\jdk-16\bin\jsound.dll
0x00007ffb714b0000 - 0x00007ffb7154c000 	C:\Windows\SYSTEM32\DSOUND.dll
0x00007ffb7df90000 - 0x00007ffb7dfb6000 	C:\Windows\SYSTEM32\winmmbase.dll
0x00007ffb98e70000 - 0x00007ffb98ef5000 	C:\Windows\System32\MMDevApi.dll
0x00007ffba0b90000 - 0x00007ffba0bbc000 	C:\Windows\System32\DEVOBJ.dll
0x00007ffb90f20000 - 0x00007ffb90f66000 	C:\Windows\SYSTEM32\wdmaud.drv
0x00007ffb9b0d0000 - 0x00007ffb9b0d9000 	C:\Windows\SYSTEM32\ksuser.dll
0x00007ffb9b3d0000 - 0x00007ffb9b3da000 	C:\Windows\SYSTEM32\AVRT.dll
0x00007ffb98ad0000 - 0x00007ffb98c52000 	C:\Windows\SYSTEM32\AUDIOSES.DLL
0x00007ffb9e120000 - 0x00007ffb9e12d000 	C:\Windows\SYSTEM32\msacm32.drv
0x00007ffb9e0a0000 - 0x00007ffb9e0be000 	C:\Windows\SYSTEM32\MSACM32.dll
0x00007ffb9e090000 - 0x00007ffb9e09b000 	C:\Windows\SYSTEM32\midimap.dll
0x00007ffb9e650000 - 0x00007ffb9e664000 	C:\Windows\SYSTEM32\resourcepolicyclient.dll
0x00007ffb83cf0000 - 0x00007ffb83e31000 	C:\Windows\System32\Windows.UI.dll
0x00007ffb9a5a0000 - 0x00007ffb9a641000 	C:\Windows\System32\WindowManagementAPI.dll
0x00007ffb83e40000 - 0x00007ffb83f92000 	C:\Windows\System32\InputHost.dll
0x00007ffb9c6e0000 - 0x00007ffb9c7d6000 	C:\Windows\System32\PROPSYS.dll
0x00007ffb930f0000 - 0x00007ffb930f7000 	C:\Program Files\Java\jdk-16\bin\jawt.dll
0x0000000000f70000 - 0x0000000000f77000 	C:\JOGLwin\lib64\jogl_awt.dll
0x00007ffb9a670000 - 0x00007ffb9a767000 	C:\Windows\System32\AppXDeploymentClient.dll
0x00007ffb82a60000 - 0x00007ffb82a8a000 	C:\Windows\System32\DriverStore\FileRepository\u0365645.inf_amd64_6ea274c917f5f2dc\B365437\atig6pxx.dll
0x00007ffb02920000 - 0x00007ffb056c5000 	C:\Windows\System32\DriverStore\FileRepository\u0365645.inf_amd64_6ea274c917f5f2dc\B365437\atio6axx.dll
0x00007ffba19b0000 - 0x00007ffba1e18000 	C:\Windows\System32\SETUPAPI.dll
0x00007ffb908e0000 - 0x00007ffb90904000 	C:\Windows\SYSTEM32\dxva2.dll
0x00007ffb70ef0000 - 0x00007ffb70f2c000 	C:\Windows\System32\DriverStore\FileRepository\u0365645.inf_amd64_6ea274c917f5f2dc\B365437\atig6txx.dll
0x00007ffb270d0000 - 0x00007ffb2728f000 	C:\Windows\SYSTEM32\atiadlxx.dll
0x00007ffba17a0000 - 0x00007ffba1809000 	C:\Windows\System32\WINTRUST.dll
0x00007ffba1050000 - 0x00007ffba11a6000 	C:\Windows\System32\CRYPT32.dll
0x00007ffba09d0000 - 0x00007ffba09e2000 	C:\Windows\SYSTEM32\MSASN1.dll
0x00007ffb3f890000 - 0x00007ffb3f9b7000 	C:\Users\MoHamed Temo\AppData\Local\Discord\app-1.0.9008\modules\discord_hook-1\discord_hook\d07f021492a\DiscordHook64.dll
0x00007ffb9cb10000 - 0x00007ffb9cf6d000 	C:\Windows\SYSTEM32\D3DCompiler_47.dll
0x00007ffba07a0000 - 0x00007ffba07b8000 	C:\Windows\SYSTEM32\CRYPTSP.dll
0x00007ffb96740000 - 0x00007ffb96778000 	C:\Windows\System32\DriverStore\FileRepository\u0365645.inf_amd64_6ea274c917f5f2dc\B365437\atiuxp64.dll
0x00007ffb94700000 - 0x00007ffb965fe000 	C:\Windows\System32\DriverStore\FileRepository\u0365645.inf_amd64_6ea274c917f5f2dc\B365437\atidxx64.dll
0x00007ffb93290000 - 0x00007ffb932bb000 	C:\Windows\system32\D3DSCache.dll
0x00007ffba0dc0000 - 0x00007ffba0dee000 	C:\Windows\system32\USERENV.dll

dbghelp: loaded successfully - version: 4.0.5 - missing functions: none
symbol engine: initialized successfully - sym options: 0x614 - pdb path: .;C:\Program Files\Java\jdk-16\bin;C:\Windows\SYSTEM32;C:\Windows\WinSxS\amd64_microsoft.windows.common-controls_6595b64144ccf1df_6.0.19041.1110_none_60b5254171f9507e;C:\Program Files\Java\jdk-16\bin\server;C:\Windows\System32\DriverStore\FileRepository\u0365645.inf_amd64_6ea274c917f5f2dc\B365437;C:\JOGLwin\lib64;C:\Windows\WinSxS\amd64_microsoft.vc80.crt_1fc8b3b9a1e18e3b_8.0.50727.9672_none_88e266cb2fac7c0d;C:\Users\MoHamed Temo\AppData\Local\Discord\app-1.0.9008\modules\discord_hook-1\discord_hook\d07f021492a

VM Arguments:
jvm_args: -Dfile.encoding=UTF-8 -Djava.library.path=C:\JOGLwin\lib64 
java_command: Maze.MazeGameMainMethod
java_class_path (initial): C:\JOGLwin\lib64\gluegen-rt.jar;C:\JOGLwin\lib64\jogl.jar;C:\JOGLwin\lib32\gluegen-rt.jar;C:\JOGLwin\lib32\jogl.jar;D:\Projects\graphics\Maze\build\classes
Launcher Type: SUN_STANDARD

[Global flags]
     intx CICompilerCount                          = 4                                         {product} {ergonomic}
     uint ConcGCThreads                            = 3                                         {product} {ergonomic}
     uint G1ConcRefinementThreads                  = 10                                        {product} {ergonomic}
   size_t G1HeapRegionSize                         = 1048576                                   {product} {ergonomic}
    uintx GCDrainStackTargetSize                   = 64                                        {product} {ergonomic}
   size_t InitialHeapSize                          = 98566144                                  {product} {ergonomic}
   size_t MarkStackSize                            = 4194304                                   {product} {ergonomic}
   size_t MaxHeapSize                              = 1572864000                                {product} {ergonomic}
   size_t MaxNewSize                               = 943718400                                 {product} {ergonomic}
   size_t MinHeapDeltaBytes                        = 1048576                                   {product} {ergonomic}
   size_t MinHeapSize                              = 8388608                                   {product} {ergonomic}
    uintx NonNMethodCodeHeapSize                   = 5839372                                {pd product} {ergonomic}
    uintx NonProfiledCodeHeapSize                  = 122909434                              {pd product} {ergonomic}
    uintx ProfiledCodeHeapSize                     = 122909434                              {pd product} {ergonomic}
    uintx ReservedCodeCacheSize                    = 251658240                              {pd product} {ergonomic}
     bool SegmentedCodeCache                       = true                                      {product} {ergonomic}
   size_t SoftMaxHeapSize                          = 1572864000                             {manageable} {ergonomic}
     bool UseCompressedClassPointers               = true                           {product lp64_product} {ergonomic}
     bool UseCompressedOops                        = true                           {product lp64_product} {ergonomic}
     bool UseG1GC                                  = true                                      {product} {ergonomic}
     bool UseLargePagesIndividualAllocation        = false                                  {pd product} {ergonomic}

Logging:
Log output configuration:
 #0: stdout all=warning uptime,level,tags
 #1: stderr all=off uptime,level,tags

Environment Variables:
PATH=C:\Python311\Scripts\;C:\Python311\;C:\oraclexe\app\oracle\product\11.2.0\server\bin;C:\Program Files (x86)\Common Files\Oracle\Java\javapath;C:\Program Files\Common Files\Oracle\Java\javapath;C:\Windows\system32;C:\Windows;C:\Windows\System32\Wbem;C:\Windows\System32\WindowsPowerShell\v1.0\;C:\Windows\System32\OpenSSH\;C:\Program Files\nodejs\;C:\ProgramData\chocolatey\bin;C:\Program Files\NVIDIA Corporation\NVIDIA NvDLISR;C:\Program Files\dotnet\;C:\Program Files\Git\cmd;C:\Users\MoHamed Temo\AppData\Local\Microsoft\WindowsApps;C:\Users\MoHamed Temo\AppData\Local\Programs\Microsoft VS Code\bin;C:\Program Files\Java\jdk-16\bin;C:\Users\MoHamed Temo\AppData\Roaming\npm;C:\Users\MoHamed Temo\AppData\Local\GitHubDesktop\bin
USERNAME=MoHamedTemo
OS=Windows_NT
PROCESSOR_IDENTIFIER=AMD64 Family 25 Model 80 Stepping 0, AuthenticAMD



---------------  S Y S T E M  ---------------

OS:
 Windows 10 , 64 bit Build 19041 (10.0.19041.2364)
OS uptime: 3 days 2:31 hours

CPU: total 12 (initial active 12) (12 cores per cpu, 2 threads per core) family 25 model 80 stepping 0 microcode 0x0, cx8, cmov, fxsr, ht, mmx, 3dnowpref, sse, sse2, sse3, ssse3, sse4a, sse4.1, sse4.2, popcnt, lzcnt, tsc, tscinvbit, avx, avx2, aes, erms, clmul, bmi1, bmi2, adx, sha, fma, vzeroupper, clflush, clflushopt

Memory: 4k page, system-wide physical 5996M (314M free)
TotalPageFile size 20053M (AvailPageFile size 2336M)
current process WorkingSet (physical memory assigned to process): 417M, peak: 577M
current process commit charge ("private bytes"): 3751M, peak: 3767M

vm_info: Java HotSpot(TM) 64-Bit Server VM (16+36-2231) for windows-amd64 JRE (16+36-2231), built on Feb  8 2021 11:43:10 by "mach5one" with MS VC++ 16.7 (VS2019)

END.
