#
# A fatal error has been detected by the Java Runtime Environment:
#
#  EXCEPTION_ACCESS_VIOLATION (0xc0000005) at pc=0x00007ffb04039edb, pid=23344, tid=2988
#
# JRE version: Java(TM) SE Runtime Environment (16.0+36) (build 16+36-2231)
# Java VM: Java HotSpot(TM) 64-Bit Server VM (16+36-2231, mixed mode, sharing, tiered, compressed oops, g1 gc, windows-amd64)
# Problematic frame:
# C  [atio6axx.dll+0x1719edb]
#
# No core dump will be written. Minidumps are not enabled by default on client versions of Windows
#
# If you would like to submit a bug report, please visit:
#   https://bugreport.java.com/bugreport/crash.jsp
# The crash happened outside the Java Virtual Machine in native code.
# See problematic frame for where to report the bug.
#

---------------  S U M M A R Y ------------

Command Line: -Dfile.encoding=UTF-8 -Djava.library.path=C:\JOGLwin\lib64 Maze.MazeGameMainMethod

Host: AMD Ryzen 5 5600H with Radeon Graphics         , 12 cores, 5G,  Windows 10 , 64 bit Build 19041 (10.0.19041.2364)
Time: Mon Dec 26 16:02:34 2022 Egypt Standard Time elapsed time: 40.261576 seconds (0d 0h 0m 40s)

---------------  T H R E A D  ---------------

Current thread (0x0000022c5a4cd010):  JavaThread "AWT-EventQueue-0" [_thread_in_native, id=2988, stack(0x0000005d34a00000,0x0000005d34b00000)]

Stack: [0x0000005d34a00000,0x0000005d34b00000],  sp=0x0000005d34afcae0,  free space=1010k
Native frames: (J=compiled Java code, j=interpreted, Vv=VM code, C=native code)
C  [atio6axx.dll+0x1719edb]

Java frames: (J=compiled Java code, j=interpreted, Vv=VM code)
j  com.sun.opengl.impl.windows.WGL.SwapBuffers(J)Z+0
j  com.sun.opengl.impl.windows.WindowsOnscreenGLDrawable.swapBuffers()V+38
j  com.sun.opengl.impl.GLDrawableHelper.invokeGL(Ljavax/media/opengl/GLDrawable;Ljavax/media/opengl/GLContext;Ljava/lang/Runnable;Ljava/lang/Runnable;)V+435
j  javax.media.opengl.GLCanvas.maybeDoSingleThreadedWorkaround(Ljava/lang/Runnable;Ljava/lang/Runnable;)V+36
j  javax.media.opengl.GLCanvas.display()V+9
j  javax.media.opengl.GLCanvas.paint(Ljava/awt/Graphics;)V+125
j  javax.media.opengl.GLCanvas.update(Ljava/awt/Graphics;)V+2
j  sun.awt.RepaintArea.updateComponent(Ljava/awt/Component;Ljava/awt/Graphics;)V+6 java.desktop@16
j  sun.awt.RepaintArea.paint(Ljava/lang/Object;Z)V+263 java.desktop@16
J 1035 c1 sun.awt.windows.WComponentPeer.handleEvent(Ljava/awt/AWTEvent;)V java.desktop@16 (173 bytes) @ 0x0000022c3eefbe64 [0x0000022c3eefae80+0x0000000000000fe4]
J 1050 c1 java.awt.Component.dispatchEventImpl(Ljava/awt/AWTEvent;)V java.desktop@16 (777 bytes) @ 0x0000022c3ef0e00c [0x0000022c3ef08f60+0x00000000000050ac]
J 1012 c1 java.awt.EventQueue.dispatchEventImpl(Ljava/awt/AWTEvent;Ljava/lang/Object;)V java.desktop@16 (136 bytes) @ 0x0000022c3eed4074 [0x0000022c3eed3b80+0x00000000000004f4]
J 1017 c1 java.awt.EventQueue$4.run()Ljava/lang/Void; java.desktop@16 (60 bytes) @ 0x0000022c3eed822c [0x0000022c3eed8100+0x000000000000012c]
J 1107 c1 java.awt.EventQueue$4.run()Ljava/lang/Object; java.desktop@16 (5 bytes) @ 0x0000022c3ef2aa34 [0x0000022c3ef2a9c0+0x0000000000000074]
J 918 c1 java.security.ProtectionDomain$JavaSecurityAccessImpl.doIntersectionPrivilege(Ljava/security/PrivilegedAction;Ljava/security/AccessControlContext;Ljava/security/AccessControlContext;)Ljava/lang/Object; java.base@16 (22 bytes) @ 0x0000022c3eeab9d4 [0x0000022c3eeab740+0x0000000000000294]
J 951 c1 java.awt.EventQueue.dispatchEvent(Ljava/awt/AWTEvent;)V java.desktop@16 (80 bytes) @ 0x0000022c3eeb7ecc [0x0000022c3eeb73e0+0x0000000000000aec]
J 958 c1 java.awt.EventDispatchThread.pumpOneEventForFilters(I)V java.desktop@16 (113 bytes) @ 0x0000022c3eebbabc [0x0000022c3eebb420+0x000000000000069c]
j  java.awt.EventDispatchThread.pumpEventsForFilter(ILjava/awt/Conditional;Ljava/awt/EventFilter;)V+35 java.desktop@16
j  java.awt.EventDispatchThread.pumpEventsForHierarchy(ILjava/awt/Conditional;Ljava/awt/Component;)V+11 java.desktop@16
j  java.awt.EventDispatchThread.pumpEvents(ILjava/awt/Conditional;)V+4 java.desktop@16
j  java.awt.EventDispatchThread.pumpEvents(Ljava/awt/Conditional;)V+3 java.desktop@16
j  java.awt.EventDispatchThread.run()V+9 java.desktop@16
v  ~StubRoutines::call_stub

siginfo: EXCEPTION_ACCESS_VIOLATION (0xc0000005), reading address 0x0000000000000040


Register to memory mapping:

RIP=0x00007ffb04039edb atio6axx.dll
RAX=0x0000022cf4354588 points into unknown readable memory: 0x00007ffb04013c80 | 80 3c 01 04 fb 7f 00 00
RBX=0x0 is NULL
RCX=0x0 is NULL
RDX=0x0 is NULL
RSP=0x0000005d34afcae0 is pointing into the stack for thread: 0x0000022c5a4cd010
RBP=0x0000022cf43540e0 points into unknown readable memory: 0x00007ffb050b6710 | 10 67 0b 05 fb 7f 00 00
RSI=0x0000022ce39884e0 points into unknown readable memory: 0x00007ffb050b6628 | 28 66 0b 05 fb 7f 00 00
RDI=0x0 is NULL
R8 =0x0 is NULL
R9 =0x0 is NULL
R10=0x00007ffb050b9bd0 atio6axx.dll
R11=0x0 is NULL
R12=0x0000000000000003 is an unknown value
R13=0x0000022cf6924e30 points into unknown readable memory: 0x00007ffb050b9bd0 | d0 9b 0b 05 fb 7f 00 00
R14=0x0 is NULL
R15=0x0 is NULL


Registers:
RAX=0x0000022cf4354588, RBX=0x0000000000000000, RCX=0x0000000000000000, RDX=0x0000000000000000
RSP=0x0000005d34afcae0, RBP=0x0000022cf43540e0, RSI=0x0000022ce39884e0, RDI=0x0000000000000000
R8 =0x0000000000000000, R9 =0x0000000000000000, R10=0x00007ffb050b9bd0, R11=0x0000000000000000
R12=0x0000000000000003, R13=0x0000022cf6924e30, R14=0x0000000000000000, R15=0x0000000000000000
RIP=0x00007ffb04039edb, EFLAGS=0x0000000000010246

Top of Stack: (sp=0x0000005d34afcae0)
0x0000005d34afcae0:   000000000000000c 0000022c5a79ed40
0x0000005d34afcaf0:   0000022c00000000 0000022c35741380
0x0000005d34afcb00:   0000022cf6924e30 00007ffb040b9b6e
0x0000005d34afcb10:   0000022cf6924e30 0000022c35640000
0x0000005d34afcb20:   0000000000000130 0000022c35740cc0
0x0000005d34afcb30:   0000000000000000 0000000000000000
0x0000005d34afcb40:   0000000000000000 0000000000000130
0x0000005d34afcb50:   0000000000000128 0000000000000008
0x0000005d34afcb60:   0000022c35640000 0000005d34afcc29
0x0000005d34afcb70:   0000000000000013 00007ffba37fb3c7
0x0000005d34afcb80:   0000022c35740000 0000000000000000
0x0000005d34afcb90:   0000000000000000 0000022ce39884e0
0x0000005d34afcba0:   0000000000000000 00007ffb04068f5e
0x0000005d34afcbb0:   0000022cf6924e30 0000005d34afce00
0x0000005d34afcbc0:   0000000000000000 0000022cf482a5e0
0x0000005d34afcbd0:   0000000000001001 00007ffb0406919b 

Instructions: (pc=0x00007ffb04039edb)
0x00007ffb04039ddb:   87 60 05 00 00 44 89 a8 cc 11 00 00 48 8b 87 60
0x00007ffb04039deb:   05 00 00 44 89 a8 d0 11 00 00 48 8b 87 60 05 00
0x00007ffb04039dfb:   00 44 89 a8 64 12 00 00 48 8b 87 60 05 00 00 c7
0x00007ffb04039e0b:   80 d4 11 00 00 fe ff ff ff 48 8b 87 60 05 00 00
0x00007ffb04039e1b:   c7 80 d8 11 00 00 ff ff ff ff 48 8b 87 60 05 00
0x00007ffb04039e2b:   00 c7 80 dc 11 00 00 ff ff ff ff 48 8b 87 60 05
0x00007ffb04039e3b:   00 00 4c 89 a8 e0 11 00 00 48 8b 87 60 05 00 00
0x00007ffb04039e4b:   44 89 a8 e8 11 00 00 48 8b 87 60 05 00 00 44 89
0x00007ffb04039e5b:   a8 ec 11 00 00 48 8b 8f 60 05 00 00 0f 11 81 f0
0x00007ffb04039e6b:   11 00 00 0f 11 81 00 12 00 00 0f 11 81 10 12 00
0x00007ffb04039e7b:   00 66 0f 7e 81 20 12 00 00 48 8b 87 60 05 00 00
0x00007ffb04039e8b:   0f 11 80 24 12 00 00 0f 11 80 34 12 00 00 48 8b
0x00007ffb04039e9b:   87 60 05 00 00 0f 11 80 44 12 00 00 0f 11 80 54
0x00007ffb04039eab:   12 00 00 44 89 ab 68 01 00 00 48 8b 47 40 c6 80
0x00007ffb04039ebb:   52 01 00 00 00 48 83 c4 40 41 5d 5f 5b c3 cc cc
0x00007ffb04039ecb:   cc cc cc cc cc 40 53 48 83 ec 20 48 8b d9 33 d2
0x00007ffb04039edb:   48 8b 49 40 48 8b 01 ff 50 18 48 8b 43 40 33 c9
0x00007ffb04039eeb:   c7 80 54 01 00 00 01 00 00 00 48 8b 83 48 04 00
0x00007ffb04039efb:   00 48 89 8b 30 04 00 00 48 89 8b 38 04 00 00 48
0x00007ffb04039f0b:   89 8b 48 04 00 00 48 89 8b 40 04 00 00 48 83 c4
0x00007ffb04039f1b:   20 5b c3 cc cc 40 53 55 56 57 48 83 ec 28 41 8b
0x00007ffb04039f2b:   80 a0 00 00 00 33 ed 48 8b 74 24 70 49 8b f8 4c
0x00007ffb04039f3b:   89 64 24 50 48 8b da 4c 89 6c 24 58 4c 8b e9 4c
0x00007ffb04039f4b:   89 74 24 60 4d 8b f1 44 8b e5 85 c0 0f 84 d7 01
0x00007ffb04039f5b:   00 00 4c 89 7c 24 20 0f 1f 40 00 66 66 0f 1f 84
0x00007ffb04039f6b:   00 00 00 00 00 45 8b fc 42 8b 4c bf 70 4a 8b ac
0x00007ffb04039f7b:   fe 80 00 00 00 85 c9 0f 84 f0 00 00 00 83 e9 01
0x00007ffb04039f8b:   74 7f 83 f9 02 0f 85 68 01 00 00 45 8b 85 90 10
0x00007ffb04039f9b:   00 00 45 85 c0 74 2b 8b 83 d0 00 00 00 33 d2 2b
0x00007ffb04039fab:   83 c0 00 00 00 83 c0 10 41 f7 f0 85 d2 74 13 48
0x00007ffb04039fbb:   8b 03 44 2b c2 8d 51 01 41 c1 e8 02 48 8b cb ff
0x00007ffb04039fcb:   50 20 48 8b 93 d0 00 00 00 48 8d 42 10 48 89 83 


Stack slot to memory mapping:
stack at sp + 0 slots: 0x000000000000000c is an unknown value
stack at sp + 1 slots: 0x0000022c5a79ed40 points into unknown readable memory: 0x8000224000000000 | 00 00 00 00 40 22 00 80
stack at sp + 2 slots: 0x0000022c00000000 points into unknown readable memory: 0x00000115c0024600 | 00 46 02 c0 15 01 00 00
stack at sp + 3 slots: 0x0000022c35741380 points into unknown readable memory: 0x0000022c35740cc0 | c0 0c 74 35 2c 02 00 00
stack at sp + 4 slots: 0x0000022cf6924e30 points into unknown readable memory: 0x00007ffb050b9bd0 | d0 9b 0b 05 fb 7f 00 00
stack at sp + 5 slots: 0x00007ffb040b9b6e atio6axx.dll
stack at sp + 6 slots: 0x0000022cf6924e30 points into unknown readable memory: 0x00007ffb050b9bd0 | d0 9b 0b 05 fb 7f 00 00
stack at sp + 7 slots: 0x0000022c35640000 points into unknown readable memory: 0x0000000000000000 | 00 00 00 00 00 00 00 00


---------------  P R O C E S S  ---------------

Threads class SMR info:
_java_thread_list=0x0000022cfb47a120, length=28, elements={
0x0000022c54842560, 0x0000022c54843810, 0x0000022c54851700, 0x0000022c54854120,
0x0000022c54854a30, 0x0000022c54857af0, 0x0000022c5485a4c0, 0x0000022c5485ffb0,
0x0000022c548650c0, 0x0000022c5549fe30, 0x0000022c554b3780, 0x0000022c556af130,
0x0000022c556af650, 0x0000022c556afb70, 0x0000022c5a4cd010, 0x0000022c5a5babf0,
0x0000022c5a5dbfd0, 0x0000022c5a60c540, 0x0000022c5ca36fc0, 0x0000022c5ca37510,
0x0000022c137c9b70, 0x0000022c137c7b90, 0x0000022cb0df1680, 0x0000022cd9dc6150,
0x0000022cd9dcb100, 0x0000022cd9dc7be0, 0x0000022cd9dc56b0, 0x0000022cfb48b5a0
}

Java Threads: ( => current thread )
  0x0000022c54842560 JavaThread "Reference Handler" daemon [_thread_blocked, id=22152, stack(0x0000005d33000000,0x0000005d33100000)]
  0x0000022c54843810 JavaThread "Finalizer" daemon [_thread_blocked, id=28568, stack(0x0000005d33100000,0x0000005d33200000)]
  0x0000022c54851700 JavaThread "Signal Dispatcher" daemon [_thread_blocked, id=15976, stack(0x0000005d33200000,0x0000005d33300000)]
  0x0000022c54854120 JavaThread "Attach Listener" daemon [_thread_blocked, id=6516, stack(0x0000005d33300000,0x0000005d33400000)]
  0x0000022c54854a30 JavaThread "Service Thread" daemon [_thread_blocked, id=11364, stack(0x0000005d33400000,0x0000005d33500000)]
  0x0000022c54857af0 JavaThread "Monitor Deflation Thread" daemon [_thread_blocked, id=6936, stack(0x0000005d33500000,0x0000005d33600000)]
  0x0000022c5485a4c0 JavaThread "C2 CompilerThread0" daemon [_thread_blocked, id=3300, stack(0x0000005d33600000,0x0000005d33700000)]
  0x0000022c5485ffb0 JavaThread "C1 CompilerThread0" daemon [_thread_blocked, id=15144, stack(0x0000005d33700000,0x0000005d33800000)]
  0x0000022c548650c0 JavaThread "Sweeper thread" daemon [_thread_blocked, id=23184, stack(0x0000005d33800000,0x0000005d33900000)]
  0x0000022c5549fe30 JavaThread "Notification Thread" daemon [_thread_blocked, id=29644, stack(0x0000005d33900000,0x0000005d33a00000)]
  0x0000022c554b3780 JavaThread "Common-Cleaner" daemon [_thread_blocked, id=16208, stack(0x0000005d33b00000,0x0000005d33c00000)]
  0x0000022c556af130 JavaThread "Java2D Disposer" daemon [_thread_blocked, id=18516, stack(0x0000005d33c00000,0x0000005d33d00000)]
  0x0000022c556af650 JavaThread "AWT-Shutdown" [_thread_blocked, id=26368, stack(0x0000005d33d00000,0x0000005d33e00000)]
  0x0000022c556afb70 JavaThread "AWT-Windows" daemon [_thread_in_native, id=25464, stack(0x0000005d33e00000,0x0000005d33f00000)]
=>0x0000022c5a4cd010 JavaThread "AWT-EventQueue-0" [_thread_in_native, id=2988, stack(0x0000005d34a00000,0x0000005d34b00000)]
  0x0000022c5a5babf0 JavaThread "D3D Screen Updater" daemon [_thread_blocked, id=18188, stack(0x0000005d34c00000,0x0000005d34d00000)]
  0x0000022c5a5dbfd0 JavaThread "TimerQueue" daemon [_thread_blocked, id=12872, stack(0x0000005d34d00000,0x0000005d34e00000)]
  0x0000022c5a60c540 JavaThread "Java Sound Event Dispatcher" daemon [_thread_blocked, id=14044, stack(0x0000005d35000000,0x0000005d35100000)]
  0x0000022c5ca36fc0 JavaThread "Direct Clip" daemon [_thread_blocked, id=16396, stack(0x0000005d35300000,0x0000005d35400000)]
  0x0000022c5ca37510 JavaThread "DestroyJavaVM" [_thread_blocked, id=24424, stack(0x0000005d32900000,0x0000005d32a00000)]
  0x0000022c137c9b70 JavaThread "Direct Clip" daemon [_thread_blocked, id=21876, stack(0x0000005d3a000000,0x0000005d3a100000)]
  0x0000022c137c7b90 JavaThread "Direct Clip" daemon [_thread_blocked, id=27996, stack(0x0000005d3b100000,0x0000005d3b200000)]
  0x0000022cb0df1680 JavaThread "Direct Clip" daemon [_thread_blocked, id=24268, stack(0x0000005d3e800000,0x0000005d3e900000)]
  0x0000022cd9dc6150 JavaThread "Direct Clip" daemon [_thread_blocked, id=13684, stack(0x0000005d42500000,0x0000005d42600000)]
  0x0000022cd9dcb100 JavaThread "Direct Clip" daemon [_thread_blocked, id=4344, stack(0x0000005d42d00000,0x0000005d42e00000)]
  0x0000022cd9dc7be0 JavaThread "Direct Clip" daemon [_thread_blocked, id=27184, stack(0x0000005d43000000,0x0000005d43100000)]
  0x0000022cd9dc56b0 JavaThread "Direct Clip" daemon [_thread_blocked, id=23612, stack(0x0000005d43a00000,0x0000005d43b00000)]
  0x0000022cfb48b5a0 JavaThread "Direct Clip" daemon [_thread_blocked, id=10900, stack(0x0000005d43d00000,0x0000005d43e00000)]

Other Threads:
  0x0000022c5483c3b0 VMThread "VM Thread" [stack: 0x0000005d32f00000,0x0000005d33000000] [id=14404]
  0x0000022c554a95c0 WatcherThread [stack: 0x0000005d33a00000,0x0000005d33b00000] [id=18236]
  0x0000022c35872420 GCTaskThread "GC Thread#0" [stack: 0x0000005d32a00000,0x0000005d32b00000] [id=28028]
  0x0000022c358800f0 ConcurrentGCThread "G1 Main Marker" [stack: 0x0000005d32b00000,0x0000005d32c00000] [id=12120]
  0x0000022c35881bf0 ConcurrentGCThread "G1 Conc#0" [stack: 0x0000005d32c00000,0x0000005d32d00000] [id=8948]
  0x0000022c358fe780 ConcurrentGCThread "G1 Refine#0" [stack: 0x0000005d32d00000,0x0000005d32e00000] [id=21968]
  0x0000022c359001b0 ConcurrentGCThread "G1 Service" [stack: 0x0000005d32e00000,0x0000005d32f00000] [id=16348]

Threads with active compile tasks:

VM state: not at safepoint (normal execution)

VM Mutex/Monitor currently owned by a thread: None

Heap address: 0x00000000a2400000, size: 1500 MB, Compressed Oops mode: 32-bit
CDS archive(s) mapped at: [0x0000000800000000-0x0000000800bb0000-0x0000000800bb0000), size 12255232, SharedBaseAddress: 0x0000000800000000, ArchiveRelocationMode: 0.
Compressed class space mapped at: 0x0000000800c00000-0x0000000840c00000, reserved size: 1073741824
Narrow klass base: 0x0000000800000000, Narrow klass shift: 3, Narrow klass range: 0x100000000

GC Precious Log:
 CPUs: 12 total, 12 available
 Memory: 5996M
 Large Page Support: Disabled
 NUMA Support: Disabled
 Compressed Oops: Enabled (32-bit)
 Heap Region Size: 1M
 Heap Min Capacity: 8M
 Heap Initial Capacity: 94M
 Heap Max Capacity: 1500M
 Pre-touch: Disabled
 Parallel Workers: 10
 Concurrent Workers: 3
 Concurrent Refinement Workers: 10
 Periodic GC: Disabled

Heap:
 garbage-first heap   total 96256K, used 51200K [0x00000000a2400000, 0x0000000100000000)
  region size 1024K, 15 young (15360K), 0 survivors (0K)
 Metaspace       used 11784K, committed 12032K, reserved 1064960K
  class space    used 1236K, committed 1344K, reserved 1048576K

Heap Regions: E=young(eden), S=young(survivor), O=old, HS=humongous(starts), HC=humongous(continues), CS=collection set, F=free, OA=open archive, CA=closed archive, TAMS=top-at-mark-start (previous, next)
|   0|0x00000000a2400000, 0x00000000a2500000, 0x00000000a2500000|100%|HS|  |TAMS 0x00000000a2400000, 0x00000000a2400000| Complete 
|   1|0x00000000a2500000, 0x00000000a2600000, 0x00000000a2600000|100%|HC|  |TAMS 0x00000000a2500000, 0x00000000a2500000| Complete 
|   2|0x00000000a2600000, 0x00000000a2700000, 0x00000000a2700000|100%|HC|  |TAMS 0x00000000a2600000, 0x00000000a2600000| Complete 
|   3|0x00000000a2700000, 0x00000000a2800000, 0x00000000a2800000|100%|HC|  |TAMS 0x00000000a2700000, 0x00000000a2700000| Complete 
|   4|0x00000000a2800000, 0x00000000a2900000, 0x00000000a2900000|100%|HC|  |TAMS 0x00000000a2800000, 0x00000000a2800000| Complete 
|   5|0x00000000a2900000, 0x00000000a2a00000, 0x00000000a2a00000|100%|HC|  |TAMS 0x00000000a2900000, 0x00000000a2900000| Complete 
|   6|0x00000000a2a00000, 0x00000000a2b00000, 0x00000000a2b00000|100%|HC|  |TAMS 0x00000000a2a00000, 0x00000000a2a00000| Complete 
|   7|0x00000000a2b00000, 0x00000000a2c00000, 0x00000000a2c00000|100%|HC|  |TAMS 0x00000000a2b00000, 0x00000000a2b00000| Complete 
|   8|0x00000000a2c00000, 0x00000000a2d00000, 0x00000000a2d00000|100%|HC|  |TAMS 0x00000000a2c00000, 0x00000000a2c00000| Complete 
|   9|0x00000000a2d00000, 0x00000000a2e00000, 0x00000000a2e00000|100%|HC|  |TAMS 0x00000000a2d00000, 0x00000000a2d00000| Complete 
|  10|0x00000000a2e00000, 0x00000000a2f00000, 0x00000000a2f00000|100%|HC|  |TAMS 0x00000000a2e00000, 0x00000000a2e00000| Complete 
|  11|0x00000000a2f00000, 0x00000000a3000000, 0x00000000a3000000|100%|HC|  |TAMS 0x00000000a2f00000, 0x00000000a2f00000| Complete 
|  12|0x00000000a3000000, 0x00000000a3100000, 0x00000000a3100000|100%|HC|  |TAMS 0x00000000a3000000, 0x00000000a3000000| Complete 
|  13|0x00000000a3100000, 0x00000000a3200000, 0x00000000a3200000|100%|HC|  |TAMS 0x00000000a3100000, 0x00000000a3100000| Complete 
|  14|0x00000000a3200000, 0x00000000a3300000, 0x00000000a3300000|100%|HC|  |TAMS 0x00000000a3200000, 0x00000000a3200000| Complete 
|  15|0x00000000a3300000, 0x00000000a3400000, 0x00000000a3400000|100%|HC|  |TAMS 0x00000000a3300000, 0x00000000a3300000| Complete 
|  16|0x00000000a3400000, 0x00000000a3500000, 0x00000000a3500000|100%|HC|  |TAMS 0x00000000a3400000, 0x00000000a3400000| Complete 
|  17|0x00000000a3500000, 0x00000000a3600000, 0x00000000a3600000|100%|HC|  |TAMS 0x00000000a3500000, 0x00000000a3500000| Complete 
|  18|0x00000000a3600000, 0x00000000a3700000, 0x00000000a3700000|100%|HC|  |TAMS 0x00000000a3600000, 0x00000000a3600000| Complete 
|  19|0x00000000a3700000, 0x00000000a3800000, 0x00000000a3800000|100%|HC|  |TAMS 0x00000000a3700000, 0x00000000a3700000| Complete 
|  20|0x00000000a3800000, 0x00000000a3900000, 0x00000000a3900000|100%|HC|  |TAMS 0x00000000a3800000, 0x00000000a3800000| Complete 
|  21|0x00000000a3900000, 0x00000000a3a00000, 0x00000000a3a00000|100%|HC|  |TAMS 0x00000000a3900000, 0x00000000a3900000| Complete 
|  22|0x00000000a3a00000, 0x00000000a3b00000, 0x00000000a3b00000|100%|HC|  |TAMS 0x00000000a3a00000, 0x00000000a3a00000| Complete 
|  23|0x00000000a3b00000, 0x00000000a3c00000, 0x00000000a3c00000|100%|HC|  |TAMS 0x00000000a3b00000, 0x00000000a3b00000| Complete 
|  24|0x00000000a3c00000, 0x00000000a3d00000, 0x00000000a3d00000|100%|HC|  |TAMS 0x00000000a3c00000, 0x00000000a3c00000| Complete 
|  25|0x00000000a3d00000, 0x00000000a3e00000, 0x00000000a3e00000|100%|HC|  |TAMS 0x00000000a3d00000, 0x00000000a3d00000| Complete 
|  26|0x00000000a3e00000, 0x00000000a3f00000, 0x00000000a3f00000|100%|HC|  |TAMS 0x00000000a3e00000, 0x00000000a3e00000| Complete 
|  27|0x00000000a3f00000, 0x00000000a4000000, 0x00000000a4000000|100%|HC|  |TAMS 0x00000000a3f00000, 0x00000000a3f00000| Complete 
|  28|0x00000000a4000000, 0x00000000a4100000, 0x00000000a4100000|100%|HC|  |TAMS 0x00000000a4000000, 0x00000000a4000000| Complete 
|  29|0x00000000a4100000, 0x00000000a4200000, 0x00000000a4200000|100%|HC|  |TAMS 0x00000000a4100000, 0x00000000a4100000| Complete 
|  30|0x00000000a4200000, 0x00000000a4300000, 0x00000000a4300000|100%|HC|  |TAMS 0x00000000a4200000, 0x00000000a4200000| Complete 
|  31|0x00000000a4300000, 0x00000000a4400000, 0x00000000a4400000|100%|HC|  |TAMS 0x00000000a4300000, 0x00000000a4300000| Complete 
|  32|0x00000000a4400000, 0x00000000a4500000, 0x00000000a4500000|100%|HC|  |TAMS 0x00000000a4400000, 0x00000000a4400000| Complete 
|  33|0x00000000a4500000, 0x00000000a4600000, 0x00000000a4600000|100%|HS|  |TAMS 0x00000000a4500000, 0x00000000a4500000| Complete 
|  34|0x00000000a4600000, 0x00000000a4700000, 0x00000000a4700000|100%|HS|  |TAMS 0x00000000a4600000, 0x00000000a4600000| Complete 
|  35|0x00000000a4700000, 0x00000000a4800000, 0x00000000a4800000|100%|HS|  |TAMS 0x00000000a4700000, 0x00000000a4700000| Complete 
|  36|0x00000000a4800000, 0x00000000a4800000, 0x00000000a4900000|  0%| F|  |TAMS 0x00000000a4800000, 0x00000000a4800000| Untracked 
|  37|0x00000000a4900000, 0x00000000a4900000, 0x00000000a4a00000|  0%| F|  |TAMS 0x00000000a4900000, 0x00000000a4900000| Untracked 
|  38|0x00000000a4a00000, 0x00000000a4a00000, 0x00000000a4b00000|  0%| F|  |TAMS 0x00000000a4a00000, 0x00000000a4a00000| Untracked 
|  39|0x00000000a4b00000, 0x00000000a4b00000, 0x00000000a4c00000|  0%| F|  |TAMS 0x00000000a4b00000, 0x00000000a4b00000| Untracked 
|  40|0x00000000a4c00000, 0x00000000a4c00000, 0x00000000a4d00000|  0%| F|  |TAMS 0x00000000a4c00000, 0x00000000a4c00000| Untracked 
|  41|0x00000000a4d00000, 0x00000000a4d00000, 0x00000000a4e00000|  0%| F|  |TAMS 0x00000000a4d00000, 0x00000000a4d00000| Untracked 
|  42|0x00000000a4e00000, 0x00000000a4e00000, 0x00000000a4f00000|  0%| F|  |TAMS 0x00000000a4e00000, 0x00000000a4e00000| Untracked 
|  43|0x00000000a4f00000, 0x00000000a4f00000, 0x00000000a5000000|  0%| F|  |TAMS 0x00000000a4f00000, 0x00000000a4f00000| Untracked 
|  44|0x00000000a5000000, 0x00000000a5000000, 0x00000000a5100000|  0%| F|  |TAMS 0x00000000a5000000, 0x00000000a5000000| Untracked 
|  45|0x00000000a5100000, 0x00000000a5100000, 0x00000000a5200000|  0%| F|  |TAMS 0x00000000a5100000, 0x00000000a5100000| Untracked 
|  46|0x00000000a5200000, 0x00000000a5200000, 0x00000000a5300000|  0%| F|  |TAMS 0x00000000a5200000, 0x00000000a5200000| Untracked 
|  47|0x00000000a5300000, 0x00000000a5300000, 0x00000000a5400000|  0%| F|  |TAMS 0x00000000a5300000, 0x00000000a5300000| Untracked 
|  48|0x00000000a5400000, 0x00000000a5400000, 0x00000000a5500000|  0%| F|  |TAMS 0x00000000a5400000, 0x00000000a5400000| Untracked 
|  49|0x00000000a5500000, 0x00000000a5500000, 0x00000000a5600000|  0%| F|  |TAMS 0x00000000a5500000, 0x00000000a5500000| Untracked 
|  50|0x00000000a5600000, 0x00000000a5600000, 0x00000000a5700000|  0%| F|  |TAMS 0x00000000a5600000, 0x00000000a5600000| Untracked 
|  51|0x00000000a5700000, 0x00000000a5700000, 0x00000000a5800000|  0%| F|  |TAMS 0x00000000a5700000, 0x00000000a5700000| Untracked 
|  52|0x00000000a5800000, 0x00000000a5800000, 0x00000000a5900000|  0%| F|  |TAMS 0x00000000a5800000, 0x00000000a5800000| Untracked 
|  53|0x00000000a5900000, 0x00000000a5900000, 0x00000000a5a00000|  0%| F|  |TAMS 0x00000000a5900000, 0x00000000a5900000| Untracked 
|  54|0x00000000a5a00000, 0x00000000a5a00000, 0x00000000a5b00000|  0%| F|  |TAMS 0x00000000a5a00000, 0x00000000a5a00000| Untracked 
|  55|0x00000000a5b00000, 0x00000000a5b00000, 0x00000000a5c00000|  0%| F|  |TAMS 0x00000000a5b00000, 0x00000000a5b00000| Untracked 
|  56|0x00000000a5c00000, 0x00000000a5c00000, 0x00000000a5d00000|  0%| F|  |TAMS 0x00000000a5c00000, 0x00000000a5c00000| Untracked 
|  57|0x00000000a5d00000, 0x00000000a5d00000, 0x00000000a5e00000|  0%| F|  |TAMS 0x00000000a5d00000, 0x00000000a5d00000| Untracked 
|  58|0x00000000a5e00000, 0x00000000a5e00000, 0x00000000a5f00000|  0%| F|  |TAMS 0x00000000a5e00000, 0x00000000a5e00000| Untracked 
|  59|0x00000000a5f00000, 0x00000000a5f00000, 0x00000000a6000000|  0%| F|  |TAMS 0x00000000a5f00000, 0x00000000a5f00000| Untracked 
|  60|0x00000000a6000000, 0x00000000a6000000, 0x00000000a6100000|  0%| F|  |TAMS 0x00000000a6000000, 0x00000000a6000000| Untracked 
|  61|0x00000000a6100000, 0x00000000a6100000, 0x00000000a6200000|  0%| F|  |TAMS 0x00000000a6100000, 0x00000000a6100000| Untracked 
|  62|0x00000000a6200000, 0x00000000a6200000, 0x00000000a6300000|  0%| F|  |TAMS 0x00000000a6200000, 0x00000000a6200000| Untracked 
|  63|0x00000000a6300000, 0x00000000a6300000, 0x00000000a6400000|  0%| F|  |TAMS 0x00000000a6300000, 0x00000000a6300000| Untracked 
|  64|0x00000000a6400000, 0x00000000a6400000, 0x00000000a6500000|  0%| F|  |TAMS 0x00000000a6400000, 0x00000000a6400000| Untracked 
|  65|0x00000000a6500000, 0x00000000a6500000, 0x00000000a6600000|  0%| F|  |TAMS 0x00000000a6500000, 0x00000000a6500000| Untracked 
|  66|0x00000000a6600000, 0x00000000a6600000, 0x00000000a6700000|  0%| F|  |TAMS 0x00000000a6600000, 0x00000000a6600000| Untracked 
|  67|0x00000000a6700000, 0x00000000a6700000, 0x00000000a6800000|  0%| F|  |TAMS 0x00000000a6700000, 0x00000000a6700000| Untracked 
|  68|0x00000000a6800000, 0x00000000a6800000, 0x00000000a6900000|  0%| F|  |TAMS 0x00000000a6800000, 0x00000000a6800000| Untracked 
|  69|0x00000000a6900000, 0x00000000a6900000, 0x00000000a6a00000|  0%| F|  |TAMS 0x00000000a6900000, 0x00000000a6900000| Untracked 
|  70|0x00000000a6a00000, 0x00000000a6a00000, 0x00000000a6b00000|  0%| F|  |TAMS 0x00000000a6a00000, 0x00000000a6a00000| Untracked 
|  71|0x00000000a6b00000, 0x00000000a6b00000, 0x00000000a6c00000|  0%| F|  |TAMS 0x00000000a6b00000, 0x00000000a6b00000| Untracked 
|  72|0x00000000a6c00000, 0x00000000a6c00000, 0x00000000a6d00000|  0%| F|  |TAMS 0x00000000a6c00000, 0x00000000a6c00000| Untracked 
|  73|0x00000000a6d00000, 0x00000000a6d00000, 0x00000000a6e00000|  0%| F|  |TAMS 0x00000000a6d00000, 0x00000000a6d00000| Untracked 
|  74|0x00000000a6e00000, 0x00000000a6e00000, 0x00000000a6f00000|  0%| F|  |TAMS 0x00000000a6e00000, 0x00000000a6e00000| Untracked 
|  75|0x00000000a6f00000, 0x00000000a6f00000, 0x00000000a7000000|  0%| F|  |TAMS 0x00000000a6f00000, 0x00000000a6f00000| Untracked 
|  76|0x00000000a7000000, 0x00000000a7000000, 0x00000000a7100000|  0%| F|  |TAMS 0x00000000a7000000, 0x00000000a7000000| Untracked 
|  77|0x00000000a7100000, 0x00000000a7100000, 0x00000000a7200000|  0%| F|  |TAMS 0x00000000a7100000, 0x00000000a7100000| Untracked 
|  78|0x00000000a7200000, 0x00000000a7200000, 0x00000000a7300000|  0%| F|  |TAMS 0x00000000a7200000, 0x00000000a7200000| Untracked 
|  79|0x00000000a7300000, 0x00000000a7400000, 0x00000000a7400000|100%| E|  |TAMS 0x00000000a7300000, 0x00000000a7300000| Complete 
|  80|0x00000000a7400000, 0x00000000a7500000, 0x00000000a7500000|100%| E|CS|TAMS 0x00000000a7400000, 0x00000000a7400000| Complete 
|  81|0x00000000a7500000, 0x00000000a7600000, 0x00000000a7600000|100%| E|CS|TAMS 0x00000000a7500000, 0x00000000a7500000| Complete 
|  82|0x00000000a7600000, 0x00000000a7700000, 0x00000000a7700000|100%| E|CS|TAMS 0x00000000a7600000, 0x00000000a7600000| Complete 
|  83|0x00000000a7700000, 0x00000000a7800000, 0x00000000a7800000|100%| E|CS|TAMS 0x00000000a7700000, 0x00000000a7700000| Complete 
|  84|0x00000000a7800000, 0x00000000a7900000, 0x00000000a7900000|100%| E|CS|TAMS 0x00000000a7800000, 0x00000000a7800000| Complete 
|  85|0x00000000a7900000, 0x00000000a7a00000, 0x00000000a7a00000|100%| E|CS|TAMS 0x00000000a7900000, 0x00000000a7900000| Complete 
|  86|0x00000000a7a00000, 0x00000000a7b00000, 0x00000000a7b00000|100%| E|CS|TAMS 0x00000000a7a00000, 0x00000000a7a00000| Complete 
|  87|0x00000000a7b00000, 0x00000000a7c00000, 0x00000000a7c00000|100%| E|CS|TAMS 0x00000000a7b00000, 0x00000000a7b00000| Complete 
|  88|0x00000000a7c00000, 0x00000000a7d00000, 0x00000000a7d00000|100%| E|CS|TAMS 0x00000000a7c00000, 0x00000000a7c00000| Complete 
|  89|0x00000000a7d00000, 0x00000000a7e00000, 0x00000000a7e00000|100%| E|CS|TAMS 0x00000000a7d00000, 0x00000000a7d00000| Complete 
|  90|0x00000000a7e00000, 0x00000000a7f00000, 0x00000000a7f00000|100%| E|CS|TAMS 0x00000000a7e00000, 0x00000000a7e00000| Complete 
|  91|0x00000000a7f00000, 0x00000000a8000000, 0x00000000a8000000|100%| E|CS|TAMS 0x00000000a7f00000, 0x00000000a7f00000| Complete 
|  92|0x00000000a8000000, 0x00000000a8100000, 0x00000000a8100000|100%| E|CS|TAMS 0x00000000a8000000, 0x00000000a8000000| Complete 
|  93|0x00000000a8100000, 0x00000000a8200000, 0x00000000a8200000|100%| E|CS|TAMS 0x00000000a8100000, 0x00000000a8100000| Complete 

Card table byte_map: [0x0000022c4e730000,0x0000022c4ea20000] _byte_map_base: 0x0000022c4e21e000

Marking Bits (Prev, Next): (CMBitMap*) 0x0000022c35872b10, (CMBitMap*) 0x0000022c35872b50
 Prev Bits: [0x0000022c4ed10000, 0x0000022c50480000)
 Next Bits: [0x0000022c50480000, 0x0000022c51bf0000)

Polling page: 0x0000022c35620000

Metaspace:

Usage:
  Non-class:     10.30 MB used.
      Class:      1.21 MB used.
       Both:     11.51 MB used.

Virtual space:
  Non-class space:       16.00 MB reserved,      10.44 MB ( 65%) committed,  2 nodes.
      Class space:        1.00 GB reserved,       1.31 MB ( <1%) committed,  1 nodes.
              Both:        1.02 GB reserved,      11.75 MB (  1%) committed. 

Chunk freelists:
   Non-Class:  1012.00 KB
       Class:  2.64 MB
        Both:  3.63 MB

MaxMetaspaceSize: 17179869184.00 GB
CompressedClassSpaceSize: 1.00 GB
 - commit_granule_bytes: 65536.
 - commit_granule_words: 8192.
 - virtual_space_node_default_size: 1048576.
 - enlarge_chunks_in_place: 1.
 - new_chunks_are_fully_committed: 0.
 - uncommit_free_chunks: 1.
 - use_allocation_guard: 0.
 - handle_deallocations: 1.


Internal statistics:

num_allocs_failed_limit: 0.
num_arena_births: 128.
num_arena_deaths: 0.
num_vsnodes_births: 3.
num_vsnodes_deaths: 0.
num_space_committed: 186.
num_space_uncommitted: 0.
num_chunks_returned_to_freelist: 0.
num_chunks_taken_from_freelist: 223.
num_chunk_merges: 0.
num_chunk_splits: 151.
num_chunks_enlarged: 95.
num_purges: 0.

CodeHeap 'non-profiled nmethods': size=120000Kb used=394Kb max_used=394Kb free=119605Kb
 bounds [0x0000022c46290000, 0x0000022c46500000, 0x0000022c4d7c0000]
CodeHeap 'profiled nmethods': size=120000Kb used=2367Kb max_used=2367Kb free=117632Kb
 bounds [0x0000022c3ed60000, 0x0000022c3efd0000, 0x0000022c46290000]
CodeHeap 'non-nmethods': size=5760Kb used=1441Kb max_used=1457Kb free=4319Kb
 bounds [0x0000022c3e7c0000, 0x0000022c3ea30000, 0x0000022c3ed60000]
 total_blobs=2166 nmethods=1352 adapters=727
 compilation: enabled
              stopped_count=0, restarted_count=0
 full_count=0

Compilation events (20 events):
Event: 39.544 Thread 0x0000022c5485ffb0 nmethod 1343 0x0000022c462edb90 code [0x0000022c462edd20, 0x0000022c462eddf8]
Event: 39.544 Thread 0x0000022c5485ffb0 1342   !   3       jdk.internal.loader.URLClassPath$JarLoader::ensureOpen (36 bytes)
Event: 39.544 Thread 0x0000022c5485ffb0 nmethod 1342 0x0000022c3efac790 code [0x0000022c3efac960, 0x0000022c3efacdb8]
Event: 39.682 Thread 0x0000022c5485ffb0 1344       1       com.sun.media.sound.AbstractDataLine::getFormat (5 bytes)
Event: 39.682 Thread 0x0000022c5485ffb0 nmethod 1344 0x0000022c462ede90 code [0x0000022c462ee020, 0x0000022c462ee0f8]
Event: 40.055 Thread 0x0000022c5485ffb0 1345       3       sun.java2d.d3d.D3DSurfaceData::getBounds (98 bytes)
Event: 40.055 Thread 0x0000022c5485ffb0 nmethod 1345 0x0000022c3efacf90 code [0x0000022c3efad1a0, 0x0000022c3efad978]
Event: 40.055 Thread 0x0000022c5485ffb0 1346       3       jdk.internal.reflect.ReflectionFactory::inflationThreshold (4 bytes)
Event: 40.055 Thread 0x0000022c5485ffb0 nmethod 1346 0x0000022c3efadb90 code [0x0000022c3efadd20, 0x0000022c3efade18]
Event: 40.056 Thread 0x0000022c5485ffb0 1347       3       java.util.jar.JarFile::getJarEntry (9 bytes)
Event: 40.056 Thread 0x0000022c5485ffb0 nmethod 1347 0x0000022c3efade90 code [0x0000022c3efae080, 0x0000022c3efae578]
Event: 40.056 Thread 0x0000022c5485ffb0 1348       3       java.util.jar.JarFile::getEntry (35 bytes)
Event: 40.056 Thread 0x0000022c5485ffb0 nmethod 1348 0x0000022c3efae710 code [0x0000022c3efae900, 0x0000022c3efaed98]
Event: 40.056 Thread 0x0000022c5485ffb0 1349   !   3       jdk.internal.loader.URLClassPath$JarLoader::getResource (65 bytes)
Event: 40.057 Thread 0x0000022c5485ffb0 nmethod 1349 0x0000022c3efaef10 code [0x0000022c3efaf180, 0x0000022c3efafb28]
Event: 40.057 Thread 0x0000022c5485ffb0 1350  s    1       java.util.Vector::size (5 bytes)
Event: 40.057 Thread 0x0000022c5485ffb0 nmethod 1350 0x0000022c462ee190 code [0x0000022c462ee320, 0x0000022c462ee498]
Event: 40.147 Thread 0x0000022c5485ffb0 1351       1       sun.awt.windows.WCanvasPeer::shouldClearRectBeforePaint (5 bytes)
Event: 40.147 Thread 0x0000022c5485ffb0 nmethod 1351 0x0000022c462ee510 code [0x0000022c462ee6a0, 0x0000022c462ee778]
Event: 40.240 Thread 0x0000022c5485a4c0 1352       4       Maze.EasyLevel::display (1822 bytes)

GC Heap History (0 events):
No events

Deoptimization events (20 events):
Event: 29.456 Thread 0x0000022c5a4cd010 DEOPT PACKING pc=0x0000022c462d4ec8 sp=0x0000005d34afdf30
Event: 29.457 Thread 0x0000022c5a4cd010 DEOPT UNPACKING pc=0x0000022c3e80d72e sp=0x0000005d34afdec8 mode 2
Event: 29.958 Thread 0x0000022c5a4cd010 DEOPT PACKING pc=0x0000022c3ef4bfcb sp=0x0000005d34afdef0
Event: 29.958 Thread 0x0000022c5a4cd010 DEOPT UNPACKING pc=0x0000022c3e80dece sp=0x0000005d34afd3c0 mode 0
Event: 30.230 Thread 0x0000022c5a4cd010 DEOPT PACKING pc=0x0000022c3ef4bfcb sp=0x0000005d34afdef0
Event: 30.230 Thread 0x0000022c5a4cd010 DEOPT UNPACKING pc=0x0000022c3e80dece sp=0x0000005d34afd3c0 mode 0
Event: 30.627 Thread 0x0000022c5a4cd010 DEOPT PACKING pc=0x0000022c3ef4bfcb sp=0x0000005d34afdef0
Event: 30.627 Thread 0x0000022c5a4cd010 DEOPT UNPACKING pc=0x0000022c3e80dece sp=0x0000005d34afd3c0 mode 0
Event: 30.823 Thread 0x0000022c5a4cd010 DEOPT PACKING pc=0x0000022c3ef4bfcb sp=0x0000005d34afdef0
Event: 30.823 Thread 0x0000022c5a4cd010 DEOPT UNPACKING pc=0x0000022c3e80dece sp=0x0000005d34afd3c0 mode 0
Event: 31.266 Thread 0x0000022c5a4cd010 DEOPT PACKING pc=0x0000022c3ef4bfcb sp=0x0000005d34afdef0
Event: 31.266 Thread 0x0000022c5a4cd010 DEOPT UNPACKING pc=0x0000022c3e80dece sp=0x0000005d34afd3c0 mode 0
Event: 31.487 Thread 0x0000022c5a4cd010 DEOPT PACKING pc=0x0000022c3ef4bfcb sp=0x0000005d34afdef0
Event: 31.487 Thread 0x0000022c5a4cd010 DEOPT UNPACKING pc=0x0000022c3e80dece sp=0x0000005d34afd3c0 mode 0
Event: 36.094 Thread 0x0000022c5a4cd010 Uncommon trap: trap_request=0xffffffde fr.pc=0x0000022c462affb8 relative=0x0000000000000198
Event: 36.094 Thread 0x0000022c5a4cd010 Uncommon trap: reason=class_check action=maybe_recompile pc=0x0000022c462affb8 method=java.lang.String.equals(Ljava/lang/Object;)Z @ 8 c2
Event: 36.094 Thread 0x0000022c5a4cd010 DEOPT PACKING pc=0x0000022c462affb8 sp=0x0000005d34afcc40
Event: 36.094 Thread 0x0000022c5a4cd010 DEOPT UNPACKING pc=0x0000022c3e80d72e sp=0x0000005d34afcbd8 mode 2
Event: 40.240 Thread 0x0000022c5a4cd010 DEOPT PACKING pc=0x0000022c3ef42673 sp=0x0000005d34afe070
Event: 40.240 Thread 0x0000022c5a4cd010 DEOPT UNPACKING pc=0x0000022c3e80dece sp=0x0000005d34afd638 mode 0

Classes unloaded (0 events):
No events

Classes redefined (0 events):
No events

Internal exceptions (17 events):
Event: 0.069 Thread 0x0000022c35839510 Exception <a 'java/lang/NoSuchMethodError'{0x00000000a8062ea8}: 'void java.lang.invoke.DirectMethodHandle$Holder.invokeSpecial(java.lang.Object, java.lang.Object, java.lang.Object)'> (0x00000000a8062ea8) 
thrown [t:\workspace\open\src\hotspot\share\interpreter\linkResolver.cpp, line 790]
Event: 0.078 Thread 0x0000022c35839510 Exception <a 'java/lang/ClassNotFoundException'{0x00000000a8080370}: sun/awt/resources/spi/awtProvider> (0x00000000a8080370) 
thrown [t:\workspace\open\src\hotspot\share\classfile\systemDictionary.cpp, line 256]
Event: 0.096 Thread 0x0000022c35839510 Exception <a 'java/io/FileNotFoundException'{0x00000000a80d9de8}> (0x00000000a80d9de8) 
thrown [t:\workspace\open\src\hotspot\share\prims\jni.cpp, line 579]
Event: 0.100 Thread 0x0000022c35839510 Exception <a 'java/io/FileNotFoundException'{0x00000000a7f08fa8}> (0x00000000a7f08fa8) 
thrown [t:\workspace\open\src\hotspot\share\prims\jni.cpp, line 579]
Event: 0.101 Thread 0x0000022c35839510 Exception <a 'java/lang/NoSuchMethodError'{0x00000000a7f0a190}: 'java.lang.Object java.lang.invoke.DirectMethodHandle$Holder.invokeStatic(java.lang.Object)'> (0x00000000a7f0a190) 
thrown [t:\workspace\open\src\hotspot\share\interpreter\linkResolver.cpp, line 790]
Event: 0.126 Thread 0x0000022c35839510 Exception <a 'java/lang/NoSuchMethodError'{0x00000000a7f5f440}: 'java.lang.Object java.lang.invoke.DirectMethodHandle$Holder.invokeStaticInit(java.lang.Object)'> (0x00000000a7f5f440) 
thrown [t:\workspace\open\src\hotspot\share\interpreter\linkResolver.cpp, line 790]
Event: 0.191 Thread 0x0000022c35839510 Exception <a 'java/lang/NoSuchMethodError'{0x00000000a7e47968}: 'java.lang.Object java.lang.invoke.DirectMethodHandle$Holder.newInvokeSpecial(java.lang.Object, java.lang.Object, java.lang.Object, java.lang.Object, java.lang.Object)'> (0x00000000a7e47968) 
thrown [t:\workspace\open\src\hotspot\share\interpreter\linkResolver.cpp, line 790]
Event: 0.192 Thread 0x0000022c35839510 Exception <a 'java/lang/NoSuchMethodError'{0x00000000a7e53450}: 'java.lang.Object java.lang.invoke.DirectMethodHandle$Holder.invokeStatic(java.lang.Object, int, java.lang.Object, java.lang.Object, java.lang.Object, java.lang.Object)'> (0x00000000a7e53450) 
thrown [t:\workspace\open\src\hotspot\share\interpreter\linkResolver.cpp, line 790]
Event: 0.195 Thread 0x0000022c35839510 Exception <a 'java/lang/NoSuchMethodError'{0x00000000a7e79770}: 'java.lang.Object java.lang.invoke.DirectMethodHandle$Holder.invokeStatic(java.lang.Object, int, java.lang.Object)'> (0x00000000a7e79770) 
thrown [t:\workspace\open\src\hotspot\share\interpreter\linkResolver.cpp, line 790]
Event: 0.209 Thread 0x0000022c35839510 Exception <a 'java/lang/ClassNotFoundException'{0x00000000a7d31a80}: com/sun/swing/internal/plaf/metal/resources/spi/metalProvider> (0x00000000a7d31a80) 
thrown [t:\workspace\open\src\hotspot\share\classfile\systemDictionary.cpp, line 256]
Event: 0.210 Thread 0x0000022c35839510 Exception <a 'java/lang/ClassNotFoundException'{0x00000000a7d35ae8}: com/sun/swing/internal/plaf/basic/resources/spi/basicProvider> (0x00000000a7d35ae8) 
thrown [t:\workspace\open\src\hotspot\share\classfile\systemDictionary.cpp, line 256]
Event: 0.224 Thread 0x0000022c5a432020 Exception <a 'java/lang/NoSuchMethodError'{0x00000000a7d84f70}: 'java.lang.Object java.lang.invoke.DirectMethodHandle$Holder.newInvokeSpecial(java.lang.Object, java.lang.Object, java.lang.Object, int, int, int, int, int)'> (0x00000000a7d84f70) 
thrown [t:\workspace\open\src\hotspot\share\interpreter\linkResolver.cpp, line 790]
Event: 0.282 Thread 0x0000022c556afb70 Exception <a 'java/lang/NoSuchMethodError'{0x00000000a7f85bf0}: 'void java.lang.invoke.DirectMethodHandle$Holder.invokeVirtual(java.lang.Object, java.lang.Object)'> (0x00000000a7f85bf0) 
thrown [t:\workspace\open\src\hotspot\share\interpreter\linkResolver.cpp, line 790]
Event: 0.291 Thread 0x0000022c35839510 Exception <a 'java/lang/NoSuchMethodError'{0x00000000a7cf4bb8}: 'void java.lang.invoke.DirectMethodHandle$Holder.invokeStaticInit(java.lang.Object)'> (0x00000000a7cf4bb8) 
thrown [t:\workspace\open\src\hotspot\share\interpreter\linkResolver.cpp, line 790]
Event: 0.336 Thread 0x0000022c35839510 Exception <a 'java/lang/NoSuchMethodError'{0x00000000a7b44010}: 'int java.lang.invoke.DirectMethodHandle$Holder.invokeStatic(java.lang.Object)'> (0x00000000a7b44010) 
thrown [t:\workspace\open\src\hotspot\share\interpreter\linkResolver.cpp, line 790]
Event: 1.322 Thread 0x0000022c5a4cd010 Exception <a 'java/lang/NoSuchMethodError'{0x00000000a7cbf2f8}: 'java.lang.Object java.lang.invoke.DirectMethodHandle$Holder.invokeInterface(java.lang.Object, java.lang.Object)'> (0x00000000a7cbf2f8) 
thrown [t:\workspace\open\src\hotspot\share\interpreter\linkResolver.cpp, line 790]
Event: 1.322 Thread 0x0000022c5a4cd010 Exception <a 'java/lang/IncompatibleClassChangeError'{0x00000000a7cc2d90}: Found class java.lang.Object, but interface was expected> (0x00000000a7cc2d90) 
thrown [t:\workspace\open\src\hotspot\share\interpreter\linkResolver.cpp, line 857]

Events (20 events):
Event: 34.003 loading class javax/swing/MenuElement
Event: 34.003 loading class javax/swing/MenuElement done
Event: 34.004 loading class javax/swing/JMenuBar done
Event: 34.608 Executing  VM operation: Cleanup
Event: 34.608 Executing  VM operation: Cleanup done
Event: 35.616 Executing  VM operation: Cleanup
Event: 35.616 Executing  VM operation: Cleanup done
Event: 36.622 Executing  VM operation: Cleanup
Event: 36.622 Executing  VM operation: Cleanup done
Event: 37.036 Thread 0x0000022cd9dcb100 Thread added: 0x0000022cd9dcb100
Event: 37.632 Executing  VM operation: Cleanup
Event: 37.632 Executing  VM operation: Cleanup done
Event: 37.856 Thread 0x0000022cd9dc7be0 Thread added: 0x0000022cd9dc7be0
Event: 38.646 Executing  VM operation: Cleanup
Event: 38.646 Executing  VM operation: Cleanup done
Event: 38.878 Thread 0x0000022cd9dc9670 Thread exited: 0x0000022cd9dc9670
Event: 39.544 Thread 0x0000022cd9dc56b0 Thread added: 0x0000022cd9dc56b0
Event: 39.651 Executing  VM operation: Cleanup
Event: 39.651 Executing  VM operation: Cleanup done
Event: 40.057 Thread 0x0000022cfb48b5a0 Thread added: 0x0000022cfb48b5a0


Dynamic libraries:
0x00007ff6bc210000 - 0x00007ff6bc220000 	C:\Program Files\Java\jdk-16\bin\java.exe
0x00007ffba37d0000 - 0x00007ffba39c8000 	C:\Windows\SYSTEM32\ntdll.dll
0x00007ffba3580000 - 0x00007ffba363f000 	C:\Windows\System32\KERNEL32.DLL
0x00007ffba1490000 - 0x00007ffba1762000 	C:\Windows\System32\KERNELBASE.dll
0x00007ffba0f50000 - 0x00007ffba1050000 	C:\Windows\System32\ucrtbase.dll
0x00007ffb910c0000 - 0x00007ffb910d9000 	C:\Program Files\Java\jdk-16\bin\VCRUNTIME140.dll
0x00007ffb91100000 - 0x00007ffb91118000 	C:\Program Files\Java\jdk-16\bin\jli.dll
0x00007ffba3020000 - 0x00007ffba30ce000 	C:\Windows\System32\ADVAPI32.dll
0x00007ffba30d0000 - 0x00007ffba316e000 	C:\Windows\System32\msvcrt.dll
0x00007ffba3460000 - 0x00007ffba34fc000 	C:\Windows\System32\sechost.dll
0x00007ffba2180000 - 0x00007ffba22a5000 	C:\Windows\System32\RPCRT4.dll
0x00007ffba3270000 - 0x00007ffba3411000 	C:\Windows\System32\USER32.dll
0x00007ffb8b1d0000 - 0x00007ffb8b46a000 	C:\Windows\WinSxS\amd64_microsoft.windows.common-controls_6595b64144ccf1df_6.0.19041.1110_none_60b5254171f9507e\COMCTL32.dll
0x00007ffba13b0000 - 0x00007ffba13d2000 	C:\Windows\System32\win32u.dll
0x00007ffba3750000 - 0x00007ffba377b000 	C:\Windows\System32\GDI32.dll
0x00007ffba12a0000 - 0x00007ffba13af000 	C:\Windows\System32\gdi32full.dll
0x00007ffba1200000 - 0x00007ffba129d000 	C:\Windows\System32\msvcp_win.dll
0x00007ffb98d30000 - 0x00007ffb98d3a000 	C:\Windows\SYSTEM32\VERSION.dll
0x00007ffba3420000 - 0x00007ffba3452000 	C:\Windows\System32\IMM32.DLL
0x00007ffb9b3a0000 - 0x00007ffb9b3ac000 	C:\Program Files\Java\jdk-16\bin\vcruntime140_1.dll
0x00007ffb4dc50000 - 0x00007ffb4dce1000 	C:\Program Files\Java\jdk-16\bin\msvcp140.dll
0x00007ffb19120000 - 0x00007ffb19ccb000 	C:\Program Files\Java\jdk-16\bin\server\jvm.dll
0x00007ffba3780000 - 0x00007ffba3788000 	C:\Windows\System32\PSAPI.DLL
0x00007ffb96980000 - 0x00007ffb969a7000 	C:\Windows\SYSTEM32\WINMM.dll
0x00007ffb8cb00000 - 0x00007ffb8cb09000 	C:\Windows\SYSTEM32\WSOCK32.dll
0x00007ffba3180000 - 0x00007ffba31eb000 	C:\Windows\System32\WS2_32.dll
0x00007ffb9f710000 - 0x00007ffb9f722000 	C:\Windows\SYSTEM32\kernel.appcore.dll
0x00007ffb96cb0000 - 0x00007ffb96cba000 	C:\Program Files\Java\jdk-16\bin\jimage.dll
0x00007ffb9ed50000 - 0x00007ffb9ef34000 	C:\Windows\SYSTEM32\DBGHELP.DLL
0x00007ffb8e630000 - 0x00007ffb8e665000 	C:\Windows\SYSTEM32\dbgcore.DLL
0x00007ffba0ec0000 - 0x00007ffba0f42000 	C:\Windows\System32\bcryptPrimitives.dll
0x00007ffb82c60000 - 0x00007ffb82c85000 	C:\Program Files\Java\jdk-16\bin\java.dll
0x00007ffba24c0000 - 0x00007ffba2c04000 	C:\Windows\System32\SHELL32.dll
0x00007ffb9ef60000 - 0x00007ffb9f6f2000 	C:\Windows\SYSTEM32\windows.storage.dll
0x00007ffba1e20000 - 0x00007ffba2175000 	C:\Windows\System32\combase.dll
0x00007ffba0840000 - 0x00007ffba0870000 	C:\Windows\SYSTEM32\Wldp.dll
0x00007ffba2380000 - 0x00007ffba242d000 	C:\Windows\System32\SHCORE.dll
0x00007ffba2fc0000 - 0x00007ffba3015000 	C:\Windows\System32\shlwapi.dll
0x00007ffba0e00000 - 0x00007ffba0e1f000 	C:\Windows\SYSTEM32\profapi.dll
0x00007ffb8fa60000 - 0x00007ffb8fa79000 	C:\Program Files\Java\jdk-16\bin\net.dll
0x00007ffb96de0000 - 0x00007ffb96eec000 	C:\Windows\SYSTEM32\WINHTTP.dll
0x00007ffba05a0000 - 0x00007ffba060a000 	C:\Windows\system32\mswsock.dll
0x00007ffb86cb0000 - 0x00007ffb86cc3000 	C:\Program Files\Java\jdk-16\bin\nio.dll
0x00007ffb848b0000 - 0x00007ffb848c8000 	C:\Program Files\Java\jdk-16\bin\zip.dll
0x00007ffb2c960000 - 0x00007ffb2cae0000 	C:\Program Files\Java\jdk-16\bin\awt.dll
0x00007ffba22b0000 - 0x00007ffba237d000 	C:\Windows\System32\OLEAUT32.dll
0x00007ffb9e380000 - 0x00007ffb9e411000 	C:\Windows\SYSTEM32\apphelp.dll
0x00007ffb9e750000 - 0x00007ffb9e77f000 	C:\Windows\system32\DWMAPI.DLL
0x00007ffb9e550000 - 0x00007ffb9e5ee000 	C:\Windows\system32\uxtheme.dll
0x00007ffb3e140000 - 0x00007ffb3e265000 	C:\Windows\system32\opengl32.dll
0x00007ffb3ec70000 - 0x00007ffb3ec9c000 	C:\Windows\SYSTEM32\GLU32.dll
0x00007ffba2ea0000 - 0x00007ffba2fb5000 	C:\Windows\System32\MSCTF.dll
0x00007ffba1820000 - 0x00007ffba194a000 	C:\Windows\System32\ole32.dll
0x00007ffb92460000 - 0x00007ffb9262e000 	C:\Windows\system32\d3d9.dll
0x00007ffb969b0000 - 0x00007ffb96b8b000 	C:\Windows\System32\DriverStore\FileRepository\u0365645.inf_amd64_6ea274c917f5f2dc\B365437\aticfx64.dll
0x00007ffb50ba0000 - 0x00007ffb50bd3000 	C:\Windows\System32\DriverStore\FileRepository\u0365645.inf_amd64_6ea274c917f5f2dc\B365437\atiu9p64.dll
0x00007ffb4fe90000 - 0x00007ffb50b9c000 	C:\Windows\System32\DriverStore\FileRepository\u0365645.inf_amd64_6ea274c917f5f2dc\B365437\atiumd64.dll
0x0000000058050000 - 0x0000000058f10000 	C:\Windows\System32\DriverStore\FileRepository\u0365645.inf_amd64_6ea274c917f5f2dc\B365437\atiumd6a.dll
0x00007ffba1770000 - 0x00007ffba1797000 	C:\Windows\System32\bcrypt.dll
0x00007ffba0d30000 - 0x00007ffba0d7b000 	C:\Windows\SYSTEM32\POWRPROF.dll
0x00007ffba0d10000 - 0x00007ffba0d22000 	C:\Windows\SYSTEM32\UMPDC.dll
0x00007ffb93820000 - 0x00007ffb9384f000 	C:\Windows\SYSTEM32\amdihk64.dll
0x00007ffb96ce0000 - 0x00007ffb96d1b000 	C:\Windows\SYSTEM32\dxcore.dll
0x00007ffba11b0000 - 0x00007ffba11fe000 	C:\Windows\System32\cfgmgr32.dll
0x00007ffb90c50000 - 0x00007ffb90c60000 	C:\Program Files\Java\jdk-16\bin\verify.dll
0x00007ffb4dbc0000 - 0x00007ffb4dc49000 	C:\Program Files\Java\jdk-16\bin\freetype.dll
0x00007ffb36c70000 - 0x00007ffb36d66000 	C:\Program Files\Java\jdk-16\bin\harfbuzz.dll
0x00007ffb83cd0000 - 0x00007ffb83ce2000 	C:\Program Files\Java\jdk-16\bin\fontmanager.dll
0x00007ffba3640000 - 0x00007ffba36ef000 	C:\Windows\System32\clbcatq.dll
0x00007ffb99dd0000 - 0x00007ffb99f84000 	C:\Windows\SYSTEM32\WindowsCodecs.dll
0x00007ffb8a400000 - 0x00007ffb8a43e000 	C:\Windows\system32\dataexchange.dll
0x00007ffb9d7a0000 - 0x00007ffb9d983000 	C:\Windows\system32\dcomp.dll
0x00007ffb9cf70000 - 0x00007ffb9d1d3000 	C:\Windows\system32\d3d11.dll
0x00007ffb9f780000 - 0x00007ffb9f873000 	C:\Windows\system32\dxgi.dll
0x00007ffb9a060000 - 0x00007ffb9a260000 	C:\Windows\system32\twinapi.appcore.dll
0x00007ffb86a20000 - 0x00007ffb86b19000 	C:\Windows\SYSTEM32\textinputframework.dll
0x00007ffb9d990000 - 0x00007ffb9dcee000 	C:\Windows\System32\CoreUIComponents.dll
0x00007ffb9e150000 - 0x00007ffb9e242000 	C:\Windows\System32\CoreMessaging.dll
0x00007ffb9ffe0000 - 0x00007ffba0013000 	C:\Windows\SYSTEM32\ntmarta.dll
0x00007ffb9c9b0000 - 0x00007ffb9cb04000 	C:\Windows\SYSTEM32\wintypes.dll
0x0000000010000000 - 0x000000001005a000 	C:\JOGLwin\lib64\jogl.dll
0x000000005a3f0000 - 0x000000005a4b9000 	C:\Windows\WinSxS\amd64_microsoft.vc80.crt_1fc8b3b9a1e18e3b_8.0.50727.9672_none_88e266cb2fac7c0d\MSVCR80.dll
0x00007ffb82a70000 - 0x00007ffb82a81000 	C:\Program Files\Java\jdk-16\bin\jsound.dll
0x00007ffb714b0000 - 0x00007ffb7154c000 	C:\Windows\SYSTEM32\DSOUND.dll
0x00007ffb7df90000 - 0x00007ffb7dfb6000 	C:\Windows\SYSTEM32\winmmbase.dll
0x00007ffb98e70000 - 0x00007ffb98ef5000 	C:\Windows\System32\MMDevApi.dll
0x00007ffba0b90000 - 0x00007ffba0bbc000 	C:\Windows\System32\DEVOBJ.dll
0x00007ffb90f20000 - 0x00007ffb90f66000 	C:\Windows\SYSTEM32\wdmaud.drv
0x00007ffb9b0d0000 - 0x00007ffb9b0d9000 	C:\Windows\SYSTEM32\ksuser.dll
0x00007ffb9b3d0000 - 0x00007ffb9b3da000 	C:\Windows\SYSTEM32\AVRT.dll
0x00007ffb98ad0000 - 0x00007ffb98c52000 	C:\Windows\SYSTEM32\AUDIOSES.DLL
0x00007ffb9e120000 - 0x00007ffb9e12d000 	C:\Windows\SYSTEM32\msacm32.drv
0x00007ffb9e0a0000 - 0x00007ffb9e0be000 	C:\Windows\SYSTEM32\MSACM32.dll
0x00007ffb9e090000 - 0x00007ffb9e09b000 	C:\Windows\SYSTEM32\midimap.dll
0x00007ffb9e650000 - 0x00007ffb9e664000 	C:\Windows\SYSTEM32\resourcepolicyclient.dll
0x00007ffb83cf0000 - 0x00007ffb83e31000 	C:\Windows\System32\Windows.UI.dll
0x00007ffb9a5a0000 - 0x00007ffb9a641000 	C:\Windows\System32\WindowManagementAPI.dll
0x00007ffb83e40000 - 0x00007ffb83f92000 	C:\Windows\System32\InputHost.dll
0x00007ffb9c6e0000 - 0x00007ffb9c7d6000 	C:\Windows\System32\PROPSYS.dll
0x00007ffb9b410000 - 0x00007ffb9b417000 	C:\Program Files\Java\jdk-16\bin\jawt.dll
0x0000000000490000 - 0x0000000000497000 	C:\JOGLwin\lib64\jogl_awt.dll
0x00007ffb9a670000 - 0x00007ffb9a767000 	C:\Windows\System32\AppXDeploymentClient.dll
0x00007ffb7bc30000 - 0x00007ffb7bc5a000 	C:\Windows\System32\DriverStore\FileRepository\u0365645.inf_amd64_6ea274c917f5f2dc\B365437\atig6pxx.dll
0x00007ffb02920000 - 0x00007ffb056c5000 	C:\Windows\System32\DriverStore\FileRepository\u0365645.inf_amd64_6ea274c917f5f2dc\B365437\atio6axx.dll
0x00007ffba19b0000 - 0x00007ffba1e18000 	C:\Windows\System32\SETUPAPI.dll
0x00007ffb908e0000 - 0x00007ffb90904000 	C:\Windows\SYSTEM32\dxva2.dll
0x00007ffb70ef0000 - 0x00007ffb70f2c000 	C:\Windows\System32\DriverStore\FileRepository\u0365645.inf_amd64_6ea274c917f5f2dc\B365437\atig6txx.dll
0x00007ffb26f40000 - 0x00007ffb270ff000 	C:\Windows\SYSTEM32\atiadlxx.dll
0x00007ffba17a0000 - 0x00007ffba1809000 	C:\Windows\System32\WINTRUST.dll
0x00007ffba1050000 - 0x00007ffba11a6000 	C:\Windows\System32\CRYPT32.dll
0x00007ffba09d0000 - 0x00007ffba09e2000 	C:\Windows\SYSTEM32\MSASN1.dll
0x00007ffb3f890000 - 0x00007ffb3f9b7000 	C:\Users\MoHamed Temo\AppData\Local\Discord\app-1.0.9008\modules\discord_hook-1\discord_hook\d07f021492a\DiscordHook64.dll
0x00007ffb9cb10000 - 0x00007ffb9cf6d000 	C:\Windows\SYSTEM32\D3DCompiler_47.dll
0x00007ffba07a0000 - 0x00007ffba07b8000 	C:\Windows\SYSTEM32\CRYPTSP.dll
0x00007ffb96740000 - 0x00007ffb96778000 	C:\Windows\System32\DriverStore\FileRepository\u0365645.inf_amd64_6ea274c917f5f2dc\B365437\atiuxp64.dll
0x00007ffb94700000 - 0x00007ffb965fe000 	C:\Windows\System32\DriverStore\FileRepository\u0365645.inf_amd64_6ea274c917f5f2dc\B365437\atidxx64.dll
0x00007ffb93290000 - 0x00007ffb932bb000 	C:\Windows\system32\D3DSCache.dll
0x00007ffba0dc0000 - 0x00007ffba0dee000 	C:\Windows\system32\USERENV.dll

dbghelp: loaded successfully - version: 4.0.5 - missing functions: none
symbol engine: initialized successfully - sym options: 0x614 - pdb path: .;C:\Program Files\Java\jdk-16\bin;C:\Windows\SYSTEM32;C:\Windows\WinSxS\amd64_microsoft.windows.common-controls_6595b64144ccf1df_6.0.19041.1110_none_60b5254171f9507e;C:\Program Files\Java\jdk-16\bin\server;C:\Windows\System32\DriverStore\FileRepository\u0365645.inf_amd64_6ea274c917f5f2dc\B365437;C:\JOGLwin\lib64;C:\Windows\WinSxS\amd64_microsoft.vc80.crt_1fc8b3b9a1e18e3b_8.0.50727.9672_none_88e266cb2fac7c0d;C:\Users\MoHamed Temo\AppData\Local\Discord\app-1.0.9008\modules\discord_hook-1\discord_hook\d07f021492a

VM Arguments:
jvm_args: -Dfile.encoding=UTF-8 -Djava.library.path=C:\JOGLwin\lib64 
java_command: Maze.MazeGameMainMethod
java_class_path (initial): C:\JOGLwin\lib64\gluegen-rt.jar;C:\JOGLwin\lib64\jogl.jar;C:\JOGLwin\lib32\gluegen-rt.jar;C:\JOGLwin\lib32\jogl.jar;D:\Projects\graphics\Maze\build\classes
Launcher Type: SUN_STANDARD

[Global flags]
     intx CICompilerCount                          = 4                                         {product} {ergonomic}
     uint ConcGCThreads                            = 3                                         {product} {ergonomic}
     uint G1ConcRefinementThreads                  = 10                                        {product} {ergonomic}
   size_t G1HeapRegionSize                         = 1048576                                   {product} {ergonomic}
    uintx GCDrainStackTargetSize                   = 64                                        {product} {ergonomic}
   size_t InitialHeapSize                          = 98566144                                  {product} {ergonomic}
   size_t MarkStackSize                            = 4194304                                   {product} {ergonomic}
   size_t MaxHeapSize                              = 1572864000                                {product} {ergonomic}
   size_t MaxNewSize                               = 943718400                                 {product} {ergonomic}
   size_t MinHeapDeltaBytes                        = 1048576                                   {product} {ergonomic}
   size_t MinHeapSize                              = 8388608                                   {product} {ergonomic}
    uintx NonNMethodCodeHeapSize                   = 5839372                                {pd product} {ergonomic}
    uintx NonProfiledCodeHeapSize                  = 122909434                              {pd product} {ergonomic}
    uintx ProfiledCodeHeapSize                     = 122909434                              {pd product} {ergonomic}
    uintx ReservedCodeCacheSize                    = 251658240                              {pd product} {ergonomic}
     bool SegmentedCodeCache                       = true                                      {product} {ergonomic}
   size_t SoftMaxHeapSize                          = 1572864000                             {manageable} {ergonomic}
     bool UseCompressedClassPointers               = true                           {product lp64_product} {ergonomic}
     bool UseCompressedOops                        = true                           {product lp64_product} {ergonomic}
     bool UseG1GC                                  = true                                      {product} {ergonomic}
     bool UseLargePagesIndividualAllocation        = false                                  {pd product} {ergonomic}

Logging:
Log output configuration:
 #0: stdout all=warning uptime,level,tags
 #1: stderr all=off uptime,level,tags

Environment Variables:
PATH=C:\Python311\Scripts\;C:\Python311\;C:\oraclexe\app\oracle\product\11.2.0\server\bin;C:\Program Files (x86)\Common Files\Oracle\Java\javapath;C:\Program Files\Common Files\Oracle\Java\javapath;C:\Windows\system32;C:\Windows;C:\Windows\System32\Wbem;C:\Windows\System32\WindowsPowerShell\v1.0\;C:\Windows\System32\OpenSSH\;C:\Program Files\nodejs\;C:\ProgramData\chocolatey\bin;C:\Program Files\NVIDIA Corporation\NVIDIA NvDLISR;C:\Program Files\dotnet\;C:\Program Files\Git\cmd;C:\Users\MoHamed Temo\AppData\Local\Microsoft\WindowsApps;C:\Users\MoHamed Temo\AppData\Local\Programs\Microsoft VS Code\bin;C:\Program Files\Java\jdk-16\bin;C:\Users\MoHamed Temo\AppData\Roaming\npm;C:\Users\MoHamed Temo\AppData\Local\GitHubDesktop\bin
USERNAME=MoHamedTemo
OS=Windows_NT
PROCESSOR_IDENTIFIER=AMD64 Family 25 Model 80 Stepping 0, AuthenticAMD



---------------  S Y S T E M  ---------------

OS:
 Windows 10 , 64 bit Build 19041 (10.0.19041.2364)
OS uptime: 3 days 2:58 hours

CPU: total 12 (initial active 12) (12 cores per cpu, 2 threads per core) family 25 model 80 stepping 0 microcode 0x0, cx8, cmov, fxsr, ht, mmx, 3dnowpref, sse, sse2, sse3, ssse3, sse4a, sse4.1, sse4.2, popcnt, lzcnt, tsc, tscinvbit, avx, avx2, aes, erms, clmul, bmi1, bmi2, adx, sha, fma, vzeroupper, clflush, clflushopt

Memory: 4k page, system-wide physical 5996M (432M free)
TotalPageFile size 21067M (AvailPageFile size 2510M)
current process WorkingSet (physical memory assigned to process): 1056M, peak: 1075M
current process commit charge ("private bytes"): 3584M, peak: 3584M

vm_info: Java HotSpot(TM) 64-Bit Server VM (16+36-2231) for windows-amd64 JRE (16+36-2231), built on Feb  8 2021 11:43:10 by "mach5one" with MS VC++ 16.7 (VS2019)

END.
